Log file open, 07/16/19 12:51:38
LogWindows: Failed to load 'aqProf.dll' (GetLastError=126)
LogWindows: File 'aqProf.dll' does not exist
LogWindows: Failed to load 'VtuneApi.dll' (GetLastError=126)
LogWindows: File 'VtuneApi.dll' does not exist
LogWindows: Failed to load 'VtuneApi32e.dll' (GetLastError=126)
LogWindows: File 'VtuneApi32e.dll' does not exist
LogConsoleResponse: Display: Failed to find resolution value strings in scalability ini. Falling back to default.
LogInit: Display: Running engine for game: FloorPlanDemo2
LogPakFile: Registered encryption key '00000000000000000000000000000000': 0 pak files mounted, 0 remain pending
LogPlatformFile: Not using cached read wrapper
LogTaskGraph: Started task graph with 5 named threads and 23 total threads with 3 sets of task threads.
LogStats: Stats thread started at 0.402240
LogD3D11RHI: Loaded GFSDK_Aftermath_Lib.x64.dll
LogICUInternationalization: ICU TimeZone Detection - Raw Offset: -5:00, Platform Override: ''
LogPluginManager: Mounting plugin Paper2D
LogPluginManager: Mounting plugin AISupport
LogPluginManager: Mounting plugin LightPropagationVolume
LogPluginManager: Mounting plugin ActorLayerUtilities
LogPluginManager: Mounting plugin AnimationSharing
LogPluginManager: Mounting plugin CLionSourceCodeAccess
LogPluginManager: Mounting plugin CodeLiteSourceCodeAccess
LogPluginManager: Mounting plugin GitSourceControl
LogPluginManager: Mounting plugin KDevelopSourceCodeAccess
LogPluginManager: Mounting plugin NullSourceCodeAccess
LogPluginManager: Mounting plugin PerforceSourceControl
LogPluginManager: Mounting plugin SubversionSourceControl
LogPluginManager: Mounting plugin UObjectPlugin
LogPluginManager: Mounting plugin VisualStudioCodeSourceCodeAccess
LogPluginManager: Mounting plugin VisualStudioSourceCodeAccess
LogPluginManager: Mounting plugin XCodeSourceCodeAccess
LogPluginManager: Mounting plugin AssetManagerEditor
LogPluginManager: Mounting plugin CryptoKeys
LogPluginManager: Mounting plugin DataValidation
LogPluginManager: Mounting plugin EditorScriptingUtilities
LogPluginManager: Mounting plugin FacialAnimation
LogPluginManager: Mounting plugin GameplayTagsEditor
LogPluginManager: Mounting plugin GLTFImporter
LogPluginManager: Mounting plugin MacGraphicsSwitching
LogPluginManager: Mounting plugin MaterialAnalyzer
LogPluginManager: Mounting plugin MeshEditor
LogPluginManager: Mounting plugin MobileLauncherProfileWizard
LogPluginManager: Mounting plugin PluginBrowser
LogPluginManager: Mounting plugin SpeedTreeImporter
LogPluginManager: Mounting plugin DatasmithContent
LogPluginManager: Mounting plugin VariantManagerContent
LogPluginManager: Mounting plugin AlembicImporter
LogPluginManager: Mounting plugin AppleImageUtils
LogPluginManager: Mounting plugin AppleVision
LogPluginManager: Mounting plugin BackChannel
LogPluginManager: Mounting plugin BlastPlugin
LogPluginManager: Mounting plugin ChaosSolverPlugin
LogPluginManager: Mounting plugin CharacterAI
LogPluginManager: Mounting plugin GeometryCache
LogPluginManager: Mounting plugin GeometryCollectionPlugin
LogPluginManager: Mounting plugin HTML5Networking
LogPluginManager: Mounting plugin ProxyLODPlugin
LogPluginManager: Mounting plugin SkeletalReduction
LogPluginManager: Mounting plugin MagicLeap
LogPluginManager: Mounting plugin MagicLeapMedia
LogPluginManager: Mounting plugin AndroidMedia
LogPluginManager: Mounting plugin AvfMedia
LogPluginManager: Mounting plugin ImgMedia
LogPluginManager: Mounting plugin LinearTimecode
LogPluginManager: Mounting plugin MediaCompositing
LogPluginManager: Mounting plugin MediaPlayerEditor
LogPluginManager: Mounting plugin WebMMedia
LogPluginManager: Mounting plugin WmfMedia
LogPluginManager: Mounting plugin TcpMessaging
LogPluginManager: Mounting plugin UdpMessaging
LogPluginManager: Mounting plugin ActorSequence
LogPluginManager: Mounting plugin LevelSequenceEditor
LogPluginManager: Mounting plugin MatineeToLevelSequence
LogPluginManager: Mounting plugin NetcodeUnitTest
LogPluginManager: Mounting plugin NUTUnrealEngine4
LogPluginManager: Mounting plugin OnlineSubsystemGooglePlay
LogPluginManager: Mounting plugin OnlineSubsystemIOS
LogPluginManager: Mounting plugin OnlineSubsystem
LogPluginManager: Mounting plugin OnlineSubsystemNull
LogPluginManager: Mounting plugin OnlineSubsystemUtils
LogPluginManager: Mounting plugin LauncherChunkInstaller
LogPluginManager: Mounting plugin AndroidDeviceProfileSelector
LogPluginManager: Mounting plugin AndroidMoviePlayer
LogPluginManager: Mounting plugin AndroidPermission
LogPluginManager: Mounting plugin AppleMoviePlayer
LogPluginManager: Mounting plugin ArchVisCharacter
LogPluginManager: Mounting plugin AudioCapture
LogPluginManager: Mounting plugin CableComponent
LogPluginManager: Mounting plugin CustomMeshComponent
LogPluginManager: Mounting plugin EditableMesh
LogPluginManager: Mounting plugin ExampleDeviceProfileSelector
LogPluginManager: Mounting plugin Firebase
LogPluginManager: Mounting plugin GoogleCloudMessaging
LogPluginManager: Mounting plugin IOSDeviceProfileSelector
LogPluginManager: Mounting plugin LinuxDeviceProfileSelector
LogPluginManager: Mounting plugin LocationServicesBPLibrary
LogPluginManager: Mounting plugin MobilePatchingUtils
LogPluginManager: Mounting plugin OculusVR
LogPluginManager: Mounting plugin PhysXVehicles
LogPluginManager: Mounting plugin ProceduralMeshComponent
LogPluginManager: Mounting plugin RuntimePhysXCooking
LogPluginManager: Mounting plugin SignificanceManager
LogPluginManager: Mounting plugin SteamVR
LogPluginManager: Mounting plugin WebMMoviePlayer
LogPluginManager: Mounting plugin WindowsMoviePlayer
LogPluginManager: Mounting plugin DatasmithCADImporter
LogPluginManager: Mounting plugin DatasmithDataPrepEditor
LogPluginManager: Mounting plugin DatasmithFBXImporter
LogPluginManager: Mounting plugin DatasmithGLTFImporter
LogPluginManager: Mounting plugin DatasmithImporter
LogPluginManager: Mounting plugin MDLImporter
LogPluginManager: Mounting plugin StaticMeshEditorExtension
LogPluginManager: Mounting plugin VariantManager
LogInit: Using libcurl 7.55.1-DEV
LogInit:  - built for x86_64-pc-win32
LogInit:  - supports SSL with OpenSSL/1.1.1
LogInit:  - supports HTTP deflate (compression) using libz 1.2.8
LogInit:  - other features:
LogInit:      CURL_VERSION_SSL
LogInit:      CURL_VERSION_LIBZ
LogInit:      CURL_VERSION_IPV6
LogInit:      CURL_VERSION_ASYNCHDNS
LogInit:      CURL_VERSION_LARGEFILE
LogInit:      CURL_VERSION_IDN
LogInit:  CurlRequestOptions (configurable via config and command line):
LogInit:  - bVerifyPeer = true  - Libcurl will verify peer certificate
LogInit:  - bUseHttpProxy = false  - Libcurl will NOT use HTTP proxy
LogInit:  - bDontReuseConnections = false  - Libcurl will reuse connections
LogInit:  - MaxHostConnections = 16  - Libcurl will limit the number of connections to a host
LogInit:  - LocalHostAddr = Default
LogInit:  - BufferSize = 65536
LogInit: WinSock: version 1.1 (2.2), MaxSocks=32767, MaxUdp=65467
LogInit: Build: ++UE4+Release-4.22-CL-7053642
LogInit: Engine Version: 4.22.3-7053642+++UE4+Release-4.22
LogInit: Compatible Engine Version: 4.22.0-5660361+++UE4+Release-4.22
LogInit: Net CL: 5660361
LogInit: OS: Windows 10 (Release 1809) (), CPU: Intel(R) Core(TM) i7-7700HQ CPU @ 2.80GHz, GPU: Intel(R) HD Graphics 630
LogInit: Compiled (64-bit): Jun 18 2019 03:09:11
LogInit: Compiled with Visual C++: 19.16.27025.01
LogInit: Build Configuration: Development
LogInit: Branch Name: ++UE4+Release-4.22
LogInit: Command Line: 
LogInit: Base Directory: C:/Program Files/Epic Games/UE_4.22/Engine/Binaries/Win64/
LogInit: Installed Engine Build: 1
LogDevObjectVersion: Number of dev versions registered: 23
LogDevObjectVersion:   Dev-Blueprints (B0D832E4-1F89-4F0D-ACCF-7EB736FD4AA2): 10
LogDevObjectVersion:   Dev-Build (E1C64328-A22C-4D53-A36C-8E866417BD8C): 0
LogDevObjectVersion:   Dev-Core (375EC13C-06E4-48FB-B500-84F0262A717E): 3
LogDevObjectVersion:   Dev-Editor (E4B068ED-F494-42E9-A231-DA0B2E46BB41): 30
LogDevObjectVersion:   Dev-Framework (CFFC743F-43B0-4480-9391-14DF171D2073): 35
LogDevObjectVersion:   Dev-Mobile (B02B49B5-BB20-44E9-A304-32B752E40360): 2
LogDevObjectVersion:   Dev-Networking (A4E4105C-59A1-49B5-A7C5-40C4547EDFEE): 0
LogDevObjectVersion:   Dev-Online (39C831C9-5AE6-47DC-9A44-9C173E1C8E7C): 0
LogDevObjectVersion:   Dev-Physics (78F01B33-EBEA-4F98-B9B4-84EACCB95AA2): 0
LogDevObjectVersion:   Dev-Platform (6631380F-2D4D-43E0-8009-CF276956A95A): 0
LogDevObjectVersion:   Dev-Rendering (12F88B9F-8875-4AFC-A67C-D90C383ABD29): 28
LogDevObjectVersion:   Dev-Sequencer (7B5AE74C-D270-4C10-A958-57980B212A5A): 11
LogDevObjectVersion:   Dev-VR (D7296918-1DD6-4BDD-9DE2-64A83CC13884): 2
LogDevObjectVersion:   Dev-LoadTimes (C2A15278-BFE7-4AFE-6C17-90FF531DF755): 1
LogDevObjectVersion:   Private-Geometry (6EACA3D4-40EC-4CC1-B786-8BED09428FC5): 3
LogDevObjectVersion:   Dev-AnimPhys (29E575DD-E0A3-4627-9D10-D276232CDCEA): 17
LogDevObjectVersion:   Dev-Anim (AF43A65D-7FD3-4947-9873-3E8ED9C1BB05): 2
LogDevObjectVersion:   Dev-ReflectionCapture (6B266CEC-1EC7-4B8F-A30B-E4D90942FC07): 1
LogDevObjectVersion:   Dev-Automation (0DF73D61-A23F-47EA-B727-89E90C41499A): 1
LogDevObjectVersion:   FortniteMain (601D1886-AC64-4F84-AA16-D3DE0DEAC7D6): 25
LogDevObjectVersion:   Dev-Enterprise (9DFFBCD6-494F-0158-E221-12823C92A888): 6
LogDevObjectVersion:   Dev-Niagara (F2AED0AC-9AFE-416F-8664-AA7FFA26D6FC): 1
LogDevObjectVersion:   Dev-Destruction (174F1F0B-B4C6-45A5-B13F-2EE8D0FB917D): 2
LogInit: Presizing for max 16777216 objects, including 0 objects not considered by GC, pre-allocating 0 bytes for permanent pool.
LogInit: Object subsystem initialized
LogConfig: Setting CVar [[con.DebugEarlyDefault:1]]
LogConfig: Setting CVar [[r.setres:1280x720]]
[2019.07.16-16.51.39:602][  0]LogConfig: Setting CVar [[r.VSync:0]]
[2019.07.16-16.51.39:602][  0]LogConfig: Setting CVar [[r.RHICmdBypass:0]]
[2019.07.16-16.51.39:602][  0]LogConfig: Applying CVar settings from Section [/Script/Engine.RendererSettings] File [C:/Users/carla/Desktop/GitHub/FloorPlan/FloorPlanDemo2 4.22/Saved/Config/Windows/Engine.ini]
[2019.07.16-16.51.39:602][  0]LogConfig: Setting CVar [[r.GPUCrashDebugging:0]]
[2019.07.16-16.51.39:602][  0]LogConfig: Applying CVar settings from Section [/Script/Engine.RendererOverrideSettings] File [C:/Users/carla/Desktop/GitHub/FloorPlan/FloorPlanDemo2 4.22/Saved/Config/Windows/Engine.ini]
[2019.07.16-16.51.39:602][  0]LogConfig: Applying CVar settings from Section [/Script/Engine.StreamingSettings] File [C:/Users/carla/Desktop/GitHub/FloorPlan/FloorPlanDemo2 4.22/Saved/Config/Windows/Engine.ini]
[2019.07.16-16.51.39:602][  0]LogConfig: Setting CVar [[s.MinBulkDataSizeForAsyncLoading:131072]]
[2019.07.16-16.51.39:602][  0]LogConfig: Setting CVar [[s.AsyncLoadingThreadEnabled:0]]
[2019.07.16-16.51.39:602][  0]LogConfig: Setting CVar [[s.EventDrivenLoaderEnabled:1]]
[2019.07.16-16.51.39:602][  0]LogConfig: Setting CVar [[s.WarnIfTimeLimitExceeded:0]]
[2019.07.16-16.51.39:602][  0]LogConfig: Setting CVar [[s.TimeLimitExceededMultiplier:1.5]]
[2019.07.16-16.51.39:602][  0]LogConfig: Setting CVar [[s.TimeLimitExceededMinTime:0.005]]
[2019.07.16-16.51.39:602][  0]LogConfig: Setting CVar [[s.UseBackgroundLevelStreaming:1]]
[2019.07.16-16.51.39:602][  0]LogConfig: Setting CVar [[s.PriorityAsyncLoadingExtraTime:15.0]]
[2019.07.16-16.51.39:602][  0]LogConfig: Setting CVar [[s.LevelStreamingActorsUpdateTimeLimit:5.0]]
[2019.07.16-16.51.39:602][  0]LogConfig: Setting CVar [[s.PriorityLevelStreamingActorsUpdateExtraTime:5.0]]
[2019.07.16-16.51.39:602][  0]LogConfig: Setting CVar [[s.LevelStreamingComponentsRegistrationGranularity:10]]
[2019.07.16-16.51.39:602][  0]LogConfig: Setting CVar [[s.UnregisterComponentsTimeLimit:1.0]]
[2019.07.16-16.51.39:602][  0]LogConfig: Setting CVar [[s.LevelStreamingComponentsUnregistrationGranularity:5]]
[2019.07.16-16.51.39:602][  0]LogConfig: Applying CVar settings from Section [/Script/Engine.GarbageCollectionSettings] File [C:/Users/carla/Desktop/GitHub/FloorPlan/FloorPlanDemo2 4.22/Saved/Config/Windows/Engine.ini]
[2019.07.16-16.51.39:602][  0]LogConfig: Setting CVar [[gc.MaxObjectsNotConsideredByGC:1]]
[2019.07.16-16.51.39:602][  0]LogConfig: Setting CVar [[gc.SizeOfPermanentObjectPool:0]]
[2019.07.16-16.51.39:602][  0]LogConfig: Setting CVar [[gc.FlushStreamingOnGC:0]]
[2019.07.16-16.51.39:602][  0]LogConfig: Setting CVar [[gc.NumRetriesBeforeForcingGC:10]]
[2019.07.16-16.51.39:602][  0]LogConfig: Setting CVar [[gc.AllowParallelGC:1]]
[2019.07.16-16.51.39:602][  0]LogConfig: Setting CVar [[gc.TimeBetweenPurgingPendingKillObjects:61.1]]
[2019.07.16-16.51.39:602][  0]LogConfig: Setting CVar [[gc.MaxObjectsInEditor:16777216]]
[2019.07.16-16.51.39:602][  0]LogConfig: Setting CVar [[gc.IncrementalBeginDestroyEnabled:1]]
[2019.07.16-16.51.39:602][  0]LogConfig: Setting CVar [[gc.CreateGCClusters:1]]
[2019.07.16-16.51.39:602][  0]LogConfig: Setting CVar [[gc.MinGCClusterSize:5]]
[2019.07.16-16.51.39:602][  0]LogConfig: Setting CVar [[gc.ActorClusteringEnabled:0]]
[2019.07.16-16.51.39:602][  0]LogConfig: Setting CVar [[gc.BlueprintClusteringEnabled:0]]
[2019.07.16-16.51.39:602][  0]LogConfig: Setting CVar [[gc.UseDisregardForGCOnDedicatedServers:0]]
[2019.07.16-16.51.39:603][  0]LogConfig: Applying CVar settings from Section [/Script/Engine.NetworkSettings] File [C:/Users/carla/Desktop/GitHub/FloorPlan/FloorPlanDemo2 4.22/Saved/Config/Windows/Engine.ini]
[2019.07.16-16.51.39:603][  0]LogConfig: Applying CVar settings from Section [/Script/UnrealEd.CookerSettings] File [C:/Users/carla/Desktop/GitHub/FloorPlan/FloorPlanDemo2 4.22/Saved/Config/Windows/Engine.ini]
[2019.07.16-16.51.39:611][  0]LogConfig: Applying CVar settings from Section [ViewDistanceQuality@3] File [C:/Users/carla/Desktop/GitHub/FloorPlan/FloorPlanDemo2 4.22/Saved/Config/Windows/Scalability.ini]
[2019.07.16-16.51.39:611][  0]LogConfig: Setting CVar [[r.SkeletalMeshLODBias:0]]
[2019.07.16-16.51.39:611][  0]LogConfig: Setting CVar [[r.ViewDistanceScale:1.0]]
[2019.07.16-16.51.39:611][  0]LogConfig: Applying CVar settings from Section [AntiAliasingQuality@3] File [C:/Users/carla/Desktop/GitHub/FloorPlan/FloorPlanDemo2 4.22/Saved/Config/Windows/Scalability.ini]
[2019.07.16-16.51.39:611][  0]LogConfig: Setting CVar [[r.PostProcessAAQuality:4]]
[2019.07.16-16.51.39:611][  0]LogConfig: Applying CVar settings from Section [ShadowQuality@3] File [C:/Users/carla/Desktop/GitHub/FloorPlan/FloorPlanDemo2 4.22/Saved/Config/Windows/Scalability.ini]
[2019.07.16-16.51.39:611][  0]LogConfig: Setting CVar [[r.LightFunctionQuality:1]]
[2019.07.16-16.51.39:611][  0]LogConfig: Setting CVar [[r.ShadowQuality:5]]
[2019.07.16-16.51.39:611][  0]LogConfig: Setting CVar [[r.Shadow.CSM.MaxCascades:10]]
[2019.07.16-16.51.39:611][  0]LogConfig: Setting CVar [[r.Shadow.MaxResolution:2048]]
[2019.07.16-16.51.39:611][  0]LogConfig: Setting CVar [[r.Shadow.MaxCSMResolution:2048]]
[2019.07.16-16.51.39:611][  0]LogConfig: Setting CVar [[r.Shadow.RadiusThreshold:0.01]]
[2019.07.16-16.51.39:611][  0]LogConfig: Setting CVar [[r.Shadow.DistanceScale:1.0]]
[2019.07.16-16.51.39:611][  0]LogConfig: Setting CVar [[r.Shadow.CSM.TransitionScale:1.0]]
[2019.07.16-16.51.39:611][  0]LogConfig: Setting CVar [[r.Shadow.PreShadowResolutionFactor:1.0]]
[2019.07.16-16.51.39:611][  0]LogConfig: Setting CVar [[r.DistanceFieldShadowing:1]]
[2019.07.16-16.51.39:611][  0]LogConfig: Setting CVar [[r.DistanceFieldAO:1]]
[2019.07.16-16.51.39:611][  0]LogConfig: Setting CVar [[r.AOQuality:2]]
[2019.07.16-16.51.39:612][  0]LogConfig: Setting CVar [[r.VolumetricFog:1]]
[2019.07.16-16.51.39:612][  0]LogConfig: Setting CVar [[r.VolumetricFog.GridPixelSize:8]]
[2019.07.16-16.51.39:612][  0]LogConfig: Setting CVar [[r.VolumetricFog.GridSizeZ:128]]
[2019.07.16-16.51.39:612][  0]LogConfig: Setting CVar [[r.VolumetricFog.HistoryMissSupersampleCount:4]]
[2019.07.16-16.51.39:612][  0]LogConfig: Setting CVar [[r.LightMaxDrawDistanceScale:1]]
[2019.07.16-16.51.39:612][  0]LogConfig: Setting CVar [[r.CapsuleShadows:1]]
[2019.07.16-16.51.39:612][  0]LogConfig: Applying CVar settings from Section [PostProcessQuality@3] File [C:/Users/carla/Desktop/GitHub/FloorPlan/FloorPlanDemo2 4.22/Saved/Config/Windows/Scalability.ini]
[2019.07.16-16.51.39:612][  0]LogConfig: Setting CVar [[r.MotionBlurQuality:4]]
[2019.07.16-16.51.39:612][  0]LogConfig: Setting CVar [[r.AmbientOcclusionMipLevelFactor:0.4]]
[2019.07.16-16.51.39:612][  0]LogConfig: Setting CVar [[r.AmbientOcclusionMaxQuality:100]]
[2019.07.16-16.51.39:612][  0]LogConfig: Setting CVar [[r.AmbientOcclusionLevels:-1]]
[2019.07.16-16.51.39:612][  0]LogConfig: Setting CVar [[r.AmbientOcclusionRadiusScale:1.0]]
[2019.07.16-16.51.39:612][  0]LogConfig: Setting CVar [[r.DepthOfFieldQuality:2]]
[2019.07.16-16.51.39:612][  0]LogConfig: Setting CVar [[r.RenderTargetPoolMin:400]]
[2019.07.16-16.51.39:612][  0]LogConfig: Setting CVar [[r.LensFlareQuality:2]]
[2019.07.16-16.51.39:612][  0]LogConfig: Setting CVar [[r.SceneColorFringeQuality:1]]
[2019.07.16-16.51.39:612][  0]LogConfig: Setting CVar [[r.EyeAdaptationQuality:2]]
[2019.07.16-16.51.39:612][  0]LogConfig: Setting CVar [[r.BloomQuality:5]]
[2019.07.16-16.51.39:612][  0]LogConfig: Setting CVar [[r.FastBlurThreshold:100]]
[2019.07.16-16.51.39:612][  0]LogConfig: Setting CVar [[r.Upscale.Quality:3]]
[2019.07.16-16.51.39:612][  0]LogConfig: Setting CVar [[r.Tonemapper.GrainQuantization:1]]
[2019.07.16-16.51.39:613][  0]LogConfig: Setting CVar [[r.LightShaftQuality:1]]
[2019.07.16-16.51.39:613][  0]LogConfig: Setting CVar [[r.Filter.SizeScale:1]]
[2019.07.16-16.51.39:613][  0]LogConfig: Setting CVar [[r.Tonemapper.Quality:5]]
[2019.07.16-16.51.39:613][  0]LogConfig: Setting CVar [[r.DOF.Gather.AccumulatorQuality:1        ; higher gathering accumulator quality]]
[2019.07.16-16.51.39:613][  0]LogConfig: Setting CVar [[r.DOF.Gather.PostfilterMethod:1          ; Median3x3 postfilering method]]
[2019.07.16-16.51.39:613][  0]LogConfig: Setting CVar [[r.DOF.Gather.EnableBokehSettings:0       ; no bokeh simulation when gathering]]
[2019.07.16-16.51.39:613][  0]LogConfig: Setting CVar [[r.DOF.Gather.RingCount:4                 ; medium number of samples when gathering]]
[2019.07.16-16.51.39:613][  0]LogConfig: Setting CVar [[r.DOF.Scatter.ForegroundCompositing:1    ; additive foreground scattering]]
[2019.07.16-16.51.39:613][  0]LogConfig: Setting CVar [[r.DOF.Scatter.BackgroundCompositing:2    ; additive background scattering]]
[2019.07.16-16.51.39:613][  0]LogConfig: Setting CVar [[r.DOF.Scatter.EnableBokehSettings:1      ; bokeh simulation when scattering]]
[2019.07.16-16.51.39:613][  0]LogConfig: Setting CVar [[r.DOF.Scatter.MaxSpriteRatio:0.1         ; only a maximum of 10% of scattered bokeh]]
[2019.07.16-16.51.39:613][  0]LogConfig: Setting CVar [[r.DOF.Recombine.Quality:1                ; cheap slight out of focus]]
[2019.07.16-16.51.39:613][  0]LogConfig: Setting CVar [[r.DOF.Recombine.EnableBokehSettings:0    ; no bokeh simulation on slight out of focus]]
[2019.07.16-16.51.39:613][  0]LogConfig: Setting CVar [[r.DOF.TemporalAAQuality:1                ; more stable temporal accumulation]]
[2019.07.16-16.51.39:613][  0]LogConfig: Setting CVar [[r.DOF.Kernel.MaxForegroundRadius:0.025]]
[2019.07.16-16.51.39:613][  0]LogConfig: Setting CVar [[r.DOF.Kernel.MaxBackgroundRadius:0.025]]
[2019.07.16-16.51.39:613][  0]LogConfig: Applying CVar settings from Section [TextureQuality@3] File [C:/Users/carla/Desktop/GitHub/FloorPlan/FloorPlanDemo2 4.22/Saved/Config/Windows/Scalability.ini]
[2019.07.16-16.51.39:613][  0]LogConfig: Setting CVar [[r.Streaming.MipBias:0]]
[2019.07.16-16.51.39:613][  0]LogConfig: Setting CVar [[r.Streaming.AmortizeCPUToGPUCopy:0]]
[2019.07.16-16.51.39:614][  0]LogConfig: Setting CVar [[r.Streaming.MaxNumTexturesToStreamPerFrame:0]]
[2019.07.16-16.51.39:614][  0]LogConfig: Setting CVar [[r.Streaming.Boost:1]]
[2019.07.16-16.51.39:614][  0]LogConfig: Setting CVar [[r.MaxAnisotropy:8]]
[2019.07.16-16.51.39:614][  0]LogConfig: Setting CVar [[r.Streaming.LimitPoolSizeToVRAM:0]]
[2019.07.16-16.51.39:614][  0]LogConfig: Setting CVar [[r.Streaming.PoolSize:1000]]
[2019.07.16-16.51.39:614][  0]LogConfig: Setting CVar [[r.Streaming.MaxEffectiveScreenSize:0]]
[2019.07.16-16.51.39:614][  0]LogConfig: Applying CVar settings from Section [EffectsQuality@3] File [C:/Users/carla/Desktop/GitHub/FloorPlan/FloorPlanDemo2 4.22/Saved/Config/Windows/Scalability.ini]
[2019.07.16-16.51.39:614][  0]LogConfig: Setting CVar [[r.TranslucencyLightingVolumeDim:64]]
[2019.07.16-16.51.39:614][  0]LogConfig: Setting CVar [[r.RefractionQuality:2]]
[2019.07.16-16.51.39:614][  0]LogConfig: Setting CVar [[r.SSR.Quality:3]]
[2019.07.16-16.51.39:614][  0]LogConfig: Setting CVar [[r.SceneColorFormat:4]]
[2019.07.16-16.51.39:614][  0]LogConfig: Setting CVar [[r.DetailMode:2]]
[2019.07.16-16.51.39:614][  0]LogConfig: Setting CVar [[r.TranslucencyVolumeBlur:1]]
[2019.07.16-16.51.39:614][  0]LogConfig: Setting CVar [[r.MaterialQualityLevel:1 ; High quality]]
[2019.07.16-16.51.39:614][  0]LogConfig: Setting CVar [[r.SSS.Scale:1]]
[2019.07.16-16.51.39:614][  0]LogConfig: Setting CVar [[r.SSS.SampleSet:2]]
[2019.07.16-16.51.39:614][  0]LogConfig: Setting CVar [[r.SSS.Quality:1]]
[2019.07.16-16.51.39:614][  0]LogConfig: Setting CVar [[r.SSS.HalfRes:1]]
[2019.07.16-16.51.39:614][  0]LogConfig: Setting CVar [[r.EmitterSpawnRateScale:1.0]]
[2019.07.16-16.51.39:614][  0]LogConfig: Setting CVar [[r.ParticleLightQuality:2]]
[2019.07.16-16.51.39:615][  0]LogConfig: Applying CVar settings from Section [FoliageQuality@3] File [C:/Users/carla/Desktop/GitHub/FloorPlan/FloorPlanDemo2 4.22/Saved/Config/Windows/Scalability.ini]
[2019.07.16-16.51.39:615][  0]LogConfig: Setting CVar [[foliage.DensityScale:1.0]]
[2019.07.16-16.51.39:615][  0]LogConfig: Setting CVar [[grass.DensityScale:1.0]]
[2019.07.16-16.51.39:615][  0]LogInit: Selected Device Profile: [Windows]
[2019.07.16-16.51.39:615][  0]LogInit: Applying CVar settings loaded from the selected device profile: [Windows]
[2019.07.16-16.51.39:698][  0]LogHAL: Display: Platform has ~ 12 GB [12764549120 / 17179869184 / 12], which maps to Larger [LargestMinGB=32, LargerMinGB=12, DefaultMinGB=8, SmallerMinGB=6, SmallestMinGB=0)
[2019.07.16-16.51.39:699][  0]LogConfig: Setting CVar [[r.Vulkan.UseRealUBs:0		; Required until we fix HLR fall-out]]
[2019.07.16-16.51.39:699][  0]LogInit: Going up to parent DeviceProfile []
[2019.07.16-16.51.39:699][  0]LogConfig: Applying CVar settings from Section [ViewDistanceQuality@3] File [C:/Users/carla/Desktop/GitHub/FloorPlan/FloorPlanDemo2 4.22/Saved/Config/Windows/Scalability.ini]
[2019.07.16-16.51.39:699][  0]LogConfig: Setting CVar [[r.SkeletalMeshLODBias:0]]
[2019.07.16-16.51.39:699][  0]LogConfig: Setting CVar [[r.ViewDistanceScale:1.0]]
[2019.07.16-16.51.39:699][  0]LogConfig: Applying CVar settings from Section [AntiAliasingQuality@3] File [C:/Users/carla/Desktop/GitHub/FloorPlan/FloorPlanDemo2 4.22/Saved/Config/Windows/Scalability.ini]
[2019.07.16-16.51.39:699][  0]LogConfig: Setting CVar [[r.PostProcessAAQuality:4]]
[2019.07.16-16.51.39:699][  0]LogConfig: Applying CVar settings from Section [ShadowQuality@3] File [C:/Users/carla/Desktop/GitHub/FloorPlan/FloorPlanDemo2 4.22/Saved/Config/Windows/Scalability.ini]
[2019.07.16-16.51.39:699][  0]LogConfig: Setting CVar [[r.LightFunctionQuality:1]]
[2019.07.16-16.51.39:699][  0]LogConfig: Setting CVar [[r.ShadowQuality:5]]
[2019.07.16-16.51.39:700][  0]LogConfig: Setting CVar [[r.Shadow.CSM.MaxCascades:10]]
[2019.07.16-16.51.39:700][  0]LogConfig: Setting CVar [[r.Shadow.MaxResolution:2048]]
[2019.07.16-16.51.39:700][  0]LogConfig: Setting CVar [[r.Shadow.MaxCSMResolution:2048]]
[2019.07.16-16.51.39:700][  0]LogConfig: Setting CVar [[r.Shadow.RadiusThreshold:0.01]]
[2019.07.16-16.51.39:700][  0]LogConfig: Setting CVar [[r.Shadow.DistanceScale:1.0]]
[2019.07.16-16.51.39:700][  0]LogConfig: Setting CVar [[r.Shadow.CSM.TransitionScale:1.0]]
[2019.07.16-16.51.39:700][  0]LogConfig: Setting CVar [[r.Shadow.PreShadowResolutionFactor:1.0]]
[2019.07.16-16.51.39:700][  0]LogConfig: Setting CVar [[r.DistanceFieldShadowing:1]]
[2019.07.16-16.51.39:700][  0]LogConfig: Setting CVar [[r.DistanceFieldAO:1]]
[2019.07.16-16.51.39:700][  0]LogConfig: Setting CVar [[r.AOQuality:2]]
[2019.07.16-16.51.39:700][  0]LogConfig: Setting CVar [[r.VolumetricFog:1]]
[2019.07.16-16.51.39:700][  0]LogConfig: Setting CVar [[r.VolumetricFog.GridPixelSize:8]]
[2019.07.16-16.51.39:700][  0]LogConfig: Setting CVar [[r.VolumetricFog.GridSizeZ:128]]
[2019.07.16-16.51.39:700][  0]LogConfig: Setting CVar [[r.VolumetricFog.HistoryMissSupersampleCount:4]]
[2019.07.16-16.51.39:700][  0]LogConfig: Setting CVar [[r.LightMaxDrawDistanceScale:1]]
[2019.07.16-16.51.39:700][  0]LogConfig: Setting CVar [[r.CapsuleShadows:1]]
[2019.07.16-16.51.39:700][  0]LogConfig: Applying CVar settings from Section [PostProcessQuality@3] File [C:/Users/carla/Desktop/GitHub/FloorPlan/FloorPlanDemo2 4.22/Saved/Config/Windows/Scalability.ini]
[2019.07.16-16.51.39:700][  0]LogConfig: Setting CVar [[r.MotionBlurQuality:4]]
[2019.07.16-16.51.39:700][  0]LogConfig: Setting CVar [[r.AmbientOcclusionMipLevelFactor:0.4]]
[2019.07.16-16.51.39:700][  0]LogConfig: Setting CVar [[r.AmbientOcclusionMaxQuality:100]]
[2019.07.16-16.51.39:700][  0]LogConfig: Setting CVar [[r.AmbientOcclusionLevels:-1]]
[2019.07.16-16.51.39:701][  0]LogConfig: Setting CVar [[r.AmbientOcclusionRadiusScale:1.0]]
[2019.07.16-16.51.39:701][  0]LogConfig: Setting CVar [[r.DepthOfFieldQuality:2]]
[2019.07.16-16.51.39:701][  0]LogConfig: Setting CVar [[r.RenderTargetPoolMin:400]]
[2019.07.16-16.51.39:701][  0]LogConfig: Setting CVar [[r.LensFlareQuality:2]]
[2019.07.16-16.51.39:701][  0]LogConfig: Setting CVar [[r.SceneColorFringeQuality:1]]
[2019.07.16-16.51.39:701][  0]LogConfig: Setting CVar [[r.EyeAdaptationQuality:2]]
[2019.07.16-16.51.39:701][  0]LogConfig: Setting CVar [[r.BloomQuality:5]]
[2019.07.16-16.51.39:701][  0]LogConfig: Setting CVar [[r.FastBlurThreshold:100]]
[2019.07.16-16.51.39:701][  0]LogConfig: Setting CVar [[r.Upscale.Quality:3]]
[2019.07.16-16.51.39:701][  0]LogConfig: Setting CVar [[r.Tonemapper.GrainQuantization:1]]
[2019.07.16-16.51.39:701][  0]LogConfig: Setting CVar [[r.LightShaftQuality:1]]
[2019.07.16-16.51.39:701][  0]LogConfig: Setting CVar [[r.Filter.SizeScale:1]]
[2019.07.16-16.51.39:701][  0]LogConfig: Setting CVar [[r.Tonemapper.Quality:5]]
[2019.07.16-16.51.39:701][  0]LogConfig: Setting CVar [[r.DOF.Gather.AccumulatorQuality:1        ; higher gathering accumulator quality]]
[2019.07.16-16.51.39:701][  0]LogConfig: Setting CVar [[r.DOF.Gather.PostfilterMethod:1          ; Median3x3 postfilering method]]
[2019.07.16-16.51.39:701][  0]LogConfig: Setting CVar [[r.DOF.Gather.EnableBokehSettings:0       ; no bokeh simulation when gathering]]
[2019.07.16-16.51.39:701][  0]LogConfig: Setting CVar [[r.DOF.Gather.RingCount:4                 ; medium number of samples when gathering]]
[2019.07.16-16.51.39:701][  0]LogConfig: Setting CVar [[r.DOF.Scatter.ForegroundCompositing:1    ; additive foreground scattering]]
[2019.07.16-16.51.39:701][  0]LogConfig: Setting CVar [[r.DOF.Scatter.BackgroundCompositing:2    ; additive background scattering]]
[2019.07.16-16.51.39:701][  0]LogConfig: Setting CVar [[r.DOF.Scatter.EnableBokehSettings:1      ; bokeh simulation when scattering]]
[2019.07.16-16.51.39:701][  0]LogConfig: Setting CVar [[r.DOF.Scatter.MaxSpriteRatio:0.1         ; only a maximum of 10% of scattered bokeh]]
[2019.07.16-16.51.39:701][  0]LogConfig: Setting CVar [[r.DOF.Recombine.Quality:1                ; cheap slight out of focus]]
[2019.07.16-16.51.39:701][  0]LogConfig: Setting CVar [[r.DOF.Recombine.EnableBokehSettings:0    ; no bokeh simulation on slight out of focus]]
[2019.07.16-16.51.39:702][  0]LogConfig: Setting CVar [[r.DOF.TemporalAAQuality:1                ; more stable temporal accumulation]]
[2019.07.16-16.51.39:702][  0]LogConfig: Setting CVar [[r.DOF.Kernel.MaxForegroundRadius:0.025]]
[2019.07.16-16.51.39:702][  0]LogConfig: Setting CVar [[r.DOF.Kernel.MaxBackgroundRadius:0.025]]
[2019.07.16-16.51.39:702][  0]LogConfig: Applying CVar settings from Section [TextureQuality@3] File [C:/Users/carla/Desktop/GitHub/FloorPlan/FloorPlanDemo2 4.22/Saved/Config/Windows/Scalability.ini]
[2019.07.16-16.51.39:702][  0]LogConfig: Setting CVar [[r.Streaming.MipBias:0]]
[2019.07.16-16.51.39:702][  0]LogConfig: Setting CVar [[r.Streaming.AmortizeCPUToGPUCopy:0]]
[2019.07.16-16.51.39:702][  0]LogConfig: Setting CVar [[r.Streaming.MaxNumTexturesToStreamPerFrame:0]]
[2019.07.16-16.51.39:702][  0]LogConfig: Setting CVar [[r.Streaming.Boost:1]]
[2019.07.16-16.51.39:702][  0]LogConfig: Setting CVar [[r.MaxAnisotropy:8]]
[2019.07.16-16.51.39:702][  0]LogConfig: Setting CVar [[r.Streaming.LimitPoolSizeToVRAM:0]]
[2019.07.16-16.51.39:702][  0]LogConfig: Setting CVar [[r.Streaming.PoolSize:1000]]
[2019.07.16-16.51.39:702][  0]LogConfig: Setting CVar [[r.Streaming.MaxEffectiveScreenSize:0]]
[2019.07.16-16.51.39:702][  0]LogConfig: Applying CVar settings from Section [EffectsQuality@3] File [C:/Users/carla/Desktop/GitHub/FloorPlan/FloorPlanDemo2 4.22/Saved/Config/Windows/Scalability.ini]
[2019.07.16-16.51.39:702][  0]LogConfig: Setting CVar [[r.TranslucencyLightingVolumeDim:64]]
[2019.07.16-16.51.39:702][  0]LogConfig: Setting CVar [[r.RefractionQuality:2]]
[2019.07.16-16.51.39:702][  0]LogConfig: Setting CVar [[r.SSR.Quality:3]]
[2019.07.16-16.51.39:703][  0]LogConfig: Setting CVar [[r.SceneColorFormat:4]]
[2019.07.16-16.51.39:703][  0]LogConfig: Setting CVar [[r.DetailMode:2]]
[2019.07.16-16.51.39:703][  0]LogConfig: Setting CVar [[r.TranslucencyVolumeBlur:1]]
[2019.07.16-16.51.39:703][  0]LogConfig: Setting CVar [[r.MaterialQualityLevel:1 ; High quality]]
[2019.07.16-16.51.39:703][  0]LogConfig: Setting CVar [[r.SSS.Scale:1]]
[2019.07.16-16.51.39:703][  0]LogConfig: Setting CVar [[r.SSS.SampleSet:2]]
[2019.07.16-16.51.39:703][  0]LogConfig: Setting CVar [[r.SSS.Quality:1]]
[2019.07.16-16.51.39:703][  0]LogConfig: Setting CVar [[r.SSS.HalfRes:1]]
[2019.07.16-16.51.39:703][  0]LogConfig: Setting CVar [[r.EmitterSpawnRateScale:1.0]]
[2019.07.16-16.51.39:703][  0]LogConfig: Setting CVar [[r.ParticleLightQuality:2]]
[2019.07.16-16.51.39:703][  0]LogConfig: Applying CVar settings from Section [FoliageQuality@3] File [C:/Users/carla/Desktop/GitHub/FloorPlan/FloorPlanDemo2 4.22/Saved/Config/Windows/Scalability.ini]
[2019.07.16-16.51.39:703][  0]LogConfig: Setting CVar [[foliage.DensityScale:1.0]]
[2019.07.16-16.51.39:703][  0]LogConfig: Setting CVar [[grass.DensityScale:1.0]]
[2019.07.16-16.51.39:703][  0]LogConfig: Applying CVar settings from Section [Startup] File [../../../Engine/Config/ConsoleVariables.ini]
[2019.07.16-16.51.39:720][  0]LogConfig: Setting CVar [[net.UseAdaptiveNetUpdateFrequency:0]]
[2019.07.16-16.51.39:720][  0]LogConfig: Setting CVar [[p.chaos.AllowCreatePhysxBodies:1]]
[2019.07.16-16.51.39:721][  0]LogConfig: Applying CVar settings from Section [ConsoleVariables] File [C:/Users/carla/Desktop/GitHub/FloorPlan/FloorPlanDemo2 4.22/Saved/Config/Windows/Engine.ini]
[2019.07.16-16.51.39:721][  0]LogInit: Computer: LAPTOP-2IV3VN8H
[2019.07.16-16.51.39:721][  0]LogInit: User: carla
[2019.07.16-16.51.39:721][  0]LogInit: CPU Page size=4096, Cores=4
[2019.07.16-16.51.39:721][  0]LogInit: High frequency timer resolution =10.000000 MHz
[2019.07.16-16.51.39:722][  0]LogMemory: Memory total: Physical=11.9GB (12GB approx)
[2019.07.16-16.51.39:722][  0]LogMemory: Platform Memory Stats for Windows
[2019.07.16-16.51.39:722][  0]LogMemory: Process Physical Memory: 96.00 MB used, 96.01 MB peak
[2019.07.16-16.51.39:722][  0]LogMemory: Process Virtual Memory: 90.66 MB used, 90.66 MB peak
[2019.07.16-16.51.39:722][  0]LogMemory: Physical Memory: 7178.45 MB used,  4994.77 MB free, 12173.22 MB total
[2019.07.16-16.51.39:722][  0]LogMemory: Virtual Memory: 4657.95 MB used,  134213072.00 MB free, 134217728.00 MB total
[2019.07.16-16.51.39:808][  0]LogInit: Using OS detected language (en-US).
[2019.07.16-16.51.39:808][  0]LogInit: Using OS detected locale (en-US).
[2019.07.16-16.51.39:811][  0]LogTextLocalizationManager: No specific localization for 'en-US' exists, so the 'en' localization will be used.
[2019.07.16-16.51.40:451][  0]LogInit: Setting process to per monitor DPI aware
[2019.07.16-16.51.40:714][  0]LogSlate: New Slate User Created.  User Index 0, Is Virtual User: 0
[2019.07.16-16.51.40:714][  0]LogSlate: Slate User Registered.  User Index 0, Is Virtual User: 0
[2019.07.16-16.51.48:469][  0]LogHMD: Failed to initialize OpenVR with code 110
[2019.07.16-16.51.48:469][  0]LogD3D11RHI: D3D11 adapters:
[2019.07.16-16.51.48:653][  0]LogD3D11RHI:    0. 'NVIDIA GeForce GTX 1050' (Feature Level 11_0)
[2019.07.16-16.51.48:653][  0]LogD3D11RHI:       4019/0/6086 MB DedicatedVideo/DedicatedSystem/SharedSystem, Outputs:1, VendorId:0x10de
[2019.07.16-16.51.48:697][  0]LogD3D11RHI:    1. 'Intel(R) HD Graphics 630' (Feature Level 11_0)
[2019.07.16-16.51.48:698][  0]LogD3D11RHI:       128/0/6086 MB DedicatedVideo/DedicatedSystem/SharedSystem, Outputs:0, VendorId:0x8086
[2019.07.16-16.51.48:705][  0]LogD3D11RHI:    2. 'Microsoft Basic Render Driver' (Feature Level 11_0)
[2019.07.16-16.51.48:705][  0]LogD3D11RHI:       0/0/6086 MB DedicatedVideo/DedicatedSystem/SharedSystem, Outputs:0, VendorId:0x1414
[2019.07.16-16.51.48:705][  0]LogD3D11RHI: Chosen D3D11 Adapter: 0
[2019.07.16-16.51.48:728][  0]LogD3D11RHI: Creating new Direct3DDevice
[2019.07.16-16.51.48:729][  0]LogD3D11RHI:     GPU DeviceId: 0x1c8d (for the marketing name, search the web for "GPU Device Id")
[2019.07.16-16.51.48:729][  0]LogWindows: EnumDisplayDevices:
[2019.07.16-16.51.48:729][  0]LogWindows:    0. 'Intel(R) HD Graphics 630' (P:1 D:1)
[2019.07.16-16.51.48:730][  0]LogWindows:    1. 'Intel(R) HD Graphics 630' (P:0 D:0)
[2019.07.16-16.51.48:731][  0]LogWindows:    2. 'Intel(R) HD Graphics 630' (P:0 D:0)
[2019.07.16-16.51.48:731][  0]LogWindows:    3. 'NVIDIA GeForce GTX 1050' (P:0 D:0)
[2019.07.16-16.51.48:732][  0]LogWindows: DebugString: PrimaryIsNotTheChoosenAdapter PrimaryIsNotTheChoosenAdapter PrimaryIsNotTheChoosenAdapter 
[2019.07.16-16.51.48:732][  0]LogD3D11RHI:     Adapter Name: NVIDIA GeForce GTX 1050
[2019.07.16-16.51.48:732][  0]LogD3D11RHI:   Driver Version: 430.64 (internal:26.21.14.3064, unified:430.64)
[2019.07.16-16.51.48:732][  0]LogD3D11RHI:      Driver Date: 5-5-2019
[2019.07.16-16.51.48:732][  0]LogRHI: Texture pool is 2813 MB (70% of 4019 MB)
[2019.07.16-16.51.48:828][  0]LogD3D11RHI: Async texture creation enabled
[2019.07.16-16.51.48:973][  0]LogRendererCore: FGlobalReadBuffer::InitRHI
[2019.07.16-16.51.48:974][  0]LogRendererCore: FGlobalReadBuffer::InitRHI
[2019.07.16-16.51.48:974][  0]LogRendererCore: FGlobalReadBuffer::InitRHI
[2019.07.16-16.51.48:989][  0]LogD3D11RHI: GPU Timing Frequency: 1000.000000 (Debug: 2 1)
[2019.07.16-16.51.49:627][  0]LogTemp: Display: Module 'AllDesktopTargetPlatform' loaded TargetPlatform 'AllDesktop'
[2019.07.16-16.51.49:712][  0]LogTemp: Display: Module 'MacClientTargetPlatform' loaded TargetPlatform 'MacClient'
[2019.07.16-16.51.49:754][  0]LogTemp: Display: Module 'MacNoEditorTargetPlatform' loaded TargetPlatform 'MacNoEditor'
[2019.07.16-16.51.49:791][  0]LogTemp: Display: Module 'MacServerTargetPlatform' loaded TargetPlatform 'MacServer'
[2019.07.16-16.51.49:858][  0]LogTemp: Display: Module 'MacTargetPlatform' loaded TargetPlatform 'Mac'
[2019.07.16-16.51.49:906][  0]LogTemp: Display: Module 'WindowsClientTargetPlatform' loaded TargetPlatform 'WindowsClient'
[2019.07.16-16.51.49:949][  0]LogTemp: Display: Module 'WindowsNoEditorTargetPlatform' loaded TargetPlatform 'WindowsNoEditor'
[2019.07.16-16.51.49:997][  0]LogTemp: Display: Module 'WindowsServerTargetPlatform' loaded TargetPlatform 'WindowsServer'
[2019.07.16-16.51.50:023][  0]LogTemp: Display: Module 'WindowsTargetPlatform' loaded TargetPlatform 'Windows'
[2019.07.16-16.51.50:323][  0]LogTemp: Display: Module 'AndroidTargetPlatform' loaded TargetPlatform 'Android'
[2019.07.16-16.51.50:323][  0]LogTemp: Display: Module 'AndroidTargetPlatform' loaded TargetPlatform 'Android_ASTC'
[2019.07.16-16.51.50:323][  0]LogTemp: Display: Module 'AndroidTargetPlatform' loaded TargetPlatform 'Android_ATC'
[2019.07.16-16.51.50:323][  0]LogTemp: Display: Module 'AndroidTargetPlatform' loaded TargetPlatform 'Android_DXT'
[2019.07.16-16.51.50:323][  0]LogTemp: Display: Module 'AndroidTargetPlatform' loaded TargetPlatform 'Android_ETC1'
[2019.07.16-16.51.50:323][  0]LogTemp: Display: Module 'AndroidTargetPlatform' loaded TargetPlatform 'Android_ETC1a'
[2019.07.16-16.51.50:323][  0]LogTemp: Display: Module 'AndroidTargetPlatform' loaded TargetPlatform 'Android_ETC2'
[2019.07.16-16.51.50:323][  0]LogTemp: Display: Module 'AndroidTargetPlatform' loaded TargetPlatform 'Android_PVRTC'
[2019.07.16-16.51.50:323][  0]LogTemp: Display: Module 'AndroidTargetPlatform' loaded TargetPlatform 'AndroidClient'
[2019.07.16-16.51.50:323][  0]LogTemp: Display: Module 'AndroidTargetPlatform' loaded TargetPlatform 'Android_ASTCClient'
[2019.07.16-16.51.50:323][  0]LogTemp: Display: Module 'AndroidTargetPlatform' loaded TargetPlatform 'Android_ATCClient'
[2019.07.16-16.51.50:323][  0]LogTemp: Display: Module 'AndroidTargetPlatform' loaded TargetPlatform 'Android_DXTClient'
[2019.07.16-16.51.50:323][  0]LogTemp: Display: Module 'AndroidTargetPlatform' loaded TargetPlatform 'Android_ETC1Client'
[2019.07.16-16.51.50:323][  0]LogTemp: Display: Module 'AndroidTargetPlatform' loaded TargetPlatform 'Android_ETC1aClient'
[2019.07.16-16.51.50:324][  0]LogTemp: Display: Module 'AndroidTargetPlatform' loaded TargetPlatform 'Android_ETC2Client'
[2019.07.16-16.51.50:324][  0]LogTemp: Display: Module 'AndroidTargetPlatform' loaded TargetPlatform 'Android_PVRTCClient'
[2019.07.16-16.51.50:324][  0]LogTemp: Display: Module 'AndroidTargetPlatform' loaded TargetPlatform 'Android_Multi'
[2019.07.16-16.51.50:324][  0]LogTemp: Display: Module 'AndroidTargetPlatform' loaded TargetPlatform 'Android_MultiClient'
[2019.07.16-16.51.50:330][  0]LogTemp: Display: Module 'HTML5TargetPlatform' loaded TargetPlatform 'HTML5'
[2019.07.16-16.51.50:491][  0]LogTemp: Display: Module 'IOSTargetPlatform' loaded TargetPlatform 'IOSClient'
[2019.07.16-16.51.50:491][  0]LogTemp: Display: Module 'IOSTargetPlatform' loaded TargetPlatform 'IOS'
[2019.07.16-16.51.50:576][  0]LogTemp: Display: Module 'TVOSTargetPlatform' loaded TargetPlatform 'TVOSClient'
[2019.07.16-16.51.50:576][  0]LogTemp: Display: Module 'TVOSTargetPlatform' loaded TargetPlatform 'TVOS'
[2019.07.16-16.51.50:615][  0]LogTemp: Display: Module 'LinuxClientTargetPlatform' loaded TargetPlatform 'LinuxClient'
[2019.07.16-16.51.50:655][  0]LogTemp: Display: Module 'LinuxNoEditorTargetPlatform' loaded TargetPlatform 'LinuxNoEditor'
[2019.07.16-16.51.50:696][  0]LogTemp: Display: Module 'LinuxServerTargetPlatform' loaded TargetPlatform 'LinuxServer'
[2019.07.16-16.51.50:753][  0]LogTemp: Display: Module 'LinuxTargetPlatform' loaded TargetPlatform 'Linux'
[2019.07.16-16.51.50:898][  0]LogTemp: Display: Module 'LuminTargetPlatform' loaded TargetPlatform 'Lumin'
[2019.07.16-16.51.50:898][  0]LogTemp: Display: Module 'LuminTargetPlatform' loaded TargetPlatform 'LuminClient'
[2019.07.16-16.51.50:898][  0]LogTargetPlatformManager: Display: Building Assets For Windows
[2019.07.16-16.51.50:926][  0]LogAudioDebug: Display: Lib vorbis DLL was dynamically loaded.
[2019.07.16-16.51.51:114][  0]LogShaderCompilers: Guid format shader working directory is -28 characters bigger than the processId version (../../../../../../Users/carla/Desktop/GitHub/FloorPlan/FloorPlanDemo2 4.22/Intermediate/Shaders/WorkingDirectory/1300/).
[2019.07.16-16.51.51:114][  0]LogShaderCompilers: Cleaned the shader compiler working directory 'C:/Users/carla/AppData/Local/Temp/UnrealShaderWorkingDir/E22DBCBA49F5E91B2426968BBFBE9117/'.
[2019.07.16-16.51.51:121][  0]LogXGEController: Cannot use XGE Controller as Incredibuild is not installed on this machine.
[2019.07.16-16.51.51:121][  0]LogShaderCompilers: Cannot use XGE Shader Compiler as Incredibuild is not installed on this machine.
[2019.07.16-16.51.51:121][  0]LogShaderCompilers: Display: Using Local Shader Compiler.
[2019.07.16-16.52.00:718][  0]LogDerivedDataCache: Display: Max Cache Size: 512 MB
[2019.07.16-16.52.00:799][  0]LogDerivedDataCache: Loaded boot cache 0.08s 72MB C:/Users/carla/AppData/Local/UnrealEngine/4.22/DerivedDataCache/Boot.ddc.
[2019.07.16-16.52.00:799][  0]LogDerivedDataCache: Display: Loaded Boot cache: C:/Users/carla/AppData/Local/UnrealEngine/4.22/DerivedDataCache/Boot.ddc
[2019.07.16-16.52.00:799][  0]LogDerivedDataCache: FDerivedDataBackendGraph:  Pak pak cache file ../../../../../../Users/carla/Desktop/GitHub/FloorPlan/FloorPlanDemo2 4.22/DerivedDataCache/DDC.ddp not found, will not use a pak cache.
[2019.07.16-16.52.00:799][  0]LogDerivedDataCache: Unable to find inner node Pak for hierarchical cache Hierarchy.
[2019.07.16-16.52.00:799][  0]LogDerivedDataCache: FDerivedDataBackendGraph:  CompressedPak pak cache file ../../../../../../Users/carla/Desktop/GitHub/FloorPlan/FloorPlanDemo2 4.22/DerivedDataCache/Compressed.ddp not found, will not use a pak cache.
[2019.07.16-16.52.00:799][  0]LogDerivedDataCache: Unable to find inner node CompressedPak for hierarchical cache Hierarchy.
[2019.07.16-16.52.00:821][  0]LogDerivedDataCache: Display: Pak cache opened for reading ../../../Engine/DerivedDataCache/Compressed.ddp.
[2019.07.16-16.52.00:827][  0]LogDerivedDataCache: Display: Pak cache opened for reading ../../../Enterprise/DerivedDataCache/Compressed.ddp.
[2019.07.16-16.52.00:840][  0]LogDerivedDataCache: Using Local data cache path C:/Users/carla/AppData/Local/UnrealEngine/Common/DerivedDataCache: Writable
[2019.07.16-16.52.00:840][  0]LogDerivedDataCache: Shared data cache path not found in *engine.ini, will not use an Shared cache.
[2019.07.16-16.52.00:840][  0]LogDerivedDataCache: Unable to find inner node Shared for hierarchical cache Hierarchy.
[2019.07.16-16.52.00:880][  0]LogMaterial: Verifying Global Shaders for PCD3D_SM5
[2019.07.16-16.52.00:882][  0]LogSlate: Using FreeType 2.6.0
[2019.07.16-16.52.00:944][  0]LogSlate: SlateFontServices - WITH_FREETYPE: 1, WITH_HARFBUZZ: 1
[2019.07.16-16.52.04:367][  0]LogAssetRegistry: FAssetRegistry took 0.0953 seconds to start up
[2019.07.16-16.52.05:034][  0]LogInit: Selected Device Profile: [Windows]
[2019.07.16-16.52.05:450][  0]LogMeshReduction: Using QuadricMeshReduction for automatic static mesh reduction
[2019.07.16-16.52.05:451][  0]LogMeshReduction: Using SimplygonMeshReduction for automatic skeletal mesh reduction
[2019.07.16-16.52.05:451][  0]LogMeshReduction: Using ProxyLODMeshReduction for automatic mesh merging
[2019.07.16-16.52.05:451][  0]LogMeshReduction: No distributed automatic mesh merging module available
[2019.07.16-16.52.05:451][  0]LogMeshMerging: No distributed automatic mesh merging module available
[2019.07.16-16.52.05:474][  0]LogNetVersion: FloorPlanDemo2 1.0.0, NetCL: 5660361, EngineNetVer: 10, GameNetVer: 0 (Checksum: 1413269697)
[2019.07.16-16.52.06:741][  0]LogPackageLocalizationCache: Processed 16 localized package path(s) for 1 prioritized culture(s) in 0.295367 seconds
[2019.07.16-16.52.06:759][  0]LogUObjectArray: 42205 objects as part of root set at end of initial load.
[2019.07.16-16.52.06:759][  0]LogUObjectAllocator: 7325032 out of 0 bytes used by permanent object pool.
[2019.07.16-16.52.06:759][  0]LogUObjectArray: CloseDisregardForGC: 0/0 objects in disregard for GC pool
[2019.07.16-16.52.56:600][  0]LogTcpMessaging: Initializing TcpMessaging bridge
[2019.07.16-16.52.56:616][  0]LogUdpMessaging: Initializing bridge on interface 0.0.0.0:0 to multicast group 230.0.0.1:6666.
[2019.07.16-16.52.56:843][  0]SourceControl: Source control is disabled
[2019.07.16-16.52.56:843][  0]SourceControl: Source control is disabled
[2019.07.16-16.52.56:847][  0]SourceControl: Source control is disabled
[2019.07.16-16.52.56:850][  0]SourceControl: Source control is disabled
[2019.07.16-16.52.57:567][  0]LogAndroidPermission: UAndroidPermissionCallbackProxy::GetInstance
[2019.07.16-16.52.57:822][  0]LogOcInput: OculusInput pre-init called
[2019.07.16-16.55.26:404][  0]LogWindows: Failed to load 'libalias_api.dll' (GetLastError=126)
[2019.07.16-16.55.26:404][  0]LogWindows: File 'libalias_api.dll' does not exist
[2019.07.16-16.55.26:407][  0]LogWindows: Failed to load 'libalias_api.dll' (GetLastError=126)
[2019.07.16-16.55.26:407][  0]LogWindows: File 'libalias_api.dll' does not exist
[2019.07.16-16.55.26:783][  0]LogEngine: Initializing Engine...
[2019.07.16-16.55.26:786][  0]LogHMD: Failed to initialize OpenVR with code 110
[2019.07.16-16.55.26:788][  0]LogStats: UGameplayTagsManager::InitializeManager -  0.000 s
[2019.07.16-16.55.27:336][  0]LogInit: Initializing FReadOnlyCVARCache
[2019.07.16-16.55.27:400][  0]LogAIModule: Creating AISystem for world Untitled
[2019.07.16-16.55.27:606][  0]LogInit: XAudio2 using 'Speakers (High Definition Audio Device)' : 2 channels at 48 kHz using 16 bits per sample (channel mask 0x3)
[2019.07.16-16.55.27:665][  0]LogInit: FAudioDevice initialized.
[2019.07.16-16.55.27:666][  0]LogNetVersion: Set ProjectVersion to 1.0.0.0. Version Checksum will be recalculated on next use.
[2019.07.16-16.55.28:073][  0]LogDerivedDataCache: Saved boot cache 0.41s 72MB C:/Users/carla/AppData/Local/UnrealEngine/4.22/DerivedDataCache/Boot.ddc.
[2019.07.16-16.55.28:109][  0]LogInit: Texture streaming: Enabled
[2019.07.16-16.55.28:191][  0]LogEngineSessionManager: EngineSessionManager initialized
[2019.07.16-16.55.28:284][  0]LogInit: Transaction tracking system initialized
[2019.07.16-16.55.28:389][  0]BlueprintLog: New page: Editor Load
[2019.07.16-16.55.28:747][  0]LocalizationService: Localization service is disabled
[2019.07.16-16.55.30:154][  0]LogFileCache: Scanning file cache for directory 'C:/Users/carla/Desktop/GitHub/FloorPlan/FloorPlanDemo2 4.22/Content/' took 0.03s
[2019.07.16-16.55.30:154][  0]LogCook: Display: Max memory allowance for cook 16384mb min free memory 0mb
[2019.07.16-16.55.30:154][  0]LogCook: Display: Mobile HDR setting 1
[2019.07.16-16.56.36:974][  0]SourceControl: Source control is disabled
[2019.07.16-16.56.36:975][  0]Cmd: MAP LOAD FILE="../../../../../../Users/carla/Desktop/GitHub/FloorPlan/FloorPlanDemo2 4.22/Content/ThirdPersonBP/Maps/ThirdPersonExampleMap.umap" TEMPLATE=0 SHOWPROGRESS=1 FEATURELEVEL=3
[2019.07.16-16.56.36:977][  0]LightingResults: New page: Lighting Build
[2019.07.16-16.56.36:991][  0]MapCheck: New page: Map Check
[2019.07.16-16.56.36:991][  0]LightingResults: New page: Lighting Build
[2019.07.16-16.56.37:096][  0]LogUObjectHash: Compacting FUObjectHashTables data took   6.10ms
[2019.07.16-16.56.39:241][  0]LogAIModule: Creating AISystem for world ThirdPersonExampleMap
[2019.07.16-16.56.39:266][  0]LogEditorServer: Finished looking for orphan Actors (0.000 secs)
[2019.07.16-16.56.39:313][  0]LogUObjectHash: Compacting FUObjectHashTables data took   3.16ms
[2019.07.16-16.56.39:313][  0]Cmd: MAP CHECKDEP NOCLEARLOG
[2019.07.16-16.56.39:313][  0]MapCheck: Map check complete: 0 Error(s), 0 Warning(s), took 0.276ms to complete.
[2019.07.16-16.56.39:313][  0]LogFileHelpers: Loading map 'ThirdPersonExampleMap' took 2.340
[2019.07.16-16.56.39:693][  0]LogSlate: Updating window title bar state: overlay mode, drag disabled, window buttons hidden, title bar hidden
[2019.07.16-16.56.39:723][  0]LogSlate: Updating window title bar state: overlay mode, drag disabled, window buttons hidden, title bar hidden
[2019.07.16-16.56.39:757][  0]LogSlate: Updating window title bar state: overlay mode, drag disabled, window buttons hidden, title bar hidden
[2019.07.16-16.56.39:794][  0]LogSlate: Updating window title bar state: overlay mode, drag disabled, window buttons hidden, title bar hidden
[2019.07.16-16.56.39:828][  0]LogCollectionManager: Loaded 0 collections in 0.009342 seconds
[2019.07.16-16.56.39:890][  0]LogFileCache: Scanning file cache for directory 'C:/Users/carla/Desktop/GitHub/FloorPlan/FloorPlanDemo2 4.22/Saved/Collections/' took 0.01s
[2019.07.16-16.56.39:890][  0]LogFileCache: Scanning file cache for directory 'C:/Users/carla/Desktop/GitHub/FloorPlan/FloorPlanDemo2 4.22/Content/Developers/carla/Collections/' took 0.02s
[2019.07.16-16.56.39:891][  0]LogFileCache: Scanning file cache for directory 'C:/Users/carla/Desktop/GitHub/FloorPlan/FloorPlanDemo2 4.22/Content/Collections/' took 0.02s
[2019.07.16-16.56.39:891][  0]LogCollectionManager: Rebuilt the GUID cache for 0 collections in 0.000001 seconds
[2019.07.16-16.56.39:945][  0]LogContentBrowser: Native class hierarchy populated in 0.0539 seconds. Added 2864 classes and 726 folders.
[2019.07.16-16.56.39:976][  0]LogContentBrowser: Native class hierarchy updated for 'WidgetCarousel' in 0.0014 seconds. Added 0 classes and 0 folders.
[2019.07.16-16.56.40:051][  0]LogPakFile: Registered encryption key '00000000000000000000000000000000': 0 pak files mounted, 0 remain pending
[2019.07.16-16.56.40:054][  0]LogPakFile: Registered encryption key '00000000000000000000000000000000': 0 pak files mounted, 0 remain pending
[2019.07.16-16.56.40:056][  0]LogPakFile: Registered encryption key '00000000000000000000000000000000': 0 pak files mounted, 0 remain pending
[2019.07.16-16.56.40:058][  0]LogPakFile: Registered encryption key '00000000000000000000000000000000': 0 pak files mounted, 0 remain pending
[2019.07.16-16.56.40:062][  0]LogPakFile: Registered encryption key '00000000000000000000000000000000': 0 pak files mounted, 0 remain pending
[2019.07.16-16.56.40:064][  0]LogPakFile: Registered encryption key '00000000000000000000000000000000': 0 pak files mounted, 0 remain pending
[2019.07.16-16.56.40:067][  0]LogPakFile: Registered encryption key '00000000000000000000000000000000': 0 pak files mounted, 0 remain pending
[2019.07.16-16.56.40:069][  0]LogPakFile: Registered encryption key '00000000000000000000000000000000': 0 pak files mounted, 0 remain pending
[2019.07.16-16.56.40:071][  0]LogPakFile: Registered encryption key '00000000000000000000000000000000': 0 pak files mounted, 0 remain pending
[2019.07.16-16.56.40:073][  0]LogPakFile: Registered encryption key '00000000000000000000000000000000': 0 pak files mounted, 0 remain pending
[2019.07.16-16.56.40:076][  0]LogPakFile: Registered encryption key '00000000000000000000000000000000': 0 pak files mounted, 0 remain pending
[2019.07.16-16.56.40:079][  0]LogPakFile: Registered encryption key '00000000000000000000000000000000': 0 pak files mounted, 0 remain pending
[2019.07.16-16.56.40:081][  0]LogPakFile: Registered encryption key '00000000000000000000000000000000': 0 pak files mounted, 0 remain pending
[2019.07.16-16.56.40:083][  0]LogPakFile: Registered encryption key '00000000000000000000000000000000': 0 pak files mounted, 0 remain pending
[2019.07.16-16.56.40:084][  0]LogPakFile: Registered encryption key '00000000000000000000000000000000': 0 pak files mounted, 0 remain pending
[2019.07.16-16.56.40:086][  0]LogPakFile: Registered encryption key '00000000000000000000000000000000': 0 pak files mounted, 0 remain pending
[2019.07.16-16.56.40:088][  0]LogPakFile: Registered encryption key '00000000000000000000000000000000': 0 pak files mounted, 0 remain pending
[2019.07.16-16.56.40:091][  0]LogPakFile: Registered encryption key '00000000000000000000000000000000': 0 pak files mounted, 0 remain pending
[2019.07.16-16.56.40:094][  0]LogPakFile: Registered encryption key '00000000000000000000000000000000': 0 pak files mounted, 0 remain pending
[2019.07.16-16.56.40:096][  0]LogPakFile: Registered encryption key '00000000000000000000000000000000': 0 pak files mounted, 0 remain pending
[2019.07.16-16.56.40:098][  0]LogPakFile: Registered encryption key '00000000000000000000000000000000': 0 pak files mounted, 0 remain pending
[2019.07.16-16.56.40:100][  0]LogPakFile: Registered encryption key '00000000000000000000000000000000': 0 pak files mounted, 0 remain pending
[2019.07.16-16.56.40:102][  0]LogPakFile: Registered encryption key '00000000000000000000000000000000': 0 pak files mounted, 0 remain pending
[2019.07.16-16.56.40:104][  0]LogPakFile: Registered encryption key '00000000000000000000000000000000': 0 pak files mounted, 0 remain pending
[2019.07.16-16.56.40:106][  0]LogPakFile: Registered encryption key '00000000000000000000000000000000': 0 pak files mounted, 0 remain pending
[2019.07.16-16.56.40:109][  0]LogPakFile: Registered encryption key '00000000000000000000000000000000': 0 pak files mounted, 0 remain pending
[2019.07.16-16.56.40:112][  0]LogPakFile: Registered encryption key '00000000000000000000000000000000': 0 pak files mounted, 0 remain pending
[2019.07.16-16.56.40:114][  0]LogPakFile: Registered encryption key '00000000000000000000000000000000': 0 pak files mounted, 0 remain pending
[2019.07.16-16.56.41:038][  0]LogContentBrowser: Native class hierarchy updated for 'AddContentDialog' in 0.0009 seconds. Added 0 classes and 0 folders.
[2019.07.16-16.56.41:051][  0]LogContentBrowser: Native class hierarchy updated for 'SceneOutliner' in 0.0009 seconds. Added 1 classes and 0 folders.
[2019.07.16-16.56.41:104][  0]LogSlate: Took 0.000616 seconds to synchronously load lazily loaded font '../../../Engine/Content/Slate/Fonts/Roboto-Regular.ttf' (155K)
[2019.07.16-16.56.41:116][  0]LogSlate: Took 0.000751 seconds to synchronously load lazily loaded font '../../../Engine/Content/Slate/Fonts/Roboto-Bold.ttf' (160K)
[2019.07.16-16.56.41:130][  0]LogSlate: Took 0.000339 seconds to synchronously load lazily loaded font '../../../Engine/Content/Editor/Slate/Fonts/FontAwesome.ttf' (139K)
[2019.07.16-16.56.41:271][  0]LogRenderer: Reallocating scene render targets to support 908x436 Format 10 NumSamples 1 (Frame:1).
[2019.07.16-16.56.41:432][  0]LogSlate: Took 0.000361 seconds to synchronously load lazily loaded font '../../../Engine/Content/Slate/Fonts/Roboto-Light.ttf' (167K)
[2019.07.16-16.56.41:678][  0]LogContentBrowser: Native class hierarchy updated for 'HierarchicalLODOutliner' in 0.0017 seconds. Added 0 classes and 0 folders.
[2019.07.16-16.56.41:678][  0]LogLoad: (Engine Initialization) Total time: 312.23 seconds
[2019.07.16-16.56.41:678][  0]LogLoad: (Engine Initialization) Total Blueprint compile time: 0.00 seconds
[2019.07.16-16.56.41:981][  0]LogContentStreaming: Texture pool size now 1000 MB
[2019.07.16-16.56.42:501][  2]LogAssetRegistry: Asset discovery search completed in 278.1563 seconds
[2019.07.16-16.56.42:509][  2]LogCollectionManager: Rebuilt the object cache for 0 collections in 0.000001 seconds (found 0 objects)
[2019.07.16-16.56.42:510][  2]LogCollectionManager: Fixed up redirectors for 0 collections in 0.000281 seconds (updated 0 objects)
[2019.07.16-16.57.03:900][637]LogUObjectHash: Compacting FUObjectHashTables data took   1.23ms
[2019.07.16-16.57.04:189][637]LogSlate: Window 'FloorPlanDemo2 - Unreal Editor' being destroyed
[2019.07.16-16.57.04:206][637]LogWindowsTextInputMethodSystem: Display: IME system now deactivated.
[2019.07.16-16.57.04:942][638]Cmd: QUIT_EDITOR
[2019.07.16-16.57.05:467][638]LogExit: Preparing to exit.
[2019.07.16-16.57.06:552][638]LogExit: Editor shut down
[2019.07.16-16.57.06:553][638]LogExit: Transaction tracking system shut down
[2019.07.16-16.57.08:534][638]LogExit: Object subsystem successfully closed.
[2019.07.16-16.57.08:780][638]LogShaderCompilers: Display: Shaders left to compile 0
[2019.07.16-16.57.08:838][638]LogD3D11RHI: Shutdown
[2019.07.16-16.57.08:838][638]LogD3D11RHI: CleanupD3DDevice
[2019.07.16-16.57.08:850][638]LogRendererCore: FGlobalReadBuffer::ReleaseRHI
[2019.07.16-16.57.08:850][638]LogRendererCore: FGlobalDynamicReadBuffer::Cleanup()
[2019.07.16-16.57.08:858][638]LogRendererCore: FGlobalReadBuffer::ReleaseRHI
[2019.07.16-16.57.08:858][638]LogRendererCore: FGlobalDynamicReadBuffer::Cleanup()
[2019.07.16-16.57.08:858][638]LogRendererCore: FGlobalReadBuffer::ReleaseRHI
[2019.07.16-16.57.08:858][638]LogRendererCore: FGlobalDynamicReadBuffer::Cleanup()
[2019.07.16-16.57.09:098][638]LogD3D11RHI: ~FD3D11DynamicRHI
[2019.07.16-16.57.10:441][638]LogModuleManager: Shutting down and abandoning module HierarchicalLODOutliner (684)
[2019.07.16-16.57.10:442][638]LogModuleManager: Shutting down and abandoning module SceneOutliner (682)
[2019.07.16-16.57.10:442][638]LogModuleManager: Shutting down and abandoning module AddContentDialog (680)
[2019.07.16-16.57.10:452][638]LogModuleManager: Shutting down and abandoning module WidgetCarousel (679)
[2019.07.16-16.57.10:453][638]LogModuleManager: Shutting down and abandoning module EditorWidgets (676)
[2019.07.16-16.57.10:453][638]LogModuleManager: Shutting down and abandoning module CollectionManager (674)
[2019.07.16-16.57.10:464][638]LogModuleManager: Shutting down and abandoning module StatsViewer (672)
[2019.07.16-16.57.10:469][638]LogModuleManager: Shutting down and abandoning module FoliageEdit (670)
[2019.07.16-16.57.10:469][638]LogModuleManager: Shutting down and abandoning module LandscapeEditor (668)
[2019.07.16-16.57.10:539][638]LogModuleManager: Shutting down and abandoning module MeshPaintMode (666)
[2019.07.16-16.57.10:543][638]LogModuleManager: Shutting down and abandoning module SceneDepthPickerMode (664)
[2019.07.16-16.57.10:543][638]LogModuleManager: Shutting down and abandoning module ActorPickerMode (662)
[2019.07.16-16.57.10:543][638]LogModuleManager: Shutting down and abandoning module GeometryMode (660)
[2019.07.16-16.57.10:544][638]LogModuleManager: Shutting down and abandoning module TextureAlignMode (658)
[2019.07.16-16.57.10:544][638]LogModuleManager: Shutting down and abandoning module BspMode (656)
[2019.07.16-16.57.10:544][638]LogModuleManager: Shutting down and abandoning module PIEPreviewDeviceProfileSelector (654)
[2019.07.16-16.57.10:554][638]LogModuleManager: Shutting down and abandoning module SequenceRecorderSections (652)
[2019.07.16-16.57.10:560][638]LogModuleManager: Shutting down and abandoning module AutomationWorker (650)
[2019.07.16-16.57.10:567][638]LogModuleManager: Shutting down and abandoning module DatasmithFBXImporter (648)
[2019.07.16-16.57.10:579][638]LogModuleManager: Shutting down and abandoning module DatasmithDeltaGenImporter (646)
[2019.07.16-16.57.10:579][638]LogModuleManager: Shutting down and abandoning module DatasmithVREDImporter (644)
[2019.07.16-16.57.10:579][638]LogModuleManager: Shutting down and abandoning module OculusMR (642)
[2019.07.16-16.57.10:579][638]LogModuleManager: Shutting down and abandoning module AudioCaptureEditor (640)
[2019.07.16-16.57.10:589][638]LogModuleManager: Shutting down and abandoning module MatineeToLevelSequence (638)
[2019.07.16-16.57.10:595][638]LogModuleManager: Shutting down and abandoning module LevelSequenceEditor (636)
[2019.07.16-16.57.10:621][638]LogModuleManager: Shutting down and abandoning module PlacementMode (635)
[2019.07.16-16.57.10:621][638]LogModuleManager: Shutting down and abandoning module MaterialEditor (634)
[2019.07.16-16.57.10:646][638]LogModuleManager: Shutting down and abandoning module ActorSequenceEditor (630)
[2019.07.16-16.57.10:658][638]LogModuleManager: Shutting down and abandoning module WmfMediaFactory (628)
[2019.07.16-16.57.10:658][638]LogModuleManager: Shutting down and abandoning module WmfMediaEditor (626)
[2019.07.16-16.57.10:658][638]LogModuleManager: Shutting down and abandoning module WebMMediaFactory (624)
[2019.07.16-16.57.10:658][638]LogModuleManager: Shutting down and abandoning module WebMMediaEditor (622)
[2019.07.16-16.57.10:658][638]LogModuleManager: Shutting down and abandoning module WebMMedia (620)
[2019.07.16-16.57.10:662][638]LogModuleManager: Shutting down and abandoning module MediaPlayerEditor (618)
[2019.07.16-16.57.10:671][638]LogModuleManager: Shutting down and abandoning module MediaCompositingEditor (616)
[2019.07.16-16.57.10:684][638]LogModuleManager: Shutting down and abandoning module SequenceRecorder (615)
[2019.07.16-16.57.10:684][638]LogModuleManager: Shutting down and abandoning module OpenExrWrapper (612)
[2019.07.16-16.57.10:684][638]LogModuleManager: Shutting down and abandoning module ImgMediaFactory (610)
[2019.07.16-16.57.10:684][638]LogModuleManager: Shutting down and abandoning module ImgMediaEditor (608)
[2019.07.16-16.57.10:684][638]LogModuleManager: Shutting down and abandoning module AvfMediaFactory (606)
[2019.07.16-16.57.10:684][638]LogModuleManager: Shutting down and abandoning module AvfMediaEditor (604)
[2019.07.16-16.57.10:684][638]LogModuleManager: Shutting down and abandoning module AndroidMediaFactory (602)
[2019.07.16-16.57.10:685][638]LogModuleManager: Shutting down and abandoning module AndroidMediaEditor (600)
[2019.07.16-16.57.10:685][638]LogModuleManager: Shutting down and abandoning module MagicLeapCameraPreviewFactory (598)
[2019.07.16-16.57.10:685][638]LogModuleManager: Shutting down and abandoning module MagicLeapMediaCodecFactory (596)
[2019.07.16-16.57.10:685][638]LogModuleManager: Shutting down and abandoning module MagicLeapMediaFactory (594)
[2019.07.16-16.57.10:685][638]LogModuleManager: Shutting down and abandoning module MagicLeapMediaEditor (592)
[2019.07.16-16.57.10:685][638]LogModuleManager: Shutting down and abandoning module CharacterAI (590)
[2019.07.16-16.57.10:685][638]LogModuleManager: Shutting down and abandoning module SmartSnapping (588)
[2019.07.16-16.57.10:686][638]LogModuleManager: Shutting down and abandoning module SessionServices (586)
[2019.07.16-16.57.10:686][638]LogModuleManager: Shutting down and abandoning module MeshPaint (584)
[2019.07.16-16.57.10:696][638]LogModuleManager: Shutting down and abandoning module ViewportSnapping (582)
[2019.07.16-16.57.10:696][638]LogModuleManager: Shutting down and abandoning module ViewportInteraction (580)
[2019.07.16-16.57.10:696][638]LogModuleManager: Shutting down and abandoning module ClothPainter (578)
[2019.07.16-16.57.10:707][638]LogModuleManager: Shutting down and abandoning module SkeletalMeshEditor (577)
[2019.07.16-16.57.10:726][638]LogModuleManager: Shutting down and abandoning module LogVisualizer (574)
[2019.07.16-16.57.10:768][638]LogModuleManager: Shutting down and abandoning module IntroTutorials (572)
[2019.07.16-16.57.10:795][638]LogModuleManager: Shutting down and abandoning module GameProjectGeneration (571)
[2019.07.16-16.57.10:808][638]LogModuleManager: Shutting down and abandoning module LuminPlatformEditor (568)
[2019.07.16-16.57.10:809][638]LogModuleManager: Shutting down and abandoning module IOSPlatformEditor (566)
[2019.07.16-16.57.10:809][638]LogModuleManager: Shutting down and abandoning module HTML5PlatformEditor (564)
[2019.07.16-16.57.10:809][638]LogModuleManager: Shutting down and abandoning module AndroidPlatformEditor (562)
[2019.07.16-16.57.10:816][638]LogModuleManager: Shutting down and abandoning module AndroidDeviceDetection (561)
[2019.07.16-16.57.11:189][638]LogModuleManager: Shutting down and abandoning module WindowsPlatformEditor (558)
[2019.07.16-16.57.11:189][638]LogModuleManager: Shutting down and abandoning module LuminRuntimeSettings (556)
[2019.07.16-16.57.11:189][638]LogModuleManager: Shutting down and abandoning module IOSRuntimeSettings (554)
[2019.07.16-16.57.11:189][638]LogModuleManager: Shutting down and abandoning module AndroidRuntimeSettings (552)
[2019.07.16-16.57.11:189][638]LogModuleManager: Shutting down and abandoning module TimeManagementEditor (550)
[2019.07.16-16.57.11:189][638]LogModuleManager: Shutting down and abandoning module InputBindingEditor (548)
[2019.07.16-16.57.11:195][638]LogModuleManager: Shutting down and abandoning module MergeActors (546)
[2019.07.16-16.57.11:199][638]LogModuleManager: Shutting down and abandoning module LocalizationDashboard (544)
[2019.07.16-16.57.11:208][638]LogModuleManager: Shutting down and abandoning module LocalizationService (543)
[2019.07.16-16.57.11:257][638]LogModuleManager: Shutting down and abandoning module HardwareTargeting (540)
[2019.07.16-16.57.11:257][638]LogModuleManager: Shutting down and abandoning module DeviceProfileEditor (538)
[2019.07.16-16.57.11:266][638]LogModuleManager: Shutting down and abandoning module UndoHistory (536)
[2019.07.16-16.57.11:275][638]LogModuleManager: Shutting down and abandoning module XmlParser (534)
[2019.07.16-16.57.11:280][638]LogModuleManager: Shutting down and abandoning module Blutility (532)
[2019.07.16-16.57.11:295][638]LogModuleManager: Shutting down and abandoning module ProjectSettingsViewer (530)
[2019.07.16-16.57.11:296][638]LogModuleManager: Shutting down and abandoning module ProjectTargetPlatformEditor (529)
[2019.07.16-16.57.11:296][638]LogModuleManager: Shutting down and abandoning module EditorSettingsViewer (526)
[2019.07.16-16.57.11:296][638]LogModuleManager: Shutting down and abandoning module SettingsEditor (524)
[2019.07.16-16.57.11:329][638]LogModuleManager: Shutting down and abandoning module ProjectLauncher (522)
[2019.07.16-16.57.11:356][638]LogModuleManager: Shutting down and abandoning module SessionFrontend (520)
[2019.07.16-16.57.11:379][638]LogModuleManager: Shutting down and abandoning module ProfilerClient (518)
[2019.07.16-16.57.11:396][638]LogModuleManager: Shutting down and abandoning module DeviceManager (516)
[2019.07.16-16.57.11:419][638]LogModuleManager: Shutting down and abandoning module TargetDeviceServices (515)
[2019.07.16-16.57.11:480][638]LogModuleManager: Shutting down and abandoning module AutomationController (512)
[2019.07.16-16.57.11:520][638]LogModuleManager: Shutting down and abandoning module AutomationWindow (510)
[2019.07.16-16.57.11:528][638]LogModuleManager: Shutting down and abandoning module Layers (508)
[2019.07.16-16.57.11:537][638]LogModuleManager: Shutting down and abandoning module ComponentVisualizers (506)
[2019.07.16-16.57.11:537][638]LogModuleManager: Shutting down and abandoning module DetailCustomizations (504)
[2019.07.16-16.57.11:538][638]LogModuleManager: Shutting down and abandoning module PackagesDialog (502)
[2019.07.16-16.57.11:558][638]LogModuleManager: Shutting down and abandoning module AnimationBlueprintEditor (500)
[2019.07.16-16.57.11:581][638]LogModuleManager: Shutting down and abandoning module Persona (498)
[2019.07.16-16.57.11:625][638]LogModuleManager: Shutting down and abandoning module AnimGraph (497)
[2019.07.16-16.57.11:625][638]LogModuleManager: Shutting down and abandoning module Kismet (494)
[2019.07.16-16.57.11:669][638]LogModuleManager: Shutting down and abandoning module GraphEditor (492)
[2019.07.16-16.57.11:747][638]LogModuleManager: Shutting down and abandoning module ClassViewer (490)
[2019.07.16-16.57.11:747][638]LogModuleManager: Shutting down and abandoning module Toolbox (488)
[2019.07.16-16.57.11:747][638]LogModuleManager: Shutting down and abandoning module ModuleUI (486)
[2019.07.16-16.57.11:763][638]LogModuleManager: Shutting down and abandoning module MovieSceneTools (484)
[2019.07.16-16.57.11:776][638]LogModuleManager: Shutting down and abandoning module OutputLog (482)
[2019.07.16-16.57.11:777][638]LogModuleManager: Shutting down and abandoning module GammaUI (480)
[2019.07.16-16.57.11:785][638]LogModuleManager: Shutting down and abandoning module Documentation (478)
[2019.07.16-16.57.11:785][638]LogModuleManager: Shutting down and abandoning module LiveCoding (476)
[2019.07.16-16.57.11:808][638]LogModuleManager: Shutting down and abandoning module LevelSequence (474)
[2019.07.16-16.57.11:808][638]LogModuleManager: Shutting down and abandoning module MovieSceneTracks (472)
[2019.07.16-16.57.11:808][638]LogModuleManager: Shutting down and abandoning module MovieScene (470)
[2019.07.16-16.57.11:822][638]LogModuleManager: Shutting down and abandoning module StreamingPauseRendering (468)
[2019.07.16-16.57.11:835][638]LogModuleManager: Shutting down and abandoning module LauncherPlatform (466)
[2019.07.16-16.57.11:835][638]LogModuleManager: Shutting down and abandoning module AnalyticsET (464)
[2019.07.16-16.57.11:835][638]LogModuleManager: Shutting down and abandoning module PortalServices (462)
[2019.07.16-16.57.11:835][638]LogModuleManager: Shutting down and abandoning module PortalRpc (460)
[2019.07.16-16.57.11:836][638]LogModuleManager: Shutting down and abandoning module MessagingRpc (458)
[2019.07.16-16.57.11:836][638]LogModuleManager: Shutting down and abandoning module AIModule (456)
[2019.07.16-16.57.11:837][638]LogModuleManager: Shutting down and abandoning module GameplayDebugger (455)
[2019.07.16-16.57.11:838][638]LogModuleManager: Shutting down and abandoning module AITestSuite (453)
[2019.07.16-16.57.11:848][638]LogModuleManager: Shutting down and abandoning module NavigationSystem (451)
[2019.07.16-16.57.11:849][638]LogModuleManager: Shutting down and abandoning module DesktopPlatform (448)
[2019.07.16-16.57.11:849][638]LogModuleManager: Shutting down and abandoning module ImageWriteQueue (446)
[2019.07.16-16.57.11:863][638]LogModuleManager: Shutting down and abandoning module ProfilerService (444)
[2019.07.16-16.57.11:992][638]LogModuleManager: Shutting down and abandoning module TaskGraph (442)
[2019.07.16-16.57.12:008][638]LogModuleManager: Shutting down and abandoning module DatasmithCADImporter (440)
[2019.07.16-16.57.12:025][638]LogModuleManager: Shutting down and abandoning module VariantManager (438)
[2019.07.16-16.57.12:042][638]LogModuleManager: Shutting down and abandoning module StaticMeshEditorExtension (436)
[2019.07.16-16.57.12:042][638]LogModuleManager: Shutting down and abandoning module StaticMeshEditor (435)
[2019.07.16-16.57.12:073][638]LogModuleManager: Shutting down and abandoning module AdvancedPreviewScene (434)
[2019.07.16-16.57.12:073][638]LogModuleManager: Shutting down and abandoning module MeshProcessingLibrary (431)
[2019.07.16-16.57.12:090][638]LogModuleManager: Shutting down and abandoning module MDLImporter (428)
[2019.07.16-16.57.12:113][638]LogModuleManager: Shutting down and abandoning module DatasmithGLTFImporter (426)
[2019.07.16-16.57.12:128][638]LogModuleManager: Shutting down and abandoning module DatasmithImporter (425)
[2019.07.16-16.57.12:204][638]LogModuleManager: Shutting down and abandoning module DatasmithDataPrepLibraries (422)
[2019.07.16-16.57.12:232][638]LogModuleManager: Shutting down and abandoning module DatasmithDataPrepEditor (420)
[2019.07.16-16.57.12:252][638]LogModuleManager: Shutting down and abandoning module SteamVRController (418)
[2019.07.16-16.57.12:252][638]LogModuleManager: Shutting down and abandoning module ProceduralMeshComponentEditor (416)
[2019.07.16-16.57.12:268][638]LogModuleManager: Shutting down and abandoning module ProceduralMeshComponent (414)
[2019.07.16-16.57.12:290][638]LogModuleManager: Shutting down and abandoning module OculusEditor (412)
[2019.07.16-16.57.12:293][638]LogModuleManager: Shutting down and abandoning module OculusInput (410)
[2019.07.16-16.57.12:293][638]LogModuleManager: Shutting down and abandoning module MobilePatchingUtils (408)
[2019.07.16-16.57.12:293][638]LogModuleManager: Shutting down and abandoning module EditableMesh (406)
[2019.07.16-16.57.12:296][638]LogModuleManager: Shutting down and abandoning module CustomMeshComponent (404)
[2019.07.16-16.57.12:296][638]LogModuleManager: Shutting down and abandoning module CableComponent (402)
[2019.07.16-16.57.12:300][638]LogModuleManager: Shutting down and abandoning module AudioCapture (400)
[2019.07.16-16.57.12:300][638]LogModuleManager: Shutting down and abandoning module ArchVisCharacter (398)
[2019.07.16-16.57.12:300][638]LogModuleManager: Shutting down and abandoning module AndroidPermission (396)
[2019.07.16-16.57.12:300][638]LogModuleManager: Shutting down and abandoning module NUTUnrealEngine4 (394)
[2019.07.16-16.57.12:303][638]LogModuleManager: Shutting down and abandoning module NetcodeUnitTest (392)
[2019.07.16-16.57.12:312][638]LogModuleManager: Shutting down and abandoning module MediaCompositing (390)
[2019.07.16-16.57.12:312][638]LogModuleManager: Shutting down and abandoning module LinearTimecode (388)
[2019.07.16-16.57.12:312][638]LogModuleManager: Shutting down and abandoning module ImgMedia (386)
[2019.07.16-16.57.12:312][638]LogModuleManager: Shutting down and abandoning module MagicLeapHelperVulkan (384)
[2019.07.16-16.57.12:312][638]LogModuleManager: Shutting down and abandoning module MagicLeapHelperOpenGL (382)
[2019.07.16-16.57.12:315][638]LogModuleManager: Shutting down and abandoning module MagicLeapAudio (380)
[2019.07.16-16.57.12:325][638]LogModuleManager: Shutting down and abandoning module HTML5Networking (378)
[2019.07.16-16.57.12:325][638]LogModuleManager: Shutting down and abandoning module GeometryCollectionEditor (376)
[2019.07.16-16.57.12:325][638]LogModuleManager: Shutting down and abandoning module GeometryCollectionExampleCore (374)
[2019.07.16-16.57.12:332][638]LogModuleManager: Shutting down and abandoning module GeometryCacheTracks (372)
[2019.07.16-16.57.12:332][638]LogModuleManager: Shutting down and abandoning module GeometryCacheSequencer (370)
[2019.07.16-16.57.12:332][638]LogModuleManager: Shutting down and abandoning module ChaosSolverEditor (368)
[2019.07.16-16.57.12:332][638]LogModuleManager: Shutting down and abandoning module BlastAuthoring (366)
[2019.07.16-16.57.12:332][638]LogModuleManager: Shutting down and abandoning module BackChannel (364)
[2019.07.16-16.57.12:336][638]LogModuleManager: Shutting down and abandoning module AppleVision (362)
[2019.07.16-16.57.12:337][638]LogModuleManager: Shutting down and abandoning module AppleImageUtilsBlueprintSupport (360)
[2019.07.16-16.57.12:337][638]LogModuleManager: Shutting down and abandoning module AppleImageUtils (358)
[2019.07.16-16.57.12:337][638]LogModuleManager: Shutting down and abandoning module AlembicImporter (356)
[2019.07.16-16.57.12:337][638]LogModuleManager: Shutting down and abandoning module AlembicLibrary (355)
[2019.07.16-16.57.12:337][638]LogModuleManager: Shutting down and abandoning module GeometryCache (354)
[2019.07.16-16.57.12:337][638]LogModuleManager: Shutting down and abandoning module GeometryCacheEd (353)
[2019.07.16-16.57.12:337][638]LogModuleManager: Shutting down and abandoning module VariantManagerContent (348)
[2019.07.16-16.57.12:337][638]LogModuleManager: Shutting down and abandoning module DatasmithContentEditor (346)
[2019.07.16-16.57.12:337][638]LogModuleManager: Shutting down and abandoning module SpeedTreeImporter (344)
[2019.07.16-16.57.12:337][638]LogModuleManager: Shutting down and abandoning module PluginBrowser (342)
[2019.07.16-16.57.12:350][638]LogModuleManager: Shutting down and abandoning module MobileLauncherProfileWizard (340)
[2019.07.16-16.57.12:367][638]LogModuleManager: Shutting down and abandoning module PolygonModeling (338)
[2019.07.16-16.57.12:367][638]LogModuleManager: Shutting down and abandoning module MeshEditor (336)
[2019.07.16-16.57.12:368][638]LogModuleManager: Shutting down and abandoning module MaterialAnalyzer (334)
[2019.07.16-16.57.12:375][638]LogModuleManager: Shutting down and abandoning module GLTFImporter (332)
[2019.07.16-16.57.12:380][638]LogModuleManager: Shutting down and abandoning module EditorScriptingUtilities (330)
[2019.07.16-16.57.12:380][638]LogModuleManager: Shutting down and abandoning module CryptoKeysOpenSSL (328)
[2019.07.16-16.57.12:380][638]LogModuleManager: Shutting down and abandoning module CryptoKeys (326)
[2019.07.16-16.57.12:380][638]LogModuleManager: Shutting down and abandoning module VisualStudioSourceCodeAccess (324)
[2019.07.16-16.57.12:390][638]LogModuleManager: Shutting down and abandoning module VisualStudioCodeSourceCodeAccess (322)
[2019.07.16-16.57.12:390][638]LogModuleManager: Shutting down and abandoning module UObjectPlugin (320)
[2019.07.16-16.57.12:390][638]LogModuleManager: Shutting down and abandoning module SubversionSourceControl (318)
[2019.07.16-16.57.12:398][638]LogModuleManager: Shutting down and abandoning module PerforceSourceControl (316)
[2019.07.16-16.57.12:409][638]LogModuleManager: Shutting down and abandoning module GitSourceControl (314)
[2019.07.16-16.57.12:418][638]LogModuleManager: Shutting down and abandoning module SourceControl (313)
[2019.07.16-16.57.12:430][638]LogModuleManager: Shutting down and abandoning module CLionSourceCodeAccess (310)
[2019.07.16-16.57.12:430][638]LogModuleManager: Shutting down and abandoning module AnimationSharingEd (308)
[2019.07.16-16.57.12:430][638]LogModuleManager: Shutting down and abandoning module ActorLayerUtilitiesEditor (306)
[2019.07.16-16.57.12:430][638]LogModuleManager: Shutting down and abandoning module ActorLayerUtilities (304)
[2019.07.16-16.57.12:430][638]LogModuleManager: Shutting down and abandoning module LightPropagationVolumeEditor (302)
[2019.07.16-16.57.12:430][638]LogModuleManager: Shutting down and abandoning module PaperTiledImporter (300)
[2019.07.16-16.57.12:431][638]LogModuleManager: Shutting down and abandoning module PaperSpriteSheetImporter (298)
[2019.07.16-16.57.12:431][638]LogModuleManager: Shutting down and abandoning module Paper2DEditor (296)
[2019.07.16-16.57.12:499][638]LogModuleManager: Shutting down and abandoning module SignificanceManager (294)
[2019.07.16-16.57.12:500][638]LogModuleManager: Shutting down and abandoning module RuntimePhysXCooking (292)
[2019.07.16-16.57.12:500][638]LogModuleManager: Shutting down and abandoning module PhysXVehiclesEditor (290)
[2019.07.16-16.57.12:500][638]LogModuleManager: Shutting down and abandoning module PhysXVehicles (288)
[2019.07.16-16.57.12:500][638]LogModuleManager: Shutting down and abandoning module LocationServicesBPLibrary (286)
[2019.07.16-16.57.12:500][638]LogModuleManager: Shutting down and abandoning module ActorSequence (284)
[2019.07.16-16.57.12:500][638]LogModuleManager: Shutting down and abandoning module UdpMessaging (282)
[2019.07.16-16.57.12:601][638]LogModuleManager: Shutting down and abandoning module TcpMessaging (280)
[2019.07.16-16.57.12:717][638]LogModuleManager: Shutting down and abandoning module MagicLeapIdentity (278)
[2019.07.16-16.57.12:717][638]LogModuleManager: Shutting down and abandoning module MagicLeapSecureStorage (276)
[2019.07.16-16.57.12:717][638]LogModuleManager: Shutting down and abandoning module MagicLeapHandTracking (274)
[2019.07.16-16.57.12:734][638]LogModuleManager: Shutting down and abandoning module MagicLeapEyeTracker (272)
[2019.07.16-16.57.12:735][638]LogModuleManager: Shutting down and abandoning module MagicLeapController (270)
[2019.07.16-16.57.12:742][638]LogSlate: Slate User Destroyed.  User Index 0, Is Virtual User: 0
[2019.07.16-16.57.12:743][638]LogModuleManager: Shutting down and abandoning module MagicLeapAR (268)
[2019.07.16-16.57.12:743][638]LogModuleManager: Shutting down and abandoning module AugmentedReality (267)
[2019.07.16-16.57.12:743][638]LogModuleManager: Shutting down and abandoning module GameplayTagsEditor (264)
[2019.07.16-16.57.12:747][638]LogModuleManager: Shutting down and abandoning module FacialAnimationEditor (262)
[2019.07.16-16.57.12:747][638]LogModuleManager: Shutting down and abandoning module FacialAnimation (260)
[2019.07.16-16.57.12:747][638]LogModuleManager: Shutting down and abandoning module DataValidation (258)
[2019.07.16-16.57.12:747][638]LogModuleManager: Shutting down and abandoning module AssetManagerEditor (256)
[2019.07.16-16.57.12:763][638]LogModuleManager: Shutting down and abandoning module LevelEditor (255)
[2019.07.16-16.57.12:772][638]LogModuleManager: Shutting down and abandoning module PixelInspectorModule (254)
[2019.07.16-16.57.12:776][638]LogModuleManager: Shutting down and abandoning module CommonMenuExtensions (252)
[2019.07.16-16.57.12:776][638]LogModuleManager: Shutting down and abandoning module MainFrame (250)
[2019.07.16-16.57.12:776][638]LogModuleManager: Shutting down and abandoning module HotReload (249)
[2019.07.16-16.57.12:782][638]LogModuleManager: Shutting down and abandoning module ContentBrowser (245)
[2019.07.16-16.57.12:784][638]LogModuleManager: Shutting down and abandoning module TreeMap (243)
[2019.07.16-16.57.12:793][638]LogModuleManager: Shutting down and abandoning module AnimationSharing (240)
[2019.07.16-16.57.12:793][638]LogModuleManager: Shutting down and abandoning module LightPropagationVolumeRuntime (238)
[2019.07.16-16.57.12:793][638]LogModuleManager: Shutting down and abandoning module AISupportModule (236)
[2019.07.16-16.57.12:793][638]LogModuleManager: Shutting down and abandoning module Paper2D (234)
[2019.07.16-16.57.12:800][638]LogModuleManager: Shutting down and abandoning module WindowsMoviePlayer (232)
[2019.07.16-16.57.12:812][638]LogModuleManager: Shutting down and abandoning module WebMMoviePlayer (230)
[2019.07.16-16.57.12:820][638]LogModuleManager: Shutting down and abandoning module PacketHandler (228)
[2019.07.16-16.57.12:820][638]LogModuleManager: Shutting down and abandoning module ClothingSystemEditor (226)
[2019.07.16-16.57.12:820][638]LogModuleManager: Shutting down and abandoning module ClothingSystemRuntime (224)
[2019.07.16-16.57.12:837][638]LogModuleManager: Shutting down and abandoning module MediaAssets (222)
[2019.07.16-16.57.12:838][638]LogModuleManager: Shutting down and abandoning module Overlay (220)
[2019.07.16-16.57.12:838][638]LogModuleManager: Shutting down and abandoning module OverlayEditor (219)
[2019.07.16-16.57.12:838][638]LogModuleManager: Shutting down and abandoning module VREditor (216)
[2019.07.16-16.57.12:848][638]LogModuleManager: Shutting down and abandoning module StringTableEditor (214)
[2019.07.16-16.57.12:862][638]LogModuleManager: Shutting down and abandoning module GameplayTasksEditor (212)
[2019.07.16-16.57.12:862][638]LogModuleManager: Shutting down and abandoning module BehaviorTreeEditor (210)
[2019.07.16-16.57.12:918][638]LogModuleManager: Shutting down and abandoning module FunctionalTesting (208)
[2019.07.16-16.57.12:967][638]LogModuleManager: Shutting down and abandoning module CollisionAnalyzer (206)
[2019.07.16-16.57.12:978][638]LogModuleManager: Shutting down and abandoning module WorkspaceMenuStructure (205)
[2019.07.16-16.57.12:989][638]LogModuleManager: Shutting down and abandoning module UMG (202)
[2019.07.16-16.57.13:000][638]LogModuleManager: Shutting down and abandoning module UMGEditor (201)
[2019.07.16-16.57.13:039][638]LogModuleManager: Shutting down and abandoning module Sequencer (200)
[2019.07.16-16.57.13:126][638]LogModuleManager: Shutting down and abandoning module MessageLog (197)
[2019.07.16-16.57.13:126][638]LogModuleManager: Shutting down and abandoning module SlateReflector (192)
[2019.07.16-16.57.13:147][638]LogModuleManager: Shutting down and abandoning module Slate (190)
[2019.07.16-16.57.13:147][638]LogModuleManager: Shutting down and abandoning module EditorStyle (188)
[2019.07.16-16.57.13:153][638]LogModuleManager: Shutting down and abandoning module UnrealEd (186)
[2019.07.16-16.57.13:161][638]LogModuleManager: Shutting down and abandoning module MRMesh (184)
[2019.07.16-16.57.13:161][638]LogModuleManager: Shutting down and abandoning module SourceCodeAccess (182)
[2019.07.16-16.57.13:161][638]LogModuleManager: Shutting down and abandoning module HeadMountedDisplay (180)
[2019.07.16-16.57.13:161][638]LogModuleManager: Shutting down and abandoning module XAudio2 (178)
[2019.07.16-16.57.13:161][638]LogModuleManager: Shutting down and abandoning module Networking (176)
[2019.07.16-16.57.13:162][638]LogModuleManager: Shutting down and abandoning module Core (174)
[2019.07.16-16.57.13:162][638]LogModuleManager: Shutting down and abandoning module KismetCompiler (172)
[2019.07.16-16.57.13:162][638]LogModuleManager: Shutting down and abandoning module MeshUtilities (170)
[2019.07.16-16.57.13:162][638]LogModuleManager: Shutting down and abandoning module MeshMergeUtilities (169)
[2019.07.16-16.57.13:167][638]LogModuleManager: Shutting down and abandoning module MeshReductionInterface (168)
[2019.07.16-16.57.13:167][638]LogModuleManager: Shutting down and abandoning module SkeletalMeshReduction (167)
[2019.07.16-16.57.13:175][638]LogModuleManager: Shutting down and abandoning module ProxyLODMeshReduction (165)
[2019.07.16-16.57.13:253][638]LogModuleManager: Shutting down and abandoning module QuadricMeshReduction (163)
[2019.07.16-16.57.13:259][638]LogModuleManager: Shutting down and abandoning module MaterialBaking (159)
[2019.07.16-16.57.13:267][638]LogModuleManager: Shutting down and abandoning module DerivedDataCache (154)
[2019.07.16-16.57.13:336][638]LogDerivedDataCache: Shutdown
[2019.07.16-16.57.13:336][638]LogModuleManager: Shutting down and abandoning module XGEController (152)
[2019.07.16-16.57.13:345][638]LogModuleManager: Shutting down and abandoning module TargetPlatform (150)
[2019.07.16-16.57.13:354][638]LogModuleManager: Shutting down and abandoning module VulkanShaderFormat (149)
[2019.07.16-16.57.13:358][638]LogModuleManager: Shutting down and abandoning module ShaderFormatVectorVM (147)
[2019.07.16-16.57.13:368][638]LogModuleManager: Shutting down and abandoning module ShaderFormatOpenGL (145)
[2019.07.16-16.57.13:374][638]LogModuleManager: Shutting down and abandoning module ShaderFormatD3D (143)
[2019.07.16-16.57.13:375][638]LogModuleManager: Shutting down and abandoning module MetalShaderFormat (141)
[2019.07.16-16.57.13:378][638]LogModuleManager: Shutting down and abandoning module TextureFormatUncompressed (139)
[2019.07.16-16.57.13:379][638]LogModuleManager: Shutting down and abandoning module TextureFormatPVR (137)
[2019.07.16-16.57.13:379][638]LogModuleManager: Shutting down and abandoning module TextureFormatDXT (135)
[2019.07.16-16.57.13:383][638]LogModuleManager: Shutting down and abandoning module TextureFormatIntelISPCTexComp (133)
[2019.07.16-16.57.13:390][638]LogModuleManager: Shutting down and abandoning module TextureFormatASTC (131)
[2019.07.16-16.57.13:390][638]LogModuleManager: Shutting down and abandoning module ImageWrapper (130)
[2019.07.16-16.57.13:390][638]LogModuleManager: Shutting down and abandoning module TextureFormatAndroid (127)
[2019.07.16-16.57.13:390][638]LogModuleManager: Shutting down and abandoning module AudioFormatOpus (125)
[2019.07.16-16.57.13:399][638]LogModuleManager: Shutting down and abandoning module AudioFormatOgg (123)
[2019.07.16-16.57.13:399][638]LogModuleManager: Shutting down and abandoning module AudioFormatADPCM (121)
[2019.07.16-16.57.13:404][638]LogModuleManager: Shutting down and abandoning module LuminTargetPlatform (119)
[2019.07.16-16.57.13:414][638]LogModuleManager: Shutting down and abandoning module LinuxTargetPlatform (117)
[2019.07.16-16.57.13:414][638]LogModuleManager: Shutting down and abandoning module LinuxServerTargetPlatform (115)
[2019.07.16-16.57.13:422][638]LogModuleManager: Shutting down and abandoning module LinuxNoEditorTargetPlatform (113)
[2019.07.16-16.57.13:431][638]LogModuleManager: Shutting down and abandoning module LinuxClientTargetPlatform (111)
[2019.07.16-16.57.13:435][638]LogModuleManager: Shutting down and abandoning module TVOSTargetPlatform (109)
[2019.07.16-16.57.13:440][638]LogModuleManager: Shutting down and abandoning module Messaging (107)
[2019.07.16-16.57.13:440][638]LogModuleManager: Shutting down and abandoning module IOSTargetPlatform (105)
[2019.07.16-16.57.13:442][638]LogModuleManager: Shutting down and abandoning module HTML5TargetPlatform (103)
[2019.07.16-16.57.13:442][638]LogModuleManager: Shutting down and abandoning module AndroidTargetPlatform (101)
[2019.07.16-16.57.13:459][638]LogModuleManager: Shutting down and abandoning module WindowsTargetPlatform (99)
[2019.07.16-16.57.13:459][638]LogModuleManager: Shutting down and abandoning module WindowsServerTargetPlatform (97)
[2019.07.16-16.57.13:459][638]LogModuleManager: Shutting down and abandoning module WindowsNoEditorTargetPlatform (95)
[2019.07.16-16.57.13:459][638]LogModuleManager: Shutting down and abandoning module WindowsClientTargetPlatform (93)
[2019.07.16-16.57.13:459][638]LogModuleManager: Shutting down and abandoning module MacTargetPlatform (91)
[2019.07.16-16.57.13:459][638]LogModuleManager: Shutting down and abandoning module MacServerTargetPlatform (89)
[2019.07.16-16.57.13:460][638]LogModuleManager: Shutting down and abandoning module MacNoEditorTargetPlatform (87)
[2019.07.16-16.57.13:460][638]LogModuleManager: Shutting down and abandoning module MacClientTargetPlatform (85)
[2019.07.16-16.57.13:460][638]LogModuleManager: Shutting down and abandoning module AllDesktopTargetPlatform (83)
[2019.07.16-16.57.13:460][638]LogModuleManager: Shutting down and abandoning module InputCore (80)
[2019.07.16-16.57.13:460][638]LogModuleManager: Shutting down and abandoning module Settings (78)
[2019.07.16-16.57.13:460][638]LogModuleManager: Shutting down and abandoning module DirectoryWatcher (76)
[2019.07.16-16.57.13:460][638]LogModuleManager: Shutting down and abandoning module PhysXCooking (74)
[2019.07.16-16.57.13:461][638]LogModuleManager: Shutting down and abandoning module SteamVR (72)
[2019.07.16-16.57.13:480][638]LogHMD: Freeing OpenVRDLLHandle.
[2019.07.16-16.57.13:480][638]LogModuleManager: Shutting down and abandoning module OculusHMD (70)
[2019.07.16-16.57.13:486][638]LogModuleManager: Shutting down and abandoning module ExampleDeviceProfileSelector (68)
[2019.07.16-16.57.13:486][638]LogModuleManager: Shutting down and abandoning module LauncherChunkInstaller (66)
[2019.07.16-16.57.13:486][638]LogModuleManager: Shutting down and abandoning module OnlineBlueprintSupport (64)
[2019.07.16-16.57.13:486][638]LogModuleManager: Shutting down and abandoning module OnlineSubsystem (60)
[2019.07.16-16.57.13:488][638]LogModuleManager: Shutting down and abandoning module XMPP (55)
[2019.07.16-16.57.13:502][638]LogModuleManager: Shutting down and abandoning module WebSockets (54)
[2019.07.16-16.57.13:541][638]LogModuleManager: Shutting down and abandoning module HTTP (51)
[2019.07.16-16.57.13:541][638]LogHttp: Display: Http module shutting down, but needs to wait on 1 outstanding Http requests:
[2019.07.16-16.57.13:541][638]LogHttp: Display: 	verb=[POST] url=[https://datarouter.ol.epicgames.com/datarouter/api/v1/public/data?SessionID=%7B3459D9D8-48B4-8CF7-450C-E1839E0E5B76%7D&AppID=UEEditor.Rocket.Release&AppVersion=4.22.3-7053642%2B%2B%2BUE4%2BRelease-4.22&UserID=6368017e496ec0355375c3baf16aadb7%7Cff563bfa1e2b42f3b3a11d84fca4cb38%7C187ac642-85ee-44bd-9867-23fa74089cb6&AppEnvironment=datacollector-binary&UploadType=eteventstream] status=Processing
[2019.07.16-16.57.13:575][638]LogModuleManager: Shutting down and abandoning module SSL (50)
[2019.07.16-16.57.13:578][638]LogModuleManager: Shutting down and abandoning module WmfMedia (46)
[2019.07.16-16.57.13:595][638]LogModuleManager: Shutting down and abandoning module Media (45)
[2019.07.16-16.57.13:605][638]LogModuleManager: Shutting down and abandoning module MagicLeap (42)
[2019.07.16-16.57.13:609][638]LogModuleManager: Shutting down and abandoning module DatasmithContent (40)
[2019.07.16-16.57.13:612][638]LogModuleManager: Shutting down and abandoning module AnimationModifiers (38)
[2019.07.16-16.57.13:660][638]LogModuleManager: Shutting down and abandoning module PropertyEditor (37)
[2019.07.16-16.57.13:667][638]LogModuleManager: Shutting down and abandoning module AudioEditor (34)
[2019.07.16-16.57.13:762][638]LogModuleManager: Shutting down and abandoning module TextureCompressor (32)
[2019.07.16-16.57.13:767][638]LogModuleManager: Shutting down and abandoning module RenderCore (30)
[2019.07.16-16.57.13:768][638]LogModuleManager: Shutting down and abandoning module Landscape (28)
[2019.07.16-16.57.13:768][638]LogModuleManager: Shutting down and abandoning module SlateRHIRenderer (26)
[2019.07.16-16.57.13:787][638]LogModuleManager: Shutting down and abandoning module OpenGLDrv (24)
[2019.07.16-16.57.13:794][638]LogModuleManager: Shutting down and abandoning module D3D11RHI (22)
[2019.07.16-16.57.13:794][638]LogModuleManager: Shutting down and abandoning module AnimGraphRuntime (20)
[2019.07.16-16.57.13:794][638]LogModuleManager: Shutting down and abandoning module Renderer (18)
[2019.07.16-16.57.13:794][638]LogModuleManager: Shutting down and abandoning module Engine (16)
[2019.07.16-16.57.13:794][638]LogModuleManager: Shutting down and abandoning module CoreUObject (14)
[2019.07.16-16.57.13:794][638]LogModuleManager: Shutting down and abandoning module NetworkFile (12)
[2019.07.16-16.57.13:800][638]LogModuleManager: Shutting down and abandoning module CookedIterativeFile (10)
[2019.07.16-16.57.13:801][638]LogModuleManager: Shutting down and abandoning module StreamingFile (8)
[2019.07.16-16.57.13:809][638]LogModuleManager: Shutting down and abandoning module SandboxFile (6)
[2019.07.16-16.57.13:809][638]LogModuleManager: Shutting down and abandoning module PakFile (4)
[2019.07.16-16.57.13:820][638]LogModuleManager: Shutting down and abandoning module RSA (3)
[2019.07.16-16.57.13:876][638]LogExit: Exiting.
[2019.07.16-16.57.13:955][638]Log file closed, 07/16/19 12:57:13
