Log file open, 10/15/19 22:09:55
LogWindows: Failed to load 'aqProf.dll' (GetLastError=126)
LogWindows: File 'aqProf.dll' does not exist
LogWindows: Failed to load 'VtuneApi.dll' (GetLastError=126)
LogWindows: File 'VtuneApi.dll' does not exist
LogWindows: Failed to load 'VtuneApi32e.dll' (GetLastError=126)
LogWindows: File 'VtuneApi32e.dll' does not exist
LogConsoleResponse: Display: Failed to find resolution value strings in scalability ini. Falling back to default.
LogInit: Display: Running engine for game: FloorPlanDemo2
LogPakFile: Registered encryption key '00000000000000000000000000000000': 0 pak files mounted, 0 remain pending
LogPlatformFile: Not using cached read wrapper
LogTaskGraph: Started task graph with 5 named threads and 23 total threads with 3 sets of task threads.
LogStats: Stats thread started at 0.330621
LogD3D11RHI: Loaded GFSDK_Aftermath_Lib.x64.dll
LogICUInternationalization: ICU TimeZone Detection - Raw Offset: -5:00, Platform Override: ''
LogPluginManager: Mounting plugin Paper2D
LogPluginManager: Mounting plugin AISupport
LogPluginManager: Mounting plugin LightPropagationVolume
LogPluginManager: Mounting plugin ActorLayerUtilities
LogPluginManager: Mounting plugin AnimationSharing
LogPluginManager: Mounting plugin CLionSourceCodeAccess
LogPluginManager: Mounting plugin CodeLiteSourceCodeAccess
LogPluginManager: Mounting plugin GitSourceControl
LogPluginManager: Mounting plugin KDevelopSourceCodeAccess
LogPluginManager: Mounting plugin NullSourceCodeAccess
LogPluginManager: Mounting plugin PerforceSourceControl
LogPluginManager: Mounting plugin SubversionSourceControl
LogPluginManager: Mounting plugin UObjectPlugin
LogPluginManager: Mounting plugin VisualStudioCodeSourceCodeAccess
LogPluginManager: Mounting plugin VisualStudioSourceCodeAccess
LogPluginManager: Mounting plugin XCodeSourceCodeAccess
LogPluginManager: Mounting plugin AssetManagerEditor
LogPluginManager: Mounting plugin CryptoKeys
LogPluginManager: Mounting plugin DataValidation
LogPluginManager: Mounting plugin EditorScriptingUtilities
LogPluginManager: Mounting plugin FacialAnimation
LogPluginManager: Mounting plugin GameplayTagsEditor
LogPluginManager: Mounting plugin GLTFImporter
LogPluginManager: Mounting plugin MacGraphicsSwitching
LogPluginManager: Mounting plugin MaterialAnalyzer
LogPluginManager: Mounting plugin MeshEditor
LogPluginManager: Mounting plugin MobileLauncherProfileWizard
LogPluginManager: Mounting plugin PluginBrowser
LogPluginManager: Mounting plugin SpeedTreeImporter
LogPluginManager: Mounting plugin DatasmithContent
LogPluginManager: Mounting plugin VariantManagerContent
LogPluginManager: Mounting plugin AlembicImporter
LogPluginManager: Mounting plugin AppleImageUtils
LogPluginManager: Mounting plugin AppleVision
LogPluginManager: Mounting plugin BackChannel
LogPluginManager: Mounting plugin BlastPlugin
LogPluginManager: Mounting plugin ChaosSolverPlugin
LogPluginManager: Mounting plugin CharacterAI
LogPluginManager: Mounting plugin GeometryCache
LogPluginManager: Mounting plugin GeometryCollectionPlugin
LogPluginManager: Mounting plugin HTML5Networking
LogPluginManager: Mounting plugin ProxyLODPlugin
LogPluginManager: Mounting plugin SkeletalReduction
LogPluginManager: Mounting plugin MagicLeap
LogPluginManager: Mounting plugin MagicLeapMedia
LogPluginManager: Mounting plugin AndroidMedia
LogPluginManager: Mounting plugin AvfMedia
LogPluginManager: Mounting plugin ImgMedia
LogPluginManager: Mounting plugin LinearTimecode
LogPluginManager: Mounting plugin MediaCompositing
LogPluginManager: Mounting plugin MediaPlayerEditor
LogPluginManager: Mounting plugin WebMMedia
LogPluginManager: Mounting plugin WmfMedia
LogPluginManager: Mounting plugin TcpMessaging
LogPluginManager: Mounting plugin UdpMessaging
LogPluginManager: Mounting plugin ActorSequence
LogPluginManager: Mounting plugin LevelSequenceEditor
LogPluginManager: Mounting plugin MatineeToLevelSequence
LogPluginManager: Mounting plugin NetcodeUnitTest
LogPluginManager: Mounting plugin NUTUnrealEngine4
LogPluginManager: Mounting plugin OnlineSubsystemGooglePlay
LogPluginManager: Mounting plugin OnlineSubsystemIOS
LogPluginManager: Mounting plugin OnlineSubsystem
LogPluginManager: Mounting plugin OnlineSubsystemNull
LogPluginManager: Mounting plugin OnlineSubsystemUtils
LogPluginManager: Mounting plugin LauncherChunkInstaller
LogPluginManager: Mounting plugin AndroidDeviceProfileSelector
LogPluginManager: Mounting plugin AndroidMoviePlayer
LogPluginManager: Mounting plugin AndroidPermission
LogPluginManager: Mounting plugin AppleMoviePlayer
LogPluginManager: Mounting plugin ArchVisCharacter
LogPluginManager: Mounting plugin AudioCapture
LogPluginManager: Mounting plugin CableComponent
LogPluginManager: Mounting plugin CustomMeshComponent
LogPluginManager: Mounting plugin EditableMesh
LogPluginManager: Mounting plugin ExampleDeviceProfileSelector
LogPluginManager: Mounting plugin Firebase
LogPluginManager: Mounting plugin GoogleCloudMessaging
LogPluginManager: Mounting plugin IOSDeviceProfileSelector
LogPluginManager: Mounting plugin LinuxDeviceProfileSelector
LogPluginManager: Mounting plugin LocationServicesBPLibrary
LogPluginManager: Mounting plugin MobilePatchingUtils
LogPluginManager: Mounting plugin OculusVR
LogPluginManager: Mounting plugin PhysXVehicles
LogPluginManager: Mounting plugin ProceduralMeshComponent
LogPluginManager: Mounting plugin RuntimePhysXCooking
LogPluginManager: Mounting plugin SignificanceManager
LogPluginManager: Mounting plugin SteamVR
LogPluginManager: Mounting plugin WebMMoviePlayer
LogPluginManager: Mounting plugin WindowsMoviePlayer
LogPluginManager: Mounting plugin DatasmithCADImporter
LogPluginManager: Mounting plugin DatasmithDataPrepEditor
LogPluginManager: Mounting plugin DatasmithFBXImporter
LogPluginManager: Mounting plugin DatasmithGLTFImporter
LogPluginManager: Mounting plugin DatasmithImporter
LogPluginManager: Mounting plugin MDLImporter
LogPluginManager: Mounting plugin StaticMeshEditorExtension
LogPluginManager: Mounting plugin VariantManager
LogInit: Using libcurl 7.55.1-DEV
LogInit:  - built for x86_64-pc-win32
LogInit:  - supports SSL with OpenSSL/1.1.1
LogInit:  - supports HTTP deflate (compression) using libz 1.2.8
LogInit:  - other features:
LogInit:      CURL_VERSION_SSL
LogInit:      CURL_VERSION_LIBZ
LogInit:      CURL_VERSION_IPV6
LogInit:      CURL_VERSION_ASYNCHDNS
LogInit:      CURL_VERSION_LARGEFILE
LogInit:      CURL_VERSION_IDN
LogInit:  CurlRequestOptions (configurable via config and command line):
LogInit:  - bVerifyPeer = true  - Libcurl will verify peer certificate
LogInit:  - bUseHttpProxy = false  - Libcurl will NOT use HTTP proxy
LogInit:  - bDontReuseConnections = false  - Libcurl will reuse connections
LogInit:  - MaxHostConnections = 16  - Libcurl will limit the number of connections to a host
LogInit:  - LocalHostAddr = Default
LogInit:  - BufferSize = 65536
LogInit: WinSock: version 1.1 (2.2), MaxSocks=32767, MaxUdp=65467
LogInit: Build: ++UE4+Release-4.22-CL-7053642
LogInit: Engine Version: 4.22.3-7053642+++UE4+Release-4.22
LogInit: Compatible Engine Version: 4.22.0-5660361+++UE4+Release-4.22
LogInit: Net CL: 5660361
LogInit: OS: Windows 10 (Release 1809) (), CPU: Intel(R) Core(TM) i7-7700HQ CPU @ 2.80GHz, GPU: Intel(R) HD Graphics 630
LogInit: Compiled (64-bit): Jun 18 2019 03:09:11
LogInit: Compiled with Visual C++: 19.16.27025.01
LogInit: Build Configuration: Development
LogInit: Branch Name: ++UE4+Release-4.22
LogInit: Command Line:  -EpicPortal -epicusername=MottledToast724 -epicuserid=ff563bfa1e2b42f3b3a11d84fca4cb38 -epiclocale=en-US
LogInit: Base Directory: C:/Program Files/Epic Games/UE_4.22/Engine/Binaries/Win64/
LogInit: Installed Engine Build: 1
LogDevObjectVersion: Number of dev versions registered: 23
LogDevObjectVersion:   Dev-Blueprints (B0D832E4-1F89-4F0D-ACCF-7EB736FD4AA2): 10
LogDevObjectVersion:   Dev-Build (E1C64328-A22C-4D53-A36C-8E866417BD8C): 0
LogDevObjectVersion:   Dev-Core (375EC13C-06E4-48FB-B500-84F0262A717E): 3
LogDevObjectVersion:   Dev-Editor (E4B068ED-F494-42E9-A231-DA0B2E46BB41): 30
LogDevObjectVersion:   Dev-Framework (CFFC743F-43B0-4480-9391-14DF171D2073): 35
LogDevObjectVersion:   Dev-Mobile (B02B49B5-BB20-44E9-A304-32B752E40360): 2
LogDevObjectVersion:   Dev-Networking (A4E4105C-59A1-49B5-A7C5-40C4547EDFEE): 0
LogDevObjectVersion:   Dev-Online (39C831C9-5AE6-47DC-9A44-9C173E1C8E7C): 0
LogDevObjectVersion:   Dev-Physics (78F01B33-EBEA-4F98-B9B4-84EACCB95AA2): 0
LogDevObjectVersion:   Dev-Platform (6631380F-2D4D-43E0-8009-CF276956A95A): 0
LogDevObjectVersion:   Dev-Rendering (12F88B9F-8875-4AFC-A67C-D90C383ABD29): 28
LogDevObjectVersion:   Dev-Sequencer (7B5AE74C-D270-4C10-A958-57980B212A5A): 11
LogDevObjectVersion:   Dev-VR (D7296918-1DD6-4BDD-9DE2-64A83CC13884): 2
LogDevObjectVersion:   Dev-LoadTimes (C2A15278-BFE7-4AFE-6C17-90FF531DF755): 1
LogDevObjectVersion:   Private-Geometry (6EACA3D4-40EC-4CC1-B786-8BED09428FC5): 3
LogDevObjectVersion:   Dev-AnimPhys (29E575DD-E0A3-4627-9D10-D276232CDCEA): 17
LogDevObjectVersion:   Dev-Anim (AF43A65D-7FD3-4947-9873-3E8ED9C1BB05): 2
LogDevObjectVersion:   Dev-ReflectionCapture (6B266CEC-1EC7-4B8F-A30B-E4D90942FC07): 1
LogDevObjectVersion:   Dev-Automation (0DF73D61-A23F-47EA-B727-89E90C41499A): 1
LogDevObjectVersion:   FortniteMain (601D1886-AC64-4F84-AA16-D3DE0DEAC7D6): 25
LogDevObjectVersion:   Dev-Enterprise (9DFFBCD6-494F-0158-E221-12823C92A888): 6
LogDevObjectVersion:   Dev-Niagara (F2AED0AC-9AFE-416F-8664-AA7FFA26D6FC): 1
LogDevObjectVersion:   Dev-Destruction (174F1F0B-B4C6-45A5-B13F-2EE8D0FB917D): 2
LogInit: Presizing for max 16777216 objects, including 0 objects not considered by GC, pre-allocating 0 bytes for permanent pool.
LogInit: Object subsystem initialized
LogConfig: Setting CVar [[con.DebugEarlyDefault:1]]
LogConfig: Setting CVar [[r.setres:1280x720]]
[2019.10.16-02.09.57:248][  0]LogConfig: Setting CVar [[r.VSync:0]]
[2019.10.16-02.09.57:248][  0]LogConfig: Setting CVar [[r.RHICmdBypass:0]]
[2019.10.16-02.09.57:248][  0]LogConfig: Applying CVar settings from Section [/Script/Engine.RendererSettings] File [C:/Users/carla/Desktop/GitHub/FloorPlan/FloorPlanDemo2 4.22/Saved/Config/Windows/Engine.ini]
[2019.10.16-02.09.57:248][  0]LogConfig: Setting CVar [[r.GPUCrashDebugging:0]]
[2019.10.16-02.09.57:248][  0]LogConfig: Applying CVar settings from Section [/Script/Engine.RendererOverrideSettings] File [C:/Users/carla/Desktop/GitHub/FloorPlan/FloorPlanDemo2 4.22/Saved/Config/Windows/Engine.ini]
[2019.10.16-02.09.57:248][  0]LogConfig: Applying CVar settings from Section [/Script/Engine.StreamingSettings] File [C:/Users/carla/Desktop/GitHub/FloorPlan/FloorPlanDemo2 4.22/Saved/Config/Windows/Engine.ini]
[2019.10.16-02.09.57:248][  0]LogConfig: Setting CVar [[s.MinBulkDataSizeForAsyncLoading:131072]]
[2019.10.16-02.09.57:248][  0]LogConfig: Setting CVar [[s.AsyncLoadingThreadEnabled:0]]
[2019.10.16-02.09.57:248][  0]LogConfig: Setting CVar [[s.EventDrivenLoaderEnabled:1]]
[2019.10.16-02.09.57:248][  0]LogConfig: Setting CVar [[s.WarnIfTimeLimitExceeded:0]]
[2019.10.16-02.09.57:248][  0]LogConfig: Setting CVar [[s.TimeLimitExceededMultiplier:1.5]]
[2019.10.16-02.09.57:248][  0]LogConfig: Setting CVar [[s.TimeLimitExceededMinTime:0.005]]
[2019.10.16-02.09.57:248][  0]LogConfig: Setting CVar [[s.UseBackgroundLevelStreaming:1]]
[2019.10.16-02.09.57:248][  0]LogConfig: Setting CVar [[s.PriorityAsyncLoadingExtraTime:15.0]]
[2019.10.16-02.09.57:248][  0]LogConfig: Setting CVar [[s.LevelStreamingActorsUpdateTimeLimit:5.0]]
[2019.10.16-02.09.57:248][  0]LogConfig: Setting CVar [[s.PriorityLevelStreamingActorsUpdateExtraTime:5.0]]
[2019.10.16-02.09.57:248][  0]LogConfig: Setting CVar [[s.LevelStreamingComponentsRegistrationGranularity:10]]
[2019.10.16-02.09.57:248][  0]LogConfig: Setting CVar [[s.UnregisterComponentsTimeLimit:1.0]]
[2019.10.16-02.09.57:248][  0]LogConfig: Setting CVar [[s.LevelStreamingComponentsUnregistrationGranularity:5]]
[2019.10.16-02.09.57:248][  0]LogConfig: Applying CVar settings from Section [/Script/Engine.GarbageCollectionSettings] File [C:/Users/carla/Desktop/GitHub/FloorPlan/FloorPlanDemo2 4.22/Saved/Config/Windows/Engine.ini]
[2019.10.16-02.09.57:248][  0]LogConfig: Setting CVar [[gc.MaxObjectsNotConsideredByGC:1]]
[2019.10.16-02.09.57:248][  0]LogConfig: Setting CVar [[gc.SizeOfPermanentObjectPool:0]]
[2019.10.16-02.09.57:248][  0]LogConfig: Setting CVar [[gc.FlushStreamingOnGC:0]]
[2019.10.16-02.09.57:248][  0]LogConfig: Setting CVar [[gc.NumRetriesBeforeForcingGC:10]]
[2019.10.16-02.09.57:248][  0]LogConfig: Setting CVar [[gc.AllowParallelGC:1]]
[2019.10.16-02.09.57:248][  0]LogConfig: Setting CVar [[gc.TimeBetweenPurgingPendingKillObjects:61.1]]
[2019.10.16-02.09.57:248][  0]LogConfig: Setting CVar [[gc.MaxObjectsInEditor:16777216]]
[2019.10.16-02.09.57:248][  0]LogConfig: Setting CVar [[gc.IncrementalBeginDestroyEnabled:1]]
[2019.10.16-02.09.57:248][  0]LogConfig: Setting CVar [[gc.CreateGCClusters:1]]
[2019.10.16-02.09.57:248][  0]LogConfig: Setting CVar [[gc.MinGCClusterSize:5]]
[2019.10.16-02.09.57:248][  0]LogConfig: Setting CVar [[gc.ActorClusteringEnabled:0]]
[2019.10.16-02.09.57:248][  0]LogConfig: Setting CVar [[gc.BlueprintClusteringEnabled:0]]
[2019.10.16-02.09.57:248][  0]LogConfig: Setting CVar [[gc.UseDisregardForGCOnDedicatedServers:0]]
[2019.10.16-02.09.57:248][  0]LogConfig: Applying CVar settings from Section [/Script/Engine.NetworkSettings] File [C:/Users/carla/Desktop/GitHub/FloorPlan/FloorPlanDemo2 4.22/Saved/Config/Windows/Engine.ini]
[2019.10.16-02.09.57:248][  0]LogConfig: Applying CVar settings from Section [/Script/UnrealEd.CookerSettings] File [C:/Users/carla/Desktop/GitHub/FloorPlan/FloorPlanDemo2 4.22/Saved/Config/Windows/Engine.ini]
[2019.10.16-02.09.57:251][  0]LogConfig: Applying CVar settings from Section [ViewDistanceQuality@3] File [C:/Users/carla/Desktop/GitHub/FloorPlan/FloorPlanDemo2 4.22/Saved/Config/Windows/Scalability.ini]
[2019.10.16-02.09.57:251][  0]LogConfig: Setting CVar [[r.SkeletalMeshLODBias:0]]
[2019.10.16-02.09.57:251][  0]LogConfig: Setting CVar [[r.ViewDistanceScale:1.0]]
[2019.10.16-02.09.57:251][  0]LogConfig: Applying CVar settings from Section [AntiAliasingQuality@3] File [C:/Users/carla/Desktop/GitHub/FloorPlan/FloorPlanDemo2 4.22/Saved/Config/Windows/Scalability.ini]
[2019.10.16-02.09.57:251][  0]LogConfig: Setting CVar [[r.PostProcessAAQuality:4]]
[2019.10.16-02.09.57:251][  0]LogConfig: Applying CVar settings from Section [ShadowQuality@3] File [C:/Users/carla/Desktop/GitHub/FloorPlan/FloorPlanDemo2 4.22/Saved/Config/Windows/Scalability.ini]
[2019.10.16-02.09.57:251][  0]LogConfig: Setting CVar [[r.LightFunctionQuality:1]]
[2019.10.16-02.09.57:251][  0]LogConfig: Setting CVar [[r.ShadowQuality:5]]
[2019.10.16-02.09.57:251][  0]LogConfig: Setting CVar [[r.Shadow.CSM.MaxCascades:10]]
[2019.10.16-02.09.57:251][  0]LogConfig: Setting CVar [[r.Shadow.MaxResolution:2048]]
[2019.10.16-02.09.57:251][  0]LogConfig: Setting CVar [[r.Shadow.MaxCSMResolution:2048]]
[2019.10.16-02.09.57:251][  0]LogConfig: Setting CVar [[r.Shadow.RadiusThreshold:0.01]]
[2019.10.16-02.09.57:251][  0]LogConfig: Setting CVar [[r.Shadow.DistanceScale:1.0]]
[2019.10.16-02.09.57:251][  0]LogConfig: Setting CVar [[r.Shadow.CSM.TransitionScale:1.0]]
[2019.10.16-02.09.57:251][  0]LogConfig: Setting CVar [[r.Shadow.PreShadowResolutionFactor:1.0]]
[2019.10.16-02.09.57:251][  0]LogConfig: Setting CVar [[r.DistanceFieldShadowing:1]]
[2019.10.16-02.09.57:251][  0]LogConfig: Setting CVar [[r.DistanceFieldAO:1]]
[2019.10.16-02.09.57:251][  0]LogConfig: Setting CVar [[r.AOQuality:2]]
[2019.10.16-02.09.57:251][  0]LogConfig: Setting CVar [[r.VolumetricFog:1]]
[2019.10.16-02.09.57:251][  0]LogConfig: Setting CVar [[r.VolumetricFog.GridPixelSize:8]]
[2019.10.16-02.09.57:251][  0]LogConfig: Setting CVar [[r.VolumetricFog.GridSizeZ:128]]
[2019.10.16-02.09.57:251][  0]LogConfig: Setting CVar [[r.VolumetricFog.HistoryMissSupersampleCount:4]]
[2019.10.16-02.09.57:251][  0]LogConfig: Setting CVar [[r.LightMaxDrawDistanceScale:1]]
[2019.10.16-02.09.57:251][  0]LogConfig: Setting CVar [[r.CapsuleShadows:1]]
[2019.10.16-02.09.57:251][  0]LogConfig: Applying CVar settings from Section [PostProcessQuality@3] File [C:/Users/carla/Desktop/GitHub/FloorPlan/FloorPlanDemo2 4.22/Saved/Config/Windows/Scalability.ini]
[2019.10.16-02.09.57:251][  0]LogConfig: Setting CVar [[r.MotionBlurQuality:4]]
[2019.10.16-02.09.57:251][  0]LogConfig: Setting CVar [[r.AmbientOcclusionMipLevelFactor:0.4]]
[2019.10.16-02.09.57:251][  0]LogConfig: Setting CVar [[r.AmbientOcclusionMaxQuality:100]]
[2019.10.16-02.09.57:251][  0]LogConfig: Setting CVar [[r.AmbientOcclusionLevels:-1]]
[2019.10.16-02.09.57:251][  0]LogConfig: Setting CVar [[r.AmbientOcclusionRadiusScale:1.0]]
[2019.10.16-02.09.57:251][  0]LogConfig: Setting CVar [[r.DepthOfFieldQuality:2]]
[2019.10.16-02.09.57:251][  0]LogConfig: Setting CVar [[r.RenderTargetPoolMin:400]]
[2019.10.16-02.09.57:251][  0]LogConfig: Setting CVar [[r.LensFlareQuality:2]]
[2019.10.16-02.09.57:251][  0]LogConfig: Setting CVar [[r.SceneColorFringeQuality:1]]
[2019.10.16-02.09.57:251][  0]LogConfig: Setting CVar [[r.EyeAdaptationQuality:2]]
[2019.10.16-02.09.57:251][  0]LogConfig: Setting CVar [[r.BloomQuality:5]]
[2019.10.16-02.09.57:251][  0]LogConfig: Setting CVar [[r.FastBlurThreshold:100]]
[2019.10.16-02.09.57:251][  0]LogConfig: Setting CVar [[r.Upscale.Quality:3]]
[2019.10.16-02.09.57:251][  0]LogConfig: Setting CVar [[r.Tonemapper.GrainQuantization:1]]
[2019.10.16-02.09.57:251][  0]LogConfig: Setting CVar [[r.LightShaftQuality:1]]
[2019.10.16-02.09.57:251][  0]LogConfig: Setting CVar [[r.Filter.SizeScale:1]]
[2019.10.16-02.09.57:251][  0]LogConfig: Setting CVar [[r.Tonemapper.Quality:5]]
[2019.10.16-02.09.57:252][  0]LogConfig: Setting CVar [[r.DOF.Gather.AccumulatorQuality:1        ; higher gathering accumulator quality]]
[2019.10.16-02.09.57:252][  0]LogConfig: Setting CVar [[r.DOF.Gather.PostfilterMethod:1          ; Median3x3 postfilering method]]
[2019.10.16-02.09.57:252][  0]LogConfig: Setting CVar [[r.DOF.Gather.EnableBokehSettings:0       ; no bokeh simulation when gathering]]
[2019.10.16-02.09.57:252][  0]LogConfig: Setting CVar [[r.DOF.Gather.RingCount:4                 ; medium number of samples when gathering]]
[2019.10.16-02.09.57:252][  0]LogConfig: Setting CVar [[r.DOF.Scatter.ForegroundCompositing:1    ; additive foreground scattering]]
[2019.10.16-02.09.57:252][  0]LogConfig: Setting CVar [[r.DOF.Scatter.BackgroundCompositing:2    ; additive background scattering]]
[2019.10.16-02.09.57:252][  0]LogConfig: Setting CVar [[r.DOF.Scatter.EnableBokehSettings:1      ; bokeh simulation when scattering]]
[2019.10.16-02.09.57:252][  0]LogConfig: Setting CVar [[r.DOF.Scatter.MaxSpriteRatio:0.1         ; only a maximum of 10% of scattered bokeh]]
[2019.10.16-02.09.57:252][  0]LogConfig: Setting CVar [[r.DOF.Recombine.Quality:1                ; cheap slight out of focus]]
[2019.10.16-02.09.57:252][  0]LogConfig: Setting CVar [[r.DOF.Recombine.EnableBokehSettings:0    ; no bokeh simulation on slight out of focus]]
[2019.10.16-02.09.57:252][  0]LogConfig: Setting CVar [[r.DOF.TemporalAAQuality:1                ; more stable temporal accumulation]]
[2019.10.16-02.09.57:252][  0]LogConfig: Setting CVar [[r.DOF.Kernel.MaxForegroundRadius:0.025]]
[2019.10.16-02.09.57:252][  0]LogConfig: Setting CVar [[r.DOF.Kernel.MaxBackgroundRadius:0.025]]
[2019.10.16-02.09.57:252][  0]LogConfig: Applying CVar settings from Section [TextureQuality@3] File [C:/Users/carla/Desktop/GitHub/FloorPlan/FloorPlanDemo2 4.22/Saved/Config/Windows/Scalability.ini]
[2019.10.16-02.09.57:252][  0]LogConfig: Setting CVar [[r.Streaming.MipBias:0]]
[2019.10.16-02.09.57:252][  0]LogConfig: Setting CVar [[r.Streaming.AmortizeCPUToGPUCopy:0]]
[2019.10.16-02.09.57:252][  0]LogConfig: Setting CVar [[r.Streaming.MaxNumTexturesToStreamPerFrame:0]]
[2019.10.16-02.09.57:252][  0]LogConfig: Setting CVar [[r.Streaming.Boost:1]]
[2019.10.16-02.09.57:252][  0]LogConfig: Setting CVar [[r.MaxAnisotropy:8]]
[2019.10.16-02.09.57:252][  0]LogConfig: Setting CVar [[r.Streaming.LimitPoolSizeToVRAM:0]]
[2019.10.16-02.09.57:252][  0]LogConfig: Setting CVar [[r.Streaming.PoolSize:1000]]
[2019.10.16-02.09.57:252][  0]LogConfig: Setting CVar [[r.Streaming.MaxEffectiveScreenSize:0]]
[2019.10.16-02.09.57:252][  0]LogConfig: Applying CVar settings from Section [EffectsQuality@3] File [C:/Users/carla/Desktop/GitHub/FloorPlan/FloorPlanDemo2 4.22/Saved/Config/Windows/Scalability.ini]
[2019.10.16-02.09.57:252][  0]LogConfig: Setting CVar [[r.TranslucencyLightingVolumeDim:64]]
[2019.10.16-02.09.57:252][  0]LogConfig: Setting CVar [[r.RefractionQuality:2]]
[2019.10.16-02.09.57:252][  0]LogConfig: Setting CVar [[r.SSR.Quality:3]]
[2019.10.16-02.09.57:252][  0]LogConfig: Setting CVar [[r.SceneColorFormat:4]]
[2019.10.16-02.09.57:252][  0]LogConfig: Setting CVar [[r.DetailMode:2]]
[2019.10.16-02.09.57:252][  0]LogConfig: Setting CVar [[r.TranslucencyVolumeBlur:1]]
[2019.10.16-02.09.57:252][  0]LogConfig: Setting CVar [[r.MaterialQualityLevel:1 ; High quality]]
[2019.10.16-02.09.57:252][  0]LogConfig: Setting CVar [[r.SSS.Scale:1]]
[2019.10.16-02.09.57:252][  0]LogConfig: Setting CVar [[r.SSS.SampleSet:2]]
[2019.10.16-02.09.57:252][  0]LogConfig: Setting CVar [[r.SSS.Quality:1]]
[2019.10.16-02.09.57:252][  0]LogConfig: Setting CVar [[r.SSS.HalfRes:1]]
[2019.10.16-02.09.57:252][  0]LogConfig: Setting CVar [[r.EmitterSpawnRateScale:1.0]]
[2019.10.16-02.09.57:252][  0]LogConfig: Setting CVar [[r.ParticleLightQuality:2]]
[2019.10.16-02.09.57:252][  0]LogConfig: Applying CVar settings from Section [FoliageQuality@3] File [C:/Users/carla/Desktop/GitHub/FloorPlan/FloorPlanDemo2 4.22/Saved/Config/Windows/Scalability.ini]
[2019.10.16-02.09.57:252][  0]LogConfig: Setting CVar [[foliage.DensityScale:1.0]]
[2019.10.16-02.09.57:252][  0]LogConfig: Setting CVar [[grass.DensityScale:1.0]]
[2019.10.16-02.09.57:252][  0]LogInit: Selected Device Profile: [Windows]
[2019.10.16-02.09.57:252][  0]LogInit: Applying CVar settings loaded from the selected device profile: [Windows]
[2019.10.16-02.09.57:322][  0]LogHAL: Display: Platform has ~ 12 GB [12764549120 / 17179869184 / 12], which maps to Larger [LargestMinGB=32, LargerMinGB=12, DefaultMinGB=8, SmallerMinGB=6, SmallestMinGB=0)
[2019.10.16-02.09.57:322][  0]LogConfig: Setting CVar [[r.Vulkan.UseRealUBs:0		; Required until we fix HLR fall-out]]
[2019.10.16-02.09.57:322][  0]LogInit: Going up to parent DeviceProfile []
[2019.10.16-02.09.57:322][  0]LogConfig: Applying CVar settings from Section [ViewDistanceQuality@3] File [C:/Users/carla/Desktop/GitHub/FloorPlan/FloorPlanDemo2 4.22/Saved/Config/Windows/Scalability.ini]
[2019.10.16-02.09.57:322][  0]LogConfig: Setting CVar [[r.SkeletalMeshLODBias:0]]
[2019.10.16-02.09.57:322][  0]LogConfig: Setting CVar [[r.ViewDistanceScale:1.0]]
[2019.10.16-02.09.57:322][  0]LogConfig: Applying CVar settings from Section [AntiAliasingQuality@3] File [C:/Users/carla/Desktop/GitHub/FloorPlan/FloorPlanDemo2 4.22/Saved/Config/Windows/Scalability.ini]
[2019.10.16-02.09.57:322][  0]LogConfig: Setting CVar [[r.PostProcessAAQuality:4]]
[2019.10.16-02.09.57:322][  0]LogConfig: Applying CVar settings from Section [ShadowQuality@3] File [C:/Users/carla/Desktop/GitHub/FloorPlan/FloorPlanDemo2 4.22/Saved/Config/Windows/Scalability.ini]
[2019.10.16-02.09.57:322][  0]LogConfig: Setting CVar [[r.LightFunctionQuality:1]]
[2019.10.16-02.09.57:322][  0]LogConfig: Setting CVar [[r.ShadowQuality:5]]
[2019.10.16-02.09.57:322][  0]LogConfig: Setting CVar [[r.Shadow.CSM.MaxCascades:10]]
[2019.10.16-02.09.57:323][  0]LogConfig: Setting CVar [[r.Shadow.MaxResolution:2048]]
[2019.10.16-02.09.57:323][  0]LogConfig: Setting CVar [[r.Shadow.MaxCSMResolution:2048]]
[2019.10.16-02.09.57:323][  0]LogConfig: Setting CVar [[r.Shadow.RadiusThreshold:0.01]]
[2019.10.16-02.09.57:323][  0]LogConfig: Setting CVar [[r.Shadow.DistanceScale:1.0]]
[2019.10.16-02.09.57:323][  0]LogConfig: Setting CVar [[r.Shadow.CSM.TransitionScale:1.0]]
[2019.10.16-02.09.57:323][  0]LogConfig: Setting CVar [[r.Shadow.PreShadowResolutionFactor:1.0]]
[2019.10.16-02.09.57:323][  0]LogConfig: Setting CVar [[r.DistanceFieldShadowing:1]]
[2019.10.16-02.09.57:323][  0]LogConfig: Setting CVar [[r.DistanceFieldAO:1]]
[2019.10.16-02.09.57:323][  0]LogConfig: Setting CVar [[r.AOQuality:2]]
[2019.10.16-02.09.57:323][  0]LogConfig: Setting CVar [[r.VolumetricFog:1]]
[2019.10.16-02.09.57:323][  0]LogConfig: Setting CVar [[r.VolumetricFog.GridPixelSize:8]]
[2019.10.16-02.09.57:323][  0]LogConfig: Setting CVar [[r.VolumetricFog.GridSizeZ:128]]
[2019.10.16-02.09.57:323][  0]LogConfig: Setting CVar [[r.VolumetricFog.HistoryMissSupersampleCount:4]]
[2019.10.16-02.09.57:323][  0]LogConfig: Setting CVar [[r.LightMaxDrawDistanceScale:1]]
[2019.10.16-02.09.57:323][  0]LogConfig: Setting CVar [[r.CapsuleShadows:1]]
[2019.10.16-02.09.57:323][  0]LogConfig: Applying CVar settings from Section [PostProcessQuality@3] File [C:/Users/carla/Desktop/GitHub/FloorPlan/FloorPlanDemo2 4.22/Saved/Config/Windows/Scalability.ini]
[2019.10.16-02.09.57:323][  0]LogConfig: Setting CVar [[r.MotionBlurQuality:4]]
[2019.10.16-02.09.57:323][  0]LogConfig: Setting CVar [[r.AmbientOcclusionMipLevelFactor:0.4]]
[2019.10.16-02.09.57:323][  0]LogConfig: Setting CVar [[r.AmbientOcclusionMaxQuality:100]]
[2019.10.16-02.09.57:323][  0]LogConfig: Setting CVar [[r.AmbientOcclusionLevels:-1]]
[2019.10.16-02.09.57:323][  0]LogConfig: Setting CVar [[r.AmbientOcclusionRadiusScale:1.0]]
[2019.10.16-02.09.57:323][  0]LogConfig: Setting CVar [[r.DepthOfFieldQuality:2]]
[2019.10.16-02.09.57:323][  0]LogConfig: Setting CVar [[r.RenderTargetPoolMin:400]]
[2019.10.16-02.09.57:323][  0]LogConfig: Setting CVar [[r.LensFlareQuality:2]]
[2019.10.16-02.09.57:323][  0]LogConfig: Setting CVar [[r.SceneColorFringeQuality:1]]
[2019.10.16-02.09.57:323][  0]LogConfig: Setting CVar [[r.EyeAdaptationQuality:2]]
[2019.10.16-02.09.57:323][  0]LogConfig: Setting CVar [[r.BloomQuality:5]]
[2019.10.16-02.09.57:323][  0]LogConfig: Setting CVar [[r.FastBlurThreshold:100]]
[2019.10.16-02.09.57:323][  0]LogConfig: Setting CVar [[r.Upscale.Quality:3]]
[2019.10.16-02.09.57:323][  0]LogConfig: Setting CVar [[r.Tonemapper.GrainQuantization:1]]
[2019.10.16-02.09.57:323][  0]LogConfig: Setting CVar [[r.LightShaftQuality:1]]
[2019.10.16-02.09.57:323][  0]LogConfig: Setting CVar [[r.Filter.SizeScale:1]]
[2019.10.16-02.09.57:323][  0]LogConfig: Setting CVar [[r.Tonemapper.Quality:5]]
[2019.10.16-02.09.57:323][  0]LogConfig: Setting CVar [[r.DOF.Gather.AccumulatorQuality:1        ; higher gathering accumulator quality]]
[2019.10.16-02.09.57:323][  0]LogConfig: Setting CVar [[r.DOF.Gather.PostfilterMethod:1          ; Median3x3 postfilering method]]
[2019.10.16-02.09.57:323][  0]LogConfig: Setting CVar [[r.DOF.Gather.EnableBokehSettings:0       ; no bokeh simulation when gathering]]
[2019.10.16-02.09.57:323][  0]LogConfig: Setting CVar [[r.DOF.Gather.RingCount:4                 ; medium number of samples when gathering]]
[2019.10.16-02.09.57:323][  0]LogConfig: Setting CVar [[r.DOF.Scatter.ForegroundCompositing:1    ; additive foreground scattering]]
[2019.10.16-02.09.57:323][  0]LogConfig: Setting CVar [[r.DOF.Scatter.BackgroundCompositing:2    ; additive background scattering]]
[2019.10.16-02.09.57:323][  0]LogConfig: Setting CVar [[r.DOF.Scatter.EnableBokehSettings:1      ; bokeh simulation when scattering]]
[2019.10.16-02.09.57:323][  0]LogConfig: Setting CVar [[r.DOF.Scatter.MaxSpriteRatio:0.1         ; only a maximum of 10% of scattered bokeh]]
[2019.10.16-02.09.57:323][  0]LogConfig: Setting CVar [[r.DOF.Recombine.Quality:1                ; cheap slight out of focus]]
[2019.10.16-02.09.57:323][  0]LogConfig: Setting CVar [[r.DOF.Recombine.EnableBokehSettings:0    ; no bokeh simulation on slight out of focus]]
[2019.10.16-02.09.57:323][  0]LogConfig: Setting CVar [[r.DOF.TemporalAAQuality:1                ; more stable temporal accumulation]]
[2019.10.16-02.09.57:323][  0]LogConfig: Setting CVar [[r.DOF.Kernel.MaxForegroundRadius:0.025]]
[2019.10.16-02.09.57:323][  0]LogConfig: Setting CVar [[r.DOF.Kernel.MaxBackgroundRadius:0.025]]
[2019.10.16-02.09.57:323][  0]LogConfig: Applying CVar settings from Section [TextureQuality@3] File [C:/Users/carla/Desktop/GitHub/FloorPlan/FloorPlanDemo2 4.22/Saved/Config/Windows/Scalability.ini]
[2019.10.16-02.09.57:323][  0]LogConfig: Setting CVar [[r.Streaming.MipBias:0]]
[2019.10.16-02.09.57:323][  0]LogConfig: Setting CVar [[r.Streaming.AmortizeCPUToGPUCopy:0]]
[2019.10.16-02.09.57:323][  0]LogConfig: Setting CVar [[r.Streaming.MaxNumTexturesToStreamPerFrame:0]]
[2019.10.16-02.09.57:323][  0]LogConfig: Setting CVar [[r.Streaming.Boost:1]]
[2019.10.16-02.09.57:323][  0]LogConfig: Setting CVar [[r.MaxAnisotropy:8]]
[2019.10.16-02.09.57:323][  0]LogConfig: Setting CVar [[r.Streaming.LimitPoolSizeToVRAM:0]]
[2019.10.16-02.09.57:323][  0]LogConfig: Setting CVar [[r.Streaming.PoolSize:1000]]
[2019.10.16-02.09.57:323][  0]LogConfig: Setting CVar [[r.Streaming.MaxEffectiveScreenSize:0]]
[2019.10.16-02.09.57:323][  0]LogConfig: Applying CVar settings from Section [EffectsQuality@3] File [C:/Users/carla/Desktop/GitHub/FloorPlan/FloorPlanDemo2 4.22/Saved/Config/Windows/Scalability.ini]
[2019.10.16-02.09.57:323][  0]LogConfig: Setting CVar [[r.TranslucencyLightingVolumeDim:64]]
[2019.10.16-02.09.57:323][  0]LogConfig: Setting CVar [[r.RefractionQuality:2]]
[2019.10.16-02.09.57:323][  0]LogConfig: Setting CVar [[r.SSR.Quality:3]]
[2019.10.16-02.09.57:323][  0]LogConfig: Setting CVar [[r.SceneColorFormat:4]]
[2019.10.16-02.09.57:323][  0]LogConfig: Setting CVar [[r.DetailMode:2]]
[2019.10.16-02.09.57:323][  0]LogConfig: Setting CVar [[r.TranslucencyVolumeBlur:1]]
[2019.10.16-02.09.57:323][  0]LogConfig: Setting CVar [[r.MaterialQualityLevel:1 ; High quality]]
[2019.10.16-02.09.57:323][  0]LogConfig: Setting CVar [[r.SSS.Scale:1]]
[2019.10.16-02.09.57:323][  0]LogConfig: Setting CVar [[r.SSS.SampleSet:2]]
[2019.10.16-02.09.57:323][  0]LogConfig: Setting CVar [[r.SSS.Quality:1]]
[2019.10.16-02.09.57:323][  0]LogConfig: Setting CVar [[r.SSS.HalfRes:1]]
[2019.10.16-02.09.57:323][  0]LogConfig: Setting CVar [[r.EmitterSpawnRateScale:1.0]]
[2019.10.16-02.09.57:323][  0]LogConfig: Setting CVar [[r.ParticleLightQuality:2]]
[2019.10.16-02.09.57:323][  0]LogConfig: Applying CVar settings from Section [FoliageQuality@3] File [C:/Users/carla/Desktop/GitHub/FloorPlan/FloorPlanDemo2 4.22/Saved/Config/Windows/Scalability.ini]
[2019.10.16-02.09.57:323][  0]LogConfig: Setting CVar [[foliage.DensityScale:1.0]]
[2019.10.16-02.09.57:323][  0]LogConfig: Setting CVar [[grass.DensityScale:1.0]]
[2019.10.16-02.09.57:323][  0]LogConfig: Applying CVar settings from Section [Startup] File [../../../Engine/Config/ConsoleVariables.ini]
[2019.10.16-02.09.57:324][  0]LogConfig: Setting CVar [[net.UseAdaptiveNetUpdateFrequency:0]]
[2019.10.16-02.09.57:324][  0]LogConfig: Setting CVar [[p.chaos.AllowCreatePhysxBodies:1]]
[2019.10.16-02.09.57:324][  0]LogConfig: Applying CVar settings from Section [ConsoleVariables] File [C:/Users/carla/Desktop/GitHub/FloorPlan/FloorPlanDemo2 4.22/Saved/Config/Windows/Engine.ini]
[2019.10.16-02.09.57:324][  0]LogInit: Computer: LAPTOP-2IV3VN8H
[2019.10.16-02.09.57:324][  0]LogInit: User: carla
[2019.10.16-02.09.57:324][  0]LogInit: CPU Page size=4096, Cores=4
[2019.10.16-02.09.57:324][  0]LogInit: High frequency timer resolution =10.000000 MHz
[2019.10.16-02.09.57:324][  0]LogMemory: Memory total: Physical=11.9GB (12GB approx)
[2019.10.16-02.09.57:324][  0]LogMemory: Platform Memory Stats for Windows
[2019.10.16-02.09.57:324][  0]LogMemory: Process Physical Memory: 98.41 MB used, 98.41 MB peak
[2019.10.16-02.09.57:324][  0]LogMemory: Process Virtual Memory: 90.22 MB used, 90.22 MB peak
[2019.10.16-02.09.57:324][  0]LogMemory: Physical Memory: 8526.48 MB used,  3646.74 MB free, 12173.22 MB total
[2019.10.16-02.09.57:324][  0]LogMemory: Virtual Memory: 4658.47 MB used,  134213072.00 MB free, 134217728.00 MB total
[2019.10.16-02.09.57:357][  0]LogInit: Using OS detected language (en-US).
[2019.10.16-02.09.57:357][  0]LogInit: Using OS detected locale (en-US).
[2019.10.16-02.09.57:358][  0]LogTextLocalizationManager: No specific localization for 'en-US' exists, so the 'en' localization will be used.
[2019.10.16-02.09.57:572][  0]LogInit: Setting process to per monitor DPI aware
[2019.10.16-02.09.57:622][  0]LogSlate: New Slate User Created.  User Index 0, Is Virtual User: 0
[2019.10.16-02.09.57:622][  0]LogSlate: Slate User Registered.  User Index 0, Is Virtual User: 0
[2019.10.16-02.09.58:747][  0]LogHMD: Failed to initialize OpenVR with code 110
[2019.10.16-02.09.58:747][  0]LogD3D11RHI: D3D11 adapters:
[2019.10.16-02.09.58:844][  0]LogD3D11RHI:    0. 'NVIDIA GeForce GTX 1050' (Feature Level 11_0)
[2019.10.16-02.09.58:844][  0]LogD3D11RHI:       4019/0/6086 MB DedicatedVideo/DedicatedSystem/SharedSystem, Outputs:1, VendorId:0x10de
[2019.10.16-02.09.58:859][  0]LogD3D11RHI:    1. 'Intel(R) HD Graphics 630' (Feature Level 11_0)
[2019.10.16-02.09.58:859][  0]LogD3D11RHI:       128/0/6086 MB DedicatedVideo/DedicatedSystem/SharedSystem, Outputs:0, VendorId:0x8086
[2019.10.16-02.09.58:862][  0]LogD3D11RHI:    2. 'Microsoft Basic Render Driver' (Feature Level 11_0)
[2019.10.16-02.09.58:862][  0]LogD3D11RHI:       0/0/6086 MB DedicatedVideo/DedicatedSystem/SharedSystem, Outputs:0, VendorId:0x1414
[2019.10.16-02.09.58:862][  0]LogD3D11RHI: Chosen D3D11 Adapter: 0
[2019.10.16-02.09.58:900][  0]LogD3D11RHI: Creating new Direct3DDevice
[2019.10.16-02.09.58:901][  0]LogD3D11RHI:     GPU DeviceId: 0x1c8d (for the marketing name, search the web for "GPU Device Id")
[2019.10.16-02.09.58:901][  0]LogWindows: EnumDisplayDevices:
[2019.10.16-02.09.58:901][  0]LogWindows:    0. 'Intel(R) HD Graphics 630' (P:1 D:1)
[2019.10.16-02.09.58:901][  0]LogWindows:    1. 'Intel(R) HD Graphics 630' (P:0 D:0)
[2019.10.16-02.09.58:902][  0]LogWindows:    2. 'Intel(R) HD Graphics 630' (P:0 D:0)
[2019.10.16-02.09.58:903][  0]LogWindows:    3. 'NVIDIA GeForce GTX 1050' (P:0 D:0)
[2019.10.16-02.09.58:903][  0]LogWindows: DebugString: PrimaryIsNotTheChoosenAdapter PrimaryIsNotTheChoosenAdapter PrimaryIsNotTheChoosenAdapter 
[2019.10.16-02.09.58:903][  0]LogD3D11RHI:     Adapter Name: NVIDIA GeForce GTX 1050
[2019.10.16-02.09.58:903][  0]LogD3D11RHI:   Driver Version: 430.64 (internal:26.21.14.3064, unified:430.64)
[2019.10.16-02.09.58:903][  0]LogD3D11RHI:      Driver Date: 5-5-2019
[2019.10.16-02.09.58:903][  0]LogRHI: Texture pool is 2813 MB (70% of 4019 MB)
[2019.10.16-02.09.58:955][  0]LogD3D11RHI: Async texture creation enabled
[2019.10.16-02.09.58:959][  0]LogRendererCore: FGlobalReadBuffer::InitRHI
[2019.10.16-02.09.58:959][  0]LogRendererCore: FGlobalReadBuffer::InitRHI
[2019.10.16-02.09.58:959][  0]LogRendererCore: FGlobalReadBuffer::InitRHI
[2019.10.16-02.09.58:968][  0]LogD3D11RHI: GPU Timing Frequency: 1000.000000 (Debug: 2 1)
[2019.10.16-02.09.59:786][  0]LogTemp: Display: Module 'AllDesktopTargetPlatform' loaded TargetPlatform 'AllDesktop'
[2019.10.16-02.09.59:803][  0]LogTemp: Display: Module 'MacClientTargetPlatform' loaded TargetPlatform 'MacClient'
[2019.10.16-02.09.59:820][  0]LogTemp: Display: Module 'MacNoEditorTargetPlatform' loaded TargetPlatform 'MacNoEditor'
[2019.10.16-02.09.59:839][  0]LogTemp: Display: Module 'MacServerTargetPlatform' loaded TargetPlatform 'MacServer'
[2019.10.16-02.10.00:044][  0]LogTemp: Display: Module 'MacTargetPlatform' loaded TargetPlatform 'Mac'
[2019.10.16-02.10.00:061][  0]LogTemp: Display: Module 'WindowsClientTargetPlatform' loaded TargetPlatform 'WindowsClient'
[2019.10.16-02.10.00:078][  0]LogTemp: Display: Module 'WindowsNoEditorTargetPlatform' loaded TargetPlatform 'WindowsNoEditor'
[2019.10.16-02.10.00:094][  0]LogTemp: Display: Module 'WindowsServerTargetPlatform' loaded TargetPlatform 'WindowsServer'
[2019.10.16-02.10.00:104][  0]LogTemp: Display: Module 'WindowsTargetPlatform' loaded TargetPlatform 'Windows'
[2019.10.16-02.10.00:275][  0]LogTemp: Display: Module 'AndroidTargetPlatform' loaded TargetPlatform 'Android'
[2019.10.16-02.10.00:275][  0]LogTemp: Display: Module 'AndroidTargetPlatform' loaded TargetPlatform 'Android_ASTC'
[2019.10.16-02.10.00:275][  0]LogTemp: Display: Module 'AndroidTargetPlatform' loaded TargetPlatform 'Android_ATC'
[2019.10.16-02.10.00:275][  0]LogTemp: Display: Module 'AndroidTargetPlatform' loaded TargetPlatform 'Android_DXT'
[2019.10.16-02.10.00:275][  0]LogTemp: Display: Module 'AndroidTargetPlatform' loaded TargetPlatform 'Android_ETC1'
[2019.10.16-02.10.00:275][  0]LogTemp: Display: Module 'AndroidTargetPlatform' loaded TargetPlatform 'Android_ETC1a'
[2019.10.16-02.10.00:275][  0]LogTemp: Display: Module 'AndroidTargetPlatform' loaded TargetPlatform 'Android_ETC2'
[2019.10.16-02.10.00:275][  0]LogTemp: Display: Module 'AndroidTargetPlatform' loaded TargetPlatform 'Android_PVRTC'
[2019.10.16-02.10.00:275][  0]LogTemp: Display: Module 'AndroidTargetPlatform' loaded TargetPlatform 'AndroidClient'
[2019.10.16-02.10.00:275][  0]LogTemp: Display: Module 'AndroidTargetPlatform' loaded TargetPlatform 'Android_ASTCClient'
[2019.10.16-02.10.00:275][  0]LogTemp: Display: Module 'AndroidTargetPlatform' loaded TargetPlatform 'Android_ATCClient'
[2019.10.16-02.10.00:275][  0]LogTemp: Display: Module 'AndroidTargetPlatform' loaded TargetPlatform 'Android_DXTClient'
[2019.10.16-02.10.00:275][  0]LogTemp: Display: Module 'AndroidTargetPlatform' loaded TargetPlatform 'Android_ETC1Client'
[2019.10.16-02.10.00:275][  0]LogTemp: Display: Module 'AndroidTargetPlatform' loaded TargetPlatform 'Android_ETC1aClient'
[2019.10.16-02.10.00:275][  0]LogTemp: Display: Module 'AndroidTargetPlatform' loaded TargetPlatform 'Android_ETC2Client'
[2019.10.16-02.10.00:275][  0]LogTemp: Display: Module 'AndroidTargetPlatform' loaded TargetPlatform 'Android_PVRTCClient'
[2019.10.16-02.10.00:275][  0]LogTemp: Display: Module 'AndroidTargetPlatform' loaded TargetPlatform 'Android_Multi'
[2019.10.16-02.10.00:275][  0]LogTemp: Display: Module 'AndroidTargetPlatform' loaded TargetPlatform 'Android_MultiClient'
[2019.10.16-02.10.00:278][  0]LogTemp: Display: Module 'HTML5TargetPlatform' loaded TargetPlatform 'HTML5'
[2019.10.16-02.10.00:376][  0]LogTemp: Display: Module 'IOSTargetPlatform' loaded TargetPlatform 'IOSClient'
[2019.10.16-02.10.00:376][  0]LogTemp: Display: Module 'IOSTargetPlatform' loaded TargetPlatform 'IOS'
[2019.10.16-02.10.00:405][  0]LogTemp: Display: Module 'TVOSTargetPlatform' loaded TargetPlatform 'TVOSClient'
[2019.10.16-02.10.00:405][  0]LogTemp: Display: Module 'TVOSTargetPlatform' loaded TargetPlatform 'TVOS'
[2019.10.16-02.10.00:419][  0]LogTemp: Display: Module 'LinuxClientTargetPlatform' loaded TargetPlatform 'LinuxClient'
[2019.10.16-02.10.00:434][  0]LogTemp: Display: Module 'LinuxNoEditorTargetPlatform' loaded TargetPlatform 'LinuxNoEditor'
[2019.10.16-02.10.00:449][  0]LogTemp: Display: Module 'LinuxServerTargetPlatform' loaded TargetPlatform 'LinuxServer'
[2019.10.16-02.10.00:532][  0]LogTemp: Display: Module 'LinuxTargetPlatform' loaded TargetPlatform 'Linux'
[2019.10.16-02.10.00:588][  0]LogTemp: Display: Module 'LuminTargetPlatform' loaded TargetPlatform 'Lumin'
[2019.10.16-02.10.00:588][  0]LogTemp: Display: Module 'LuminTargetPlatform' loaded TargetPlatform 'LuminClient'
[2019.10.16-02.10.00:588][  0]LogTargetPlatformManager: Display: Building Assets For Windows
[2019.10.16-02.10.00:601][  0]LogAudioDebug: Display: Lib vorbis DLL was dynamically loaded.
[2019.10.16-02.10.00:673][  0]LogShaderCompilers: Guid format shader working directory is -29 characters bigger than the processId version (../../../../../../Users/carla/Desktop/GitHub/FloorPlan/FloorPlanDemo2 4.22/Intermediate/Shaders/WorkingDirectory/46220/).
[2019.10.16-02.10.00:674][  0]LogShaderCompilers: Cleaned the shader compiler working directory 'C:/Users/carla/AppData/Local/Temp/UnrealShaderWorkingDir/A5D65D3345CB817EE50AC0AA9A9A47E4/'.
[2019.10.16-02.10.00:676][  0]LogXGEController: Cannot use XGE Controller as Incredibuild is not installed on this machine.
[2019.10.16-02.10.00:676][  0]LogShaderCompilers: Cannot use XGE Shader Compiler as Incredibuild is not installed on this machine.
[2019.10.16-02.10.00:676][  0]LogShaderCompilers: Display: Using Local Shader Compiler.
[2019.10.16-02.10.11:996][  0]LogDerivedDataCache: Display: Max Cache Size: 512 MB
[2019.10.16-02.10.12:068][  0]LogDerivedDataCache: Loaded boot cache 0.07s 72MB C:/Users/carla/AppData/Local/UnrealEngine/4.22/DerivedDataCache/Boot.ddc.
[2019.10.16-02.10.12:068][  0]LogDerivedDataCache: Display: Loaded Boot cache: C:/Users/carla/AppData/Local/UnrealEngine/4.22/DerivedDataCache/Boot.ddc
[2019.10.16-02.10.12:068][  0]LogDerivedDataCache: FDerivedDataBackendGraph:  Pak pak cache file ../../../../../../Users/carla/Desktop/GitHub/FloorPlan/FloorPlanDemo2 4.22/DerivedDataCache/DDC.ddp not found, will not use a pak cache.
[2019.10.16-02.10.12:068][  0]LogDerivedDataCache: Unable to find inner node Pak for hierarchical cache Hierarchy.
[2019.10.16-02.10.12:068][  0]LogDerivedDataCache: FDerivedDataBackendGraph:  CompressedPak pak cache file ../../../../../../Users/carla/Desktop/GitHub/FloorPlan/FloorPlanDemo2 4.22/DerivedDataCache/Compressed.ddp not found, will not use a pak cache.
[2019.10.16-02.10.12:068][  0]LogDerivedDataCache: Unable to find inner node CompressedPak for hierarchical cache Hierarchy.
[2019.10.16-02.10.12:082][  0]LogDerivedDataCache: Display: Pak cache opened for reading ../../../Engine/DerivedDataCache/Compressed.ddp.
[2019.10.16-02.10.12:086][  0]LogDerivedDataCache: Display: Pak cache opened for reading ../../../Enterprise/DerivedDataCache/Compressed.ddp.
[2019.10.16-02.10.12:099][  0]LogDerivedDataCache: Using Local data cache path C:/Users/carla/AppData/Local/UnrealEngine/Common/DerivedDataCache: Writable
[2019.10.16-02.10.12:099][  0]LogDerivedDataCache: Shared data cache path not found in *engine.ini, will not use an Shared cache.
[2019.10.16-02.10.12:099][  0]LogDerivedDataCache: Unable to find inner node Shared for hierarchical cache Hierarchy.
[2019.10.16-02.10.12:130][  0]LogMaterial: Verifying Global Shaders for PCD3D_SM5
[2019.10.16-02.10.12:131][  0]LogSlate: Using FreeType 2.6.0
[2019.10.16-02.10.12:180][  0]LogSlate: SlateFontServices - WITH_FREETYPE: 1, WITH_HARFBUZZ: 1
[2019.10.16-02.10.16:238][  0]LogAssetRegistry: FAssetRegistry took 0.1358 seconds to start up
[2019.10.16-02.10.16:840][  0]LogInit: Selected Device Profile: [Windows]
[2019.10.16-02.10.17:028][  0]LogMeshReduction: Using QuadricMeshReduction for automatic static mesh reduction
[2019.10.16-02.10.17:028][  0]LogMeshReduction: Using SimplygonMeshReduction for automatic skeletal mesh reduction
[2019.10.16-02.10.17:028][  0]LogMeshReduction: Using ProxyLODMeshReduction for automatic mesh merging
[2019.10.16-02.10.17:028][  0]LogMeshReduction: No distributed automatic mesh merging module available
[2019.10.16-02.10.17:028][  0]LogMeshMerging: No distributed automatic mesh merging module available
[2019.10.16-02.10.17:051][  0]LogNetVersion: FloorPlanDemo2 1.0.0, NetCL: 5660361, EngineNetVer: 10, GameNetVer: 0 (Checksum: 1413269697)
[2019.10.16-02.10.17:795][  0]LogPackageLocalizationCache: Processed 16 localized package path(s) for 1 prioritized culture(s) in 0.111420 seconds
[2019.10.16-02.10.17:801][  0]LogUObjectArray: 42205 objects as part of root set at end of initial load.
[2019.10.16-02.10.17:801][  0]LogUObjectAllocator: 7325032 out of 0 bytes used by permanent object pool.
[2019.10.16-02.10.17:801][  0]LogUObjectArray: CloseDisregardForGC: 0/0 objects in disregard for GC pool
[2019.10.16-02.10.43:060][  0]LogTcpMessaging: Initializing TcpMessaging bridge
[2019.10.16-02.10.43:075][  0]LogUdpMessaging: Initializing bridge on interface 0.0.0.0:0 to multicast group 230.0.0.1:6666.
[2019.10.16-02.10.43:194][  0]SourceControl: Source control is disabled
[2019.10.16-02.10.43:195][  0]SourceControl: Source control is disabled
[2019.10.16-02.10.43:196][  0]SourceControl: Source control is disabled
[2019.10.16-02.10.43:197][  0]SourceControl: Source control is disabled
[2019.10.16-02.10.44:374][  0]LogAndroidPermission: UAndroidPermissionCallbackProxy::GetInstance
[2019.10.16-02.10.44:456][  0]LogOcInput: OculusInput pre-init called
[2019.10.16-02.10.52:150][  0]LogWindows: Failed to load 'libalias_api.dll' (GetLastError=126)
[2019.10.16-02.10.52:150][  0]LogWindows: File 'libalias_api.dll' does not exist
[2019.10.16-02.10.52:152][  0]LogWindows: Failed to load 'libalias_api.dll' (GetLastError=126)
[2019.10.16-02.10.52:152][  0]LogWindows: File 'libalias_api.dll' does not exist
[2019.10.16-02.10.52:363][  0]LogEngine: Initializing Engine...
[2019.10.16-02.10.52:364][  0]LogHMD: Failed to initialize OpenVR with code 110
[2019.10.16-02.10.52:366][  0]LogStats: UGameplayTagsManager::InitializeManager -  0.000 s
[2019.10.16-02.10.52:632][  0]LogInit: Initializing FReadOnlyCVARCache
[2019.10.16-02.10.52:654][  0]LogAIModule: Creating AISystem for world Untitled
[2019.10.16-02.10.52:759][  0]LogInit: XAudio2 using 'Speakers (High Definition Audio Device)' : 2 channels at 48 kHz using 16 bits per sample (channel mask 0x3)
[2019.10.16-02.10.52:935][  0]LogInit: FAudioDevice initialized.
[2019.10.16-02.10.52:935][  0]LogNetVersion: Set ProjectVersion to 1.0.0.0. Version Checksum will be recalculated on next use.
[2019.10.16-02.10.53:139][  0]LogDerivedDataCache: Saved boot cache 0.20s 72MB C:/Users/carla/AppData/Local/UnrealEngine/4.22/DerivedDataCache/Boot.ddc.
[2019.10.16-02.10.53:157][  0]LogInit: Texture streaming: Enabled
[2019.10.16-02.10.53:245][  0]LogEngineSessionManager: EngineSessionManager initialized
[2019.10.16-02.10.53:310][  0]LogInit: Transaction tracking system initialized
[2019.10.16-02.10.53:369][  0]BlueprintLog: New page: Editor Load
[2019.10.16-02.10.53:578][  0]LocalizationService: Localization service is disabled
[2019.10.16-02.10.54:655][  0]LogFileCache: Scanning file cache for directory 'C:/Users/carla/Desktop/GitHub/FloorPlan/FloorPlanDemo2 4.22/Content/' took 0.03s
[2019.10.16-02.10.54:655][  0]LogCook: Display: Max memory allowance for cook 16384mb min free memory 0mb
[2019.10.16-02.10.54:655][  0]LogCook: Display: Mobile HDR setting 1
[2019.10.16-02.10.55:537][  0]LogStaticMesh: Building static mesh Cube...
[2019.10.16-02.10.55:738][  0]LogStaticMesh: Built static mesh [0.22s] /Game/Cube.Cube
[2019.10.16-02.11.19:796][  0]SourceControl: Source control is disabled
[2019.10.16-02.11.20:043][  0]LogSlate: Took 0.036557 seconds to synchronously load lazily loaded font '../../../Engine/Content/Slate/Fonts/Roboto-Regular.ttf' (155K)
[2019.10.16-02.39.32:439][  0]LogSlate: Window 'Restore Packages' being destroyed
[2019.10.16-02.39.32:442][  0]LogWindowsTextInputMethodSystem: Display: IME system now deactivated.
[2019.10.16-02.39.32:449][  0]LogWindowsTextInputMethodSystem: Display: IME system now deactivated.
[2019.10.16-02.39.36:497][  0]LogSlate: Window 'Unable to Check Out From Source Control!' being destroyed
[2019.10.16-02.39.36:498][  0]LogWindowsTextInputMethodSystem: Display: IME system now deactivated.
[2019.10.16-02.39.36:503][  0]LogWindowsTextInputMethodSystem: Display: IME system now deactivated.
[2019.10.16-02.39.36:611][  0]Cmd: MAP LOAD FILE="../../../../../../Users/carla/Desktop/GitHub/FloorPlan/FloorPlanDemo2 4.22/Content/ScheduleMap/ThirdPersonExampleMap1.umap" TEMPLATE=0 SHOWPROGRESS=1 FEATURELEVEL=3
[2019.10.16-02.39.36:612][  0]LightingResults: New page: Lighting Build
[2019.10.16-02.39.36:617][  0]MapCheck: New page: Map Check
[2019.10.16-02.39.36:617][  0]LightingResults: New page: Lighting Build
[2019.10.16-02.39.36:944][  0]LogUObjectHash: Compacting FUObjectHashTables data took   2.37ms
[2019.10.16-02.39.42:379][  0]LogTexture: Display: Building textures: LQ_Lightmap_0_1 (DXT1, 1024X1024)
[2019.10.16-02.39.42:379][  0]LogTexture: Display: Building textures: SkyOcclusion0_2 (AutoDXT, 64X32)
[2019.10.16-02.39.42:379][  0]LogTexture: Display: Building textures: LQ_Lightmap_0_2 (DXT1, 64X64)
[2019.10.16-02.39.42:379][  0]LogTexture: Display: Building textures: HQ_Lightmap0_2 (AutoDXT, 64X64)
[2019.10.16-02.39.42:379][  0]LogTexture: Display: Building textures: SkyOcclusion0_1 (AutoDXT, 1024X512)
[2019.10.16-02.39.42:379][  0]LogTexture: Display: Building textures: HQ_Lightmap0_1 (AutoDXT, 1024X1024)
[2019.10.16-02.39.42:379][  0]LogTexture: Display: Building textures: ShadowMapTexture2D_0 (G8, 1024X512)
[2019.10.16-02.39.42:379][  0]LogTexture: Display: Building textures: ShadowMapTexture2D_1 (G8, 32X32)
[2019.10.16-02.39.42:379][  0]LogStaticMesh: Building static mesh Furniture_Geiger_Tables_Conference_Peer_AI_36D_x_120W_x_42H_Peer_ConferenceTable_Freestanding_with_Powered_Wood_Top...
[2019.10.16-02.39.42:574][  0]LogStaticMesh: Built static mesh [0.19s] /Game/Furniture/Plaza_006-Option_A/Geometries/Furniture_Geiger_Tables_Conference_Peer_AI_36D_x_120W_x_42H_Peer_ConferenceTable_Freestanding_with_Powered_Wood_Top.Furniture_Geiger_Tables_Conference_Peer_AI_36D_x_120W_x_42H_Peer_ConferenceTable_Freestanding_with_Powered_Wood_Top
[2019.10.16-02.39.42:591][  0]LogStaticMesh: Building static mesh Furniture_HermanMiller_Collection_EamesTables_RoundTableContractBase_Lam_Top_Thermo_Edge_28_5H_36Dia...
[2019.10.16-02.39.42:649][  0]LogStaticMesh: Built static mesh [0.06s] /Game/Furniture/Plaza_006-Option_A/Geometries/Furniture_HermanMiller_Collection_EamesTables_RoundTableContractBase_Lam_Top_Thermo_Edge_28_5H_36Dia.Furniture_HermanMiller_Collection_EamesTables_RoundTableContractBase_Lam_Top_Thermo_Edge_28_5H_36Dia
[2019.10.16-02.39.42:652][  0]LogStaticMesh: Building static mesh Furniture_HermanMiller_Collection_SheSaidStool_High_Height...
[2019.10.16-02.39.42:693][  0]LogStaticMesh: Built static mesh [0.04s] /Game/Furniture/Plaza_006-Option_A/Geometries/Furniture_HermanMiller_Collection_SheSaidStool_High_Height.Furniture_HermanMiller_Collection_SheSaidStool_High_Height
[2019.10.16-02.39.42:696][  0]LogStaticMesh: Building static mesh Furniture_HermanMiller_Seating_Setu_MultipurposeChair_Suspended_Upholstery_Ribbon_Arms_5-Star_Base_Standard_Height_Range_w__Casters...
[2019.10.16-02.39.43:099][  0]LogStaticMesh: Built static mesh [0.40s] /Game/Furniture/Plaza_006-Option_A/Geometries/Furniture_HermanMiller_Seating_Setu_MultipurposeChair_Suspended_Upholstery_Ribbon_Arms_5-Star_Base_Standard_Height_Range_w__Casters.Furniture_HermanMiller_Seating_Setu_MultipurposeChair_Suspended_Upholstery_Ribbon_Arms_5-Star_Base_Standard_Height_Range_w__Casters
[2019.10.16-02.39.43:151][  0]LogStaticMesh: Building static mesh Furniture_HermanMiller_TablesandFurniture_DT1BS_EverywhereSquareTable_4-ColumnBase_Lam_42D_42W_4-Column_Base...
[2019.10.16-02.39.43:186][  0]LogStaticMesh: Built static mesh [0.03s] /Game/Furniture/Plaza_006-Option_A/Geometries/Furniture_HermanMiller_TablesandFurniture_DT1BS_EverywhereSquareTable_4-ColumnBase_Lam_42D_42W_4-Column_Base.Furniture_HermanMiller_TablesandFurniture_DT1BS_EverywhereSquareTable_4-ColumnBase_Lam_42D_42W_4-Column_Base
[2019.10.16-02.39.43:190][  0]LogStaticMesh: Building static mesh Furniture_HermanMiller_TablesandFurniture_DT1FS_EverywhereSoftRectangleMeetingTable_3-ColumnBaseSpanner_Ven_30D_48W_Double_3-Column_Base_Spanner...
[2019.10.16-02.39.43:237][  0]LogStaticMesh: Built static mesh [0.05s] /Game/Furniture/Plaza_006-Option_A/Geometries/Furniture_HermanMiller_TablesandFurniture_DT1FS_EverywhereSoftRectangleMeetingTable_3-ColumnBaseSpanner_Ven_30D_48W_Double_3-Column_Base_Spanner.Furniture_HermanMiller_TablesandFurniture_DT1FS_EverywhereSoftRectangleMeetingTable_3-ColumnBaseSpanner_Ven_30D_48W_Double_3-Column_Base_Spanner
[2019.10.16-02.39.43:240][  0]LogStaticMesh: Building static mesh Furniture_Systems_HermanMiller_CanvasBeam-Based_FW120_FW121_BeamSection_Double-Sided_60_D_x_60_W...
[2019.10.16-02.39.43:250][  0]LogStaticMesh: Built static mesh [0.01s] /Game/Furniture/Plaza_006-Option_A/Geometries/Furniture_Systems_HermanMiller_CanvasBeam-Based_FW120_FW121_BeamSection_Double-Sided_60_D_x_60_W.Furniture_Systems_HermanMiller_CanvasBeam-Based_FW120_FW121_BeamSection_Double-Sided_60_D_x_60_W
[2019.10.16-02.39.43:251][  0]LogStaticMesh: Building static mesh Furniture_Systems_HermanMiller_CanvasBeam-Based_FW130_EndSupportOpen_Double-Sided_60_D...
[2019.10.16-02.39.43:268][  0]LogStaticMesh: Built static mesh [0.02s] /Game/Furniture/Plaza_006-Option_A/Geometries/Furniture_Systems_HermanMiller_CanvasBeam-Based_FW130_EndSupportOpen_Double-Sided_60_D.Furniture_Systems_HermanMiller_CanvasBeam-Based_FW130_EndSupportOpen_Double-Sided_60_D
[2019.10.16-02.39.43:269][  0]LogStaticMesh: Building static mesh Furniture_Systems_HermanMiller_CanvasBeam-Based_FW132_Mid-RunSupportClosed_Double-Sided_Pwrd...
[2019.10.16-02.39.43:282][  0]LogStaticMesh: Built static mesh [0.01s] /Game/Furniture/Plaza_006-Option_A/Geometries/Furniture_Systems_HermanMiller_CanvasBeam-Based_FW132_Mid-RunSupportClosed_Double-Sided_Pwrd.Furniture_Systems_HermanMiller_CanvasBeam-Based_FW132_Mid-RunSupportClosed_Double-Sided_Pwrd
[2019.10.16-02.39.43:283][  0]LogStaticMesh: Building static mesh Furniture_Systems_HermanMiller_CanvasBeam-Based_FW410_BeamAttachedScreenGlass_Opal_Etched_13_1_2_H_x_60_W...
[2019.10.16-02.39.43:288][  0]LogStaticMesh: Built static mesh [0.01s] /Game/Furniture/Plaza_006-Option_A/Geometries/Furniture_Systems_HermanMiller_CanvasBeam-Based_FW410_BeamAttachedScreenGlass_Opal_Etched_13_1_2_H_x_60_W.Furniture_Systems_HermanMiller_CanvasBeam-Based_FW410_BeamAttachedScreenGlass_Opal_Etched_13_1_2_H_x_60_W
[2019.10.16-02.39.43:289][  0]LogStaticMesh: Building static mesh Furniture_Systems_HermanMiller_CanvasBeam-Based_FWS10E_RectangularSurfaceEndPosition_Lam_24_D_x_63_W...
[2019.10.16-02.39.43:294][  0]LogStaticMesh: Built static mesh [0.00s] /Game/Furniture/Plaza_006-Option_A/Geometries/Furniture_Systems_HermanMiller_CanvasBeam-Based_FWS10E_RectangularSurfaceEndPosition_Lam_24_D_x_63_W.Furniture_Systems_HermanMiller_CanvasBeam-Based_FWS10E_RectangularSurfaceEndPosition_Lam_24_D_x_63_W
[2019.10.16-02.39.43:295][  0]LogStaticMesh: Building static mesh Furniture_Systems_HermanMiller_CanvasBeam-Based_FWS10M_RectangluarSurfaceMiddle_Lam_24_D_x_60_W...
[2019.10.16-02.39.43:297][  0]LogStaticMesh: Built static mesh [0.00s] /Game/Furniture/Plaza_006-Option_A/Geometries/Furniture_Systems_HermanMiller_CanvasBeam-Based_FWS10M_RectangluarSurfaceMiddle_Lam_24_D_x_60_W.Furniture_Systems_HermanMiller_CanvasBeam-Based_FWS10M_RectangluarSurfaceMiddle_Lam_24_D_x_60_W
[2019.10.16-02.39.43:298][  0]LogStaticMesh: Building static mesh Furniture_Systems_HermanMiller_Public_BVP1_ScreensSingleMaterial_29W_54H_Fabric...
[2019.10.16-02.39.43:400][  0]LogStaticMesh: Built static mesh [0.10s] /Game/Furniture/Plaza_006-Option_A/Geometries/Furniture_Systems_HermanMiller_Public_BVP1_ScreensSingleMaterial_29W_54H_Fabric.Furniture_Systems_HermanMiller_Public_BVP1_ScreensSingleMaterial_29W_54H_Fabric
[2019.10.16-02.39.43:410][  0]LogStaticMesh: Building static mesh Furniture_Systems_HermanMiller_Public_BVP3_ScreenAndDesktopDividerAlignmentKit_Place_at_top_of_42H_Screens_Straight_Placed_Clip...
[2019.10.16-02.39.43:426][  0]LogStaticMesh: Built static mesh [0.02s] /Game/Furniture/Plaza_006-Option_A/Geometries/Furniture_Systems_HermanMiller_Public_BVP3_ScreenAndDesktopDividerAlignmentKit_Place_at_top_of_42H_Screens_Straight_Placed_Clip.Furniture_Systems_HermanMiller_Public_BVP3_ScreenAndDesktopDividerAlignmentKit_Place_at_top_of_42H_Screens_Straight_Placed_Clip
[2019.10.16-02.39.43:428][  0]LogStaticMesh: Building static mesh Furniture_Systems_HermanMiller_Public_BVS2N_SectionalSeating_Corner_Left...
[2019.10.16-02.39.43:526][  0]LogStaticMesh: Built static mesh [0.10s] /Game/Furniture/Plaza_006-Option_A/Geometries/Furniture_Systems_HermanMiller_Public_BVS2N_SectionalSeating_Corner_Left.Furniture_Systems_HermanMiller_Public_BVS2N_SectionalSeating_Corner_Left
[2019.10.16-02.39.43:535][  0]LogStaticMesh: Building static mesh Furniture_Systems_HermanMiller_Public_BVS2N_SectionalSeating_Corner_Right...
[2019.10.16-02.39.43:657][  0]LogStaticMesh: Built static mesh [0.12s] /Game/Furniture/Plaza_006-Option_A/Geometries/Furniture_Systems_HermanMiller_Public_BVS2N_SectionalSeating_Corner_Right.Furniture_Systems_HermanMiller_Public_BVS2N_SectionalSeating_Corner_Right
[2019.10.16-02.39.43:669][  0]LogStaticMesh: Building static mesh Furniture_Systems_HermanMiller_Public_BVS2N_SectionalSeating_Straight...
[2019.10.16-02.39.43:756][  0]LogStaticMesh: Built static mesh [0.09s] /Game/Furniture/Plaza_006-Option_A/Geometries/Furniture_Systems_HermanMiller_Public_BVS2N_SectionalSeating_Straight.Furniture_Systems_HermanMiller_Public_BVS2N_SectionalSeating_Straight
[2019.10.16-02.39.43:763][  0]LogStaticMesh: Building static mesh Furniture_Systems_HermanMiller_Public_BVS3_Legs_Attached_to_One_Chair...
[2019.10.16-02.39.43:784][  0]LogStaticMesh: Built static mesh [0.02s] /Game/Furniture/Plaza_006-Option_A/Geometries/Furniture_Systems_HermanMiller_Public_BVS3_Legs_Attached_to_One_Chair.Furniture_Systems_HermanMiller_Public_BVS3_Legs_Attached_to_One_Chair
[2019.10.16-02.39.43:787][  0]LogStaticMesh: Building static mesh Furniture_Systems_HermanMiller_Public_BVS3_Legs_Attached_to_Three_Chairs...
[2019.10.16-02.39.43:822][  0]LogStaticMesh: Built static mesh [0.04s] /Game/Furniture/Plaza_006-Option_A/Geometries/Furniture_Systems_HermanMiller_Public_BVS3_Legs_Attached_to_Three_Chairs.Furniture_Systems_HermanMiller_Public_BVS3_Legs_Attached_to_Three_Chairs
[2019.10.16-02.39.43:826][  0]LogStaticMesh: Building static mesh Furniture_Systems_HermanMiller_Public_BVS3_Legs_Attached_to_Two_Chairs...
[2019.10.16-02.39.43:857][  0]LogStaticMesh: Built static mesh [0.03s] /Game/Furniture/Plaza_006-Option_A/Geometries/Furniture_Systems_HermanMiller_Public_BVS3_Legs_Attached_to_Two_Chairs.Furniture_Systems_HermanMiller_Public_BVS3_Legs_Attached_to_Two_Chairs
[2019.10.16-02.39.44:142][  0]LogStaticMesh: Building static mesh OB_03...
[2019.10.16-02.39.44:323][  0]LogStaticMesh: Built static mesh [0.18s] /Game/Furniture/OB_03.OB_03
[2019.10.16-02.39.44:539][  0]LogMaterial: Display: Missing cached shader map for material RevitMaster, compiling. 
[2019.10.16-02.39.44:925][  0]LogMaterial: Display: Missing cached shader map for material M_UE4Man_Body, compiling. 
[2019.10.16-02.39.45:062][  0]LogMaterial: Display: Missing cached shader map for material M_UE4Man_Body, compiling. 
[2019.10.16-02.39.45:189][  0]LogSkeletalMesh: Building Skeletal Mesh SK_Mannequin...
[2019.10.16-02.39.45:369][  0]LogSkeletalMesh: Built Skeletal Mesh [0.18s] /Game/Mannequin/Character/Mesh/SK_Mannequin.SK_Mannequin
[2019.10.16-02.39.45:492][  0]LogAIModule: Creating AISystem for world ThirdPersonExampleMap1
[2019.10.16-02.39.46:339][  0]LogEditorServer: Finished looking for orphan Actors (0.000 secs)
[2019.10.16-02.39.46:466][  0]LogUObjectHash: Compacting FUObjectHashTables data took   2.15ms
[2019.10.16-02.39.46:468][  0]Cmd: MAP CHECKDEP NOCLEARLOG
[2019.10.16-02.39.46:468][  0]MapCheck: Map check complete: 0 Error(s), 0 Warning(s), took 0.229ms to complete.
[2019.10.16-02.39.46:468][  0]LogFileHelpers: Loading map 'ThirdPersonExampleMap1' took 9.857
[2019.10.16-02.39.48:169][  0]LogSlate: Updating window title bar state: overlay mode, drag disabled, window buttons hidden, title bar hidden
[2019.10.16-02.39.48:194][  0]LogSlate: Updating window title bar state: overlay mode, drag disabled, window buttons hidden, title bar hidden
[2019.10.16-02.39.48:203][  0]LogSlate: Updating window title bar state: overlay mode, drag disabled, window buttons hidden, title bar hidden
[2019.10.16-02.39.48:215][  0]LogSlate: Updating window title bar state: overlay mode, drag disabled, window buttons hidden, title bar hidden
[2019.10.16-02.39.48:393][  0]LogCollectionManager: Loaded 0 collections in 0.003360 seconds
[2019.10.16-02.39.48:852][  0]LogFileCache: Scanning file cache for directory 'C:/Users/carla/Desktop/GitHub/FloorPlan/FloorPlanDemo2 4.22/Saved/Collections/' took 0.01s
[2019.10.16-02.39.48:852][  0]LogFileCache: Scanning file cache for directory 'C:/Users/carla/Desktop/GitHub/FloorPlan/FloorPlanDemo2 4.22/Content/Developers/carla/Collections/' took 0.01s
[2019.10.16-02.39.48:852][  0]LogFileCache: Scanning file cache for directory 'C:/Users/carla/Desktop/GitHub/FloorPlan/FloorPlanDemo2 4.22/Content/Collections/' took 0.01s
[2019.10.16-02.39.48:852][  0]LogCollectionManager: Rebuilt the GUID cache for 0 collections in 0.000000 seconds
[2019.10.16-02.39.48:865][  0]LogContentBrowser: Native class hierarchy populated in 0.0128 seconds. Added 2864 classes and 726 folders.
[2019.10.16-02.39.49:118][  0]LogContentBrowser: Native class hierarchy updated for 'WidgetCarousel' in 0.0003 seconds. Added 0 classes and 0 folders.
[2019.10.16-02.39.49:316][  0]LogPakFile: Registered encryption key '00000000000000000000000000000000': 0 pak files mounted, 0 remain pending
[2019.10.16-02.39.49:443][  0]LogPakFile: Registered encryption key '00000000000000000000000000000000': 0 pak files mounted, 0 remain pending
[2019.10.16-02.39.49:600][  0]LogPakFile: Registered encryption key '00000000000000000000000000000000': 0 pak files mounted, 0 remain pending
[2019.10.16-02.39.49:666][  0]LogPakFile: Registered encryption key '00000000000000000000000000000000': 0 pak files mounted, 0 remain pending
[2019.10.16-02.39.49:682][  0]LogPakFile: Registered encryption key '00000000000000000000000000000000': 0 pak files mounted, 0 remain pending
[2019.10.16-02.39.49:702][  0]LogPakFile: Registered encryption key '00000000000000000000000000000000': 0 pak files mounted, 0 remain pending
[2019.10.16-02.39.49:751][  0]LogPakFile: Registered encryption key '00000000000000000000000000000000': 0 pak files mounted, 0 remain pending
[2019.10.16-02.39.49:781][  0]LogPakFile: Registered encryption key '00000000000000000000000000000000': 0 pak files mounted, 0 remain pending
[2019.10.16-02.39.49:872][  0]LogPakFile: Registered encryption key '00000000000000000000000000000000': 0 pak files mounted, 0 remain pending
[2019.10.16-02.39.49:910][  0]LogPakFile: Registered encryption key '00000000000000000000000000000000': 0 pak files mounted, 0 remain pending
[2019.10.16-02.39.49:933][  0]LogPakFile: Registered encryption key '00000000000000000000000000000000': 0 pak files mounted, 0 remain pending
[2019.10.16-02.39.49:961][  0]LogPakFile: Registered encryption key '00000000000000000000000000000000': 0 pak files mounted, 0 remain pending
[2019.10.16-02.39.50:097][  0]LogPakFile: Registered encryption key '00000000000000000000000000000000': 0 pak files mounted, 0 remain pending
[2019.10.16-02.39.50:143][  0]LogPakFile: Registered encryption key '00000000000000000000000000000000': 0 pak files mounted, 0 remain pending
[2019.10.16-02.39.50:166][  0]LogPakFile: Registered encryption key '00000000000000000000000000000000': 0 pak files mounted, 0 remain pending
[2019.10.16-02.39.50:191][  0]LogPakFile: Registered encryption key '00000000000000000000000000000000': 0 pak files mounted, 0 remain pending
[2019.10.16-02.39.50:249][  0]LogPakFile: Registered encryption key '00000000000000000000000000000000': 0 pak files mounted, 0 remain pending
[2019.10.16-02.39.50:280][  0]LogPakFile: Registered encryption key '00000000000000000000000000000000': 0 pak files mounted, 0 remain pending
[2019.10.16-02.39.50:405][  0]LogPakFile: Registered encryption key '00000000000000000000000000000000': 0 pak files mounted, 0 remain pending
[2019.10.16-02.39.50:416][  0]LogPakFile: Registered encryption key '00000000000000000000000000000000': 0 pak files mounted, 0 remain pending
[2019.10.16-02.39.50:430][  0]LogPakFile: Registered encryption key '00000000000000000000000000000000': 0 pak files mounted, 0 remain pending
[2019.10.16-02.39.50:443][  0]LogPakFile: Registered encryption key '00000000000000000000000000000000': 0 pak files mounted, 0 remain pending
[2019.10.16-02.39.50:475][  0]LogPakFile: Registered encryption key '00000000000000000000000000000000': 0 pak files mounted, 0 remain pending
[2019.10.16-02.39.50:485][  0]LogPakFile: Registered encryption key '00000000000000000000000000000000': 0 pak files mounted, 0 remain pending
[2019.10.16-02.39.50:497][  0]LogPakFile: Registered encryption key '00000000000000000000000000000000': 0 pak files mounted, 0 remain pending
[2019.10.16-02.39.50:528][  0]LogPakFile: Registered encryption key '00000000000000000000000000000000': 0 pak files mounted, 0 remain pending
[2019.10.16-02.39.50:536][  0]LogPakFile: Registered encryption key '00000000000000000000000000000000': 0 pak files mounted, 0 remain pending
[2019.10.16-02.39.50:593][  0]LogPakFile: Registered encryption key '00000000000000000000000000000000': 0 pak files mounted, 0 remain pending
[2019.10.16-02.39.52:314][  0]LogContentBrowser: Native class hierarchy updated for 'AddContentDialog' in 0.0005 seconds. Added 0 classes and 0 folders.
[2019.10.16-02.39.52:340][  0]LogContentBrowser: Native class hierarchy updated for 'SceneOutliner' in 0.0004 seconds. Added 1 classes and 0 folders.
[2019.10.16-02.39.53:037][  0]LogSlate: Took 0.027058 seconds to synchronously load lazily loaded font '../../../Engine/Content/Slate/Fonts/Roboto-Bold.ttf' (160K)
[2019.10.16-02.39.53:161][  0]LogSlate: Took 0.029338 seconds to synchronously load lazily loaded font '../../../Engine/Content/Editor/Slate/Fonts/FontAwesome.ttf' (139K)
[2019.10.16-02.39.53:822][  0]LogRenderer: Reallocating scene render targets to support 908x436 Format 10 NumSamples 1 (Frame:1).
[2019.10.16-02.39.54:497][  0]LogSlate: Took 0.019590 seconds to synchronously load lazily loaded font '../../../Engine/Content/Slate/Fonts/Roboto-Light.ttf' (167K)
[2019.10.16-02.39.54:712][  0]LogContentBrowser: Native class hierarchy updated for 'HierarchicalLODOutliner' in 0.0005 seconds. Added 0 classes and 0 folders.
[2019.10.16-02.39.54:712][  0]LogLoad: (Engine Initialization) Total time: 1802.35 seconds
[2019.10.16-02.39.54:712][  0]LogLoad: (Engine Initialization) Total Blueprint compile time: 0.00 seconds
[2019.10.16-02.39.55:093][  0]LogAssetRegistry: Asset discovery search completed in 1778.8780 seconds
[2019.10.16-02.39.55:099][  0]LogCollectionManager: Rebuilt the object cache for 0 collections in 0.000001 seconds (found 0 objects)
[2019.10.16-02.39.55:099][  0]LogCollectionManager: Fixed up redirectors for 0 collections in 0.000110 seconds (updated 0 objects)
[2019.10.16-02.39.55:112][  0]LogContentStreaming: Texture pool size now 1000 MB
[2019.10.16-02.40.09:992][  2]LogSlate: Took 0.000387 seconds to synchronously load lazily loaded font '../../../Engine/Content/Slate/Fonts/Roboto-Light.ttf' (167K)
