Log file open, 07/15/19 16:02:06
LogWindows: Failed to load 'aqProf.dll' (GetLastError=126)
LogWindows: File 'aqProf.dll' does not exist
LogWindows: Failed to load 'VtuneApi.dll' (GetLastError=126)
LogWindows: File 'VtuneApi.dll' does not exist
LogWindows: Failed to load 'VtuneApi32e.dll' (GetLastError=126)
LogWindows: File 'VtuneApi32e.dll' does not exist
LogConsoleResponse: Display: Failed to find resolution value strings in scalability ini. Falling back to default.
LogInit: Display: Running engine for game: FloorPlanDemo2
LogPakFile: Registered encryption key '00000000000000000000000000000000': 0 pak files mounted, 0 remain pending
LogPlatformFile: Not using cached read wrapper
LogTaskGraph: Started task graph with 5 named threads and 23 total threads with 3 sets of task threads.
LogStats: Stats thread started at 0.409865
LogD3D11RHI: Loaded GFSDK_Aftermath_Lib.x64.dll
LogICUInternationalization: ICU TimeZone Detection - Raw Offset: -5:00, Platform Override: ''
LogPluginManager: Mounting plugin Paper2D
LogPluginManager: Mounting plugin AISupport
LogPluginManager: Mounting plugin LightPropagationVolume
LogPluginManager: Mounting plugin ActorLayerUtilities
LogPluginManager: Mounting plugin AnimationSharing
LogPluginManager: Mounting plugin CLionSourceCodeAccess
LogPluginManager: Mounting plugin CodeLiteSourceCodeAccess
LogPluginManager: Mounting plugin GitSourceControl
LogPluginManager: Mounting plugin KDevelopSourceCodeAccess
LogPluginManager: Mounting plugin NullSourceCodeAccess
LogPluginManager: Mounting plugin PerforceSourceControl
LogPluginManager: Mounting plugin SubversionSourceControl
LogPluginManager: Mounting plugin UObjectPlugin
LogPluginManager: Mounting plugin VisualStudioCodeSourceCodeAccess
LogPluginManager: Mounting plugin VisualStudioSourceCodeAccess
LogPluginManager: Mounting plugin XCodeSourceCodeAccess
LogPluginManager: Mounting plugin AssetManagerEditor
LogPluginManager: Mounting plugin CryptoKeys
LogPluginManager: Mounting plugin DataValidation
LogPluginManager: Mounting plugin FacialAnimation
LogPluginManager: Mounting plugin GameplayTagsEditor
LogPluginManager: Mounting plugin MacGraphicsSwitching
LogPluginManager: Mounting plugin MaterialAnalyzer
LogPluginManager: Mounting plugin MobileLauncherProfileWizard
LogPluginManager: Mounting plugin PluginBrowser
LogPluginManager: Mounting plugin SpeedTreeImporter
LogPluginManager: Mounting plugin DatasmithContent
LogPluginManager: Mounting plugin VariantManagerContent
LogPluginManager: Mounting plugin AlembicImporter
LogPluginManager: Mounting plugin AppleImageUtils
LogPluginManager: Mounting plugin AppleVision
LogPluginManager: Mounting plugin BackChannel
LogPluginManager: Mounting plugin CharacterAI
LogPluginManager: Mounting plugin GeometryCache
LogPluginManager: Mounting plugin HTML5Networking
LogPluginManager: Mounting plugin ProxyLODPlugin
LogPluginManager: Mounting plugin SkeletalReduction
LogPluginManager: Mounting plugin MagicLeap
LogPluginManager: Mounting plugin MagicLeapMedia
LogPluginManager: Mounting plugin AndroidMedia
LogPluginManager: Mounting plugin AvfMedia
LogPluginManager: Mounting plugin ImgMedia
LogPluginManager: Mounting plugin LinearTimecode
LogPluginManager: Mounting plugin MediaCompositing
LogPluginManager: Mounting plugin MediaPlayerEditor
LogPluginManager: Mounting plugin WebMMedia
LogPluginManager: Mounting plugin WmfMedia
LogPluginManager: Mounting plugin TcpMessaging
LogPluginManager: Mounting plugin UdpMessaging
LogPluginManager: Mounting plugin ActorSequence
LogPluginManager: Mounting plugin LevelSequenceEditor
LogPluginManager: Mounting plugin MatineeToLevelSequence
LogPluginManager: Mounting plugin NetcodeUnitTest
LogPluginManager: Mounting plugin NUTUnrealEngine4
LogPluginManager: Mounting plugin OnlineSubsystemGooglePlay
LogPluginManager: Mounting plugin OnlineSubsystemIOS
LogPluginManager: Mounting plugin OnlineSubsystem
LogPluginManager: Mounting plugin OnlineSubsystemNull
LogPluginManager: Mounting plugin OnlineSubsystemUtils
LogPluginManager: Mounting plugin LauncherChunkInstaller
LogPluginManager: Mounting plugin AndroidDeviceProfileSelector
LogPluginManager: Mounting plugin AndroidMoviePlayer
LogPluginManager: Mounting plugin AndroidPermission
LogPluginManager: Mounting plugin AppleMoviePlayer
LogPluginManager: Mounting plugin ArchVisCharacter
LogPluginManager: Mounting plugin AudioCapture
LogPluginManager: Mounting plugin CableComponent
LogPluginManager: Mounting plugin CustomMeshComponent
LogPluginManager: Mounting plugin EditableMesh
LogPluginManager: Mounting plugin ExampleDeviceProfileSelector
LogPluginManager: Mounting plugin Firebase
LogPluginManager: Mounting plugin GoogleCloudMessaging
LogPluginManager: Mounting plugin IOSDeviceProfileSelector
LogPluginManager: Mounting plugin LinuxDeviceProfileSelector
LogPluginManager: Mounting plugin LocationServicesBPLibrary
LogPluginManager: Mounting plugin MobilePatchingUtils
LogPluginManager: Mounting plugin OculusVR
LogPluginManager: Mounting plugin PhysXVehicles
LogPluginManager: Mounting plugin ProceduralMeshComponent
LogPluginManager: Mounting plugin RuntimePhysXCooking
LogPluginManager: Mounting plugin SignificanceManager
LogPluginManager: Mounting plugin SteamVR
LogPluginManager: Mounting plugin WebMMoviePlayer
LogPluginManager: Mounting plugin WindowsMoviePlayer
LogInit: Using libcurl 7.55.1-DEV
LogInit:  - built for x86_64-pc-win32
LogInit:  - supports SSL with OpenSSL/1.1.1
LogInit:  - supports HTTP deflate (compression) using libz 1.2.8
LogInit:  - other features:
LogInit:      CURL_VERSION_SSL
LogInit:      CURL_VERSION_LIBZ
LogInit:      CURL_VERSION_IPV6
LogInit:      CURL_VERSION_ASYNCHDNS
LogInit:      CURL_VERSION_LARGEFILE
LogInit:      CURL_VERSION_IDN
LogInit:  CurlRequestOptions (configurable via config and command line):
LogInit:  - bVerifyPeer = true  - Libcurl will verify peer certificate
LogInit:  - bUseHttpProxy = false  - Libcurl will NOT use HTTP proxy
LogInit:  - bDontReuseConnections = false  - Libcurl will reuse connections
LogInit:  - MaxHostConnections = 16  - Libcurl will limit the number of connections to a host
LogInit:  - LocalHostAddr = Default
LogInit:  - BufferSize = 65536
LogInit: WinSock: version 1.1 (2.2), MaxSocks=32767, MaxUdp=65467
LogInit: Build: ++UE4+Release-4.22-CL-7053642
LogInit: Engine Version: 4.22.3-7053642+++UE4+Release-4.22
LogInit: Compatible Engine Version: 4.22.0-5660361+++UE4+Release-4.22
LogInit: Net CL: 5660361
LogInit: OS: Windows 10 (Release 1809) (), CPU: Intel(R) Core(TM) i7-7700HQ CPU @ 2.80GHz, GPU: Intel(R) HD Graphics 630
LogInit: Compiled (64-bit): Jun 18 2019 03:09:11
LogInit: Compiled with Visual C++: 19.16.27025.01
LogInit: Build Configuration: Development
LogInit: Branch Name: ++UE4+Release-4.22
LogInit: Command Line:  -EpicPortal -epicusername=MottledToast724 -epicuserid=ff563bfa1e2b42f3b3a11d84fca4cb38 -epiclocale=en-US
LogInit: Base Directory: C:/Program Files/Epic Games/UE_4.22/Engine/Binaries/Win64/
LogInit: Installed Engine Build: 1
LogDevObjectVersion: Number of dev versions registered: 23
LogDevObjectVersion:   Dev-Blueprints (B0D832E4-1F89-4F0D-ACCF-7EB736FD4AA2): 10
LogDevObjectVersion:   Dev-Build (E1C64328-A22C-4D53-A36C-8E866417BD8C): 0
LogDevObjectVersion:   Dev-Core (375EC13C-06E4-48FB-B500-84F0262A717E): 3
LogDevObjectVersion:   Dev-Editor (E4B068ED-F494-42E9-A231-DA0B2E46BB41): 30
LogDevObjectVersion:   Dev-Framework (CFFC743F-43B0-4480-9391-14DF171D2073): 35
LogDevObjectVersion:   Dev-Mobile (B02B49B5-BB20-44E9-A304-32B752E40360): 2
LogDevObjectVersion:   Dev-Networking (A4E4105C-59A1-49B5-A7C5-40C4547EDFEE): 0
LogDevObjectVersion:   Dev-Online (39C831C9-5AE6-47DC-9A44-9C173E1C8E7C): 0
LogDevObjectVersion:   Dev-Physics (78F01B33-EBEA-4F98-B9B4-84EACCB95AA2): 0
LogDevObjectVersion:   Dev-Platform (6631380F-2D4D-43E0-8009-CF276956A95A): 0
LogDevObjectVersion:   Dev-Rendering (12F88B9F-8875-4AFC-A67C-D90C383ABD29): 28
LogDevObjectVersion:   Dev-Sequencer (7B5AE74C-D270-4C10-A958-57980B212A5A): 11
LogDevObjectVersion:   Dev-VR (D7296918-1DD6-4BDD-9DE2-64A83CC13884): 2
LogDevObjectVersion:   Dev-LoadTimes (C2A15278-BFE7-4AFE-6C17-90FF531DF755): 1
LogDevObjectVersion:   Private-Geometry (6EACA3D4-40EC-4CC1-B786-8BED09428FC5): 3
LogDevObjectVersion:   Dev-AnimPhys (29E575DD-E0A3-4627-9D10-D276232CDCEA): 17
LogDevObjectVersion:   Dev-Anim (AF43A65D-7FD3-4947-9873-3E8ED9C1BB05): 2
LogDevObjectVersion:   Dev-ReflectionCapture (6B266CEC-1EC7-4B8F-A30B-E4D90942FC07): 1
LogDevObjectVersion:   Dev-Automation (0DF73D61-A23F-47EA-B727-89E90C41499A): 1
LogDevObjectVersion:   FortniteMain (601D1886-AC64-4F84-AA16-D3DE0DEAC7D6): 25
LogDevObjectVersion:   Dev-Enterprise (9DFFBCD6-494F-0158-E221-12823C92A888): 6
LogDevObjectVersion:   Dev-Niagara (F2AED0AC-9AFE-416F-8664-AA7FFA26D6FC): 1
LogDevObjectVersion:   Dev-Destruction (174F1F0B-B4C6-45A5-B13F-2EE8D0FB917D): 2
LogInit: Presizing for max 16777216 objects, including 0 objects not considered by GC, pre-allocating 0 bytes for permanent pool.
LogInit: Object subsystem initialized
LogConfig: Setting CVar [[con.DebugEarlyDefault:1]]
LogConfig: Setting CVar [[r.setres:1280x720]]
[2019.07.15-20.02.07:367][  0]LogConfig: Setting CVar [[r.VSync:0]]
[2019.07.15-20.02.07:367][  0]LogConfig: Setting CVar [[r.RHICmdBypass:0]]
[2019.07.15-20.02.07:367][  0]LogConfig: Applying CVar settings from Section [/Script/Engine.RendererSettings] File [C:/Users/carla/Desktop/GitHub/FloorPlan/FloorPlanDemo2 4.22/Saved/Config/Windows/Engine.ini]
[2019.07.15-20.02.07:367][  0]LogConfig: Setting CVar [[r.GPUCrashDebugging:0]]
[2019.07.15-20.02.07:367][  0]LogConfig: Applying CVar settings from Section [/Script/Engine.RendererOverrideSettings] File [C:/Users/carla/Desktop/GitHub/FloorPlan/FloorPlanDemo2 4.22/Saved/Config/Windows/Engine.ini]
[2019.07.15-20.02.07:367][  0]LogConfig: Applying CVar settings from Section [/Script/Engine.StreamingSettings] File [C:/Users/carla/Desktop/GitHub/FloorPlan/FloorPlanDemo2 4.22/Saved/Config/Windows/Engine.ini]
[2019.07.15-20.02.07:367][  0]LogConfig: Setting CVar [[s.MinBulkDataSizeForAsyncLoading:131072]]
[2019.07.15-20.02.07:367][  0]LogConfig: Setting CVar [[s.AsyncLoadingThreadEnabled:0]]
[2019.07.15-20.02.07:367][  0]LogConfig: Setting CVar [[s.EventDrivenLoaderEnabled:1]]
[2019.07.15-20.02.07:367][  0]LogConfig: Setting CVar [[s.WarnIfTimeLimitExceeded:0]]
[2019.07.15-20.02.07:367][  0]LogConfig: Setting CVar [[s.TimeLimitExceededMultiplier:1.5]]
[2019.07.15-20.02.07:367][  0]LogConfig: Setting CVar [[s.TimeLimitExceededMinTime:0.005]]
[2019.07.15-20.02.07:368][  0]LogConfig: Setting CVar [[s.UseBackgroundLevelStreaming:1]]
[2019.07.15-20.02.07:368][  0]LogConfig: Setting CVar [[s.PriorityAsyncLoadingExtraTime:15.0]]
[2019.07.15-20.02.07:368][  0]LogConfig: Setting CVar [[s.LevelStreamingActorsUpdateTimeLimit:5.0]]
[2019.07.15-20.02.07:368][  0]LogConfig: Setting CVar [[s.PriorityLevelStreamingActorsUpdateExtraTime:5.0]]
[2019.07.15-20.02.07:368][  0]LogConfig: Setting CVar [[s.LevelStreamingComponentsRegistrationGranularity:10]]
[2019.07.15-20.02.07:368][  0]LogConfig: Setting CVar [[s.UnregisterComponentsTimeLimit:1.0]]
[2019.07.15-20.02.07:368][  0]LogConfig: Setting CVar [[s.LevelStreamingComponentsUnregistrationGranularity:5]]
[2019.07.15-20.02.07:368][  0]LogConfig: Applying CVar settings from Section [/Script/Engine.GarbageCollectionSettings] File [C:/Users/carla/Desktop/GitHub/FloorPlan/FloorPlanDemo2 4.22/Saved/Config/Windows/Engine.ini]
[2019.07.15-20.02.07:368][  0]LogConfig: Setting CVar [[gc.MaxObjectsNotConsideredByGC:1]]
[2019.07.15-20.02.07:368][  0]LogConfig: Setting CVar [[gc.SizeOfPermanentObjectPool:0]]
[2019.07.15-20.02.07:368][  0]LogConfig: Setting CVar [[gc.FlushStreamingOnGC:0]]
[2019.07.15-20.02.07:368][  0]LogConfig: Setting CVar [[gc.NumRetriesBeforeForcingGC:10]]
[2019.07.15-20.02.07:368][  0]LogConfig: Setting CVar [[gc.AllowParallelGC:1]]
[2019.07.15-20.02.07:368][  0]LogConfig: Setting CVar [[gc.TimeBetweenPurgingPendingKillObjects:61.1]]
[2019.07.15-20.02.07:368][  0]LogConfig: Setting CVar [[gc.MaxObjectsInEditor:16777216]]
[2019.07.15-20.02.07:368][  0]LogConfig: Setting CVar [[gc.IncrementalBeginDestroyEnabled:1]]
[2019.07.15-20.02.07:369][  0]LogConfig: Setting CVar [[gc.CreateGCClusters:1]]
[2019.07.15-20.02.07:369][  0]LogConfig: Setting CVar [[gc.MinGCClusterSize:5]]
[2019.07.15-20.02.07:369][  0]LogConfig: Setting CVar [[gc.ActorClusteringEnabled:0]]
[2019.07.15-20.02.07:369][  0]LogConfig: Setting CVar [[gc.BlueprintClusteringEnabled:0]]
[2019.07.15-20.02.07:369][  0]LogConfig: Setting CVar [[gc.UseDisregardForGCOnDedicatedServers:0]]
[2019.07.15-20.02.07:369][  0]LogConfig: Applying CVar settings from Section [/Script/Engine.NetworkSettings] File [C:/Users/carla/Desktop/GitHub/FloorPlan/FloorPlanDemo2 4.22/Saved/Config/Windows/Engine.ini]
[2019.07.15-20.02.07:369][  0]LogConfig: Applying CVar settings from Section [/Script/UnrealEd.CookerSettings] File [C:/Users/carla/Desktop/GitHub/FloorPlan/FloorPlanDemo2 4.22/Saved/Config/Windows/Engine.ini]
[2019.07.15-20.02.07:376][  0]LogConfig: Applying CVar settings from Section [ViewDistanceQuality@3] File [C:/Users/carla/Desktop/GitHub/FloorPlan/FloorPlanDemo2 4.22/Saved/Config/Windows/Scalability.ini]
[2019.07.15-20.02.07:376][  0]LogConfig: Setting CVar [[r.SkeletalMeshLODBias:0]]
[2019.07.15-20.02.07:376][  0]LogConfig: Setting CVar [[r.ViewDistanceScale:1.0]]
[2019.07.15-20.02.07:376][  0]LogConfig: Applying CVar settings from Section [AntiAliasingQuality@3] File [C:/Users/carla/Desktop/GitHub/FloorPlan/FloorPlanDemo2 4.22/Saved/Config/Windows/Scalability.ini]
[2019.07.15-20.02.07:376][  0]LogConfig: Setting CVar [[r.PostProcessAAQuality:4]]
[2019.07.15-20.02.07:376][  0]LogConfig: Applying CVar settings from Section [ShadowQuality@3] File [C:/Users/carla/Desktop/GitHub/FloorPlan/FloorPlanDemo2 4.22/Saved/Config/Windows/Scalability.ini]
[2019.07.15-20.02.07:376][  0]LogConfig: Setting CVar [[r.LightFunctionQuality:1]]
[2019.07.15-20.02.07:376][  0]LogConfig: Setting CVar [[r.ShadowQuality:5]]
[2019.07.15-20.02.07:376][  0]LogConfig: Setting CVar [[r.Shadow.CSM.MaxCascades:10]]
[2019.07.15-20.02.07:376][  0]LogConfig: Setting CVar [[r.Shadow.MaxResolution:2048]]
[2019.07.15-20.02.07:376][  0]LogConfig: Setting CVar [[r.Shadow.MaxCSMResolution:2048]]
[2019.07.15-20.02.07:377][  0]LogConfig: Setting CVar [[r.Shadow.RadiusThreshold:0.01]]
[2019.07.15-20.02.07:377][  0]LogConfig: Setting CVar [[r.Shadow.DistanceScale:1.0]]
[2019.07.15-20.02.07:377][  0]LogConfig: Setting CVar [[r.Shadow.CSM.TransitionScale:1.0]]
[2019.07.15-20.02.07:377][  0]LogConfig: Setting CVar [[r.Shadow.PreShadowResolutionFactor:1.0]]
[2019.07.15-20.02.07:377][  0]LogConfig: Setting CVar [[r.DistanceFieldShadowing:1]]
[2019.07.15-20.02.07:377][  0]LogConfig: Setting CVar [[r.DistanceFieldAO:1]]
[2019.07.15-20.02.07:377][  0]LogConfig: Setting CVar [[r.AOQuality:2]]
[2019.07.15-20.02.07:377][  0]LogConfig: Setting CVar [[r.VolumetricFog:1]]
[2019.07.15-20.02.07:377][  0]LogConfig: Setting CVar [[r.VolumetricFog.GridPixelSize:8]]
[2019.07.15-20.02.07:377][  0]LogConfig: Setting CVar [[r.VolumetricFog.GridSizeZ:128]]
[2019.07.15-20.02.07:377][  0]LogConfig: Setting CVar [[r.VolumetricFog.HistoryMissSupersampleCount:4]]
[2019.07.15-20.02.07:377][  0]LogConfig: Setting CVar [[r.LightMaxDrawDistanceScale:1]]
[2019.07.15-20.02.07:377][  0]LogConfig: Setting CVar [[r.CapsuleShadows:1]]
[2019.07.15-20.02.07:377][  0]LogConfig: Applying CVar settings from Section [PostProcessQuality@3] File [C:/Users/carla/Desktop/GitHub/FloorPlan/FloorPlanDemo2 4.22/Saved/Config/Windows/Scalability.ini]
[2019.07.15-20.02.07:377][  0]LogConfig: Setting CVar [[r.MotionBlurQuality:4]]
[2019.07.15-20.02.07:378][  0]LogConfig: Setting CVar [[r.AmbientOcclusionMipLevelFactor:0.4]]
[2019.07.15-20.02.07:378][  0]LogConfig: Setting CVar [[r.AmbientOcclusionMaxQuality:100]]
[2019.07.15-20.02.07:378][  0]LogConfig: Setting CVar [[r.AmbientOcclusionLevels:-1]]
[2019.07.15-20.02.07:378][  0]LogConfig: Setting CVar [[r.AmbientOcclusionRadiusScale:1.0]]
[2019.07.15-20.02.07:378][  0]LogConfig: Setting CVar [[r.DepthOfFieldQuality:2]]
[2019.07.15-20.02.07:378][  0]LogConfig: Setting CVar [[r.RenderTargetPoolMin:400]]
[2019.07.15-20.02.07:378][  0]LogConfig: Setting CVar [[r.LensFlareQuality:2]]
[2019.07.15-20.02.07:378][  0]LogConfig: Setting CVar [[r.SceneColorFringeQuality:1]]
[2019.07.15-20.02.07:378][  0]LogConfig: Setting CVar [[r.EyeAdaptationQuality:2]]
[2019.07.15-20.02.07:379][  0]LogConfig: Setting CVar [[r.BloomQuality:5]]
[2019.07.15-20.02.07:379][  0]LogConfig: Setting CVar [[r.FastBlurThreshold:100]]
[2019.07.15-20.02.07:379][  0]LogConfig: Setting CVar [[r.Upscale.Quality:3]]
[2019.07.15-20.02.07:379][  0]LogConfig: Setting CVar [[r.Tonemapper.GrainQuantization:1]]
[2019.07.15-20.02.07:379][  0]LogConfig: Setting CVar [[r.LightShaftQuality:1]]
[2019.07.15-20.02.07:379][  0]LogConfig: Setting CVar [[r.Filter.SizeScale:1]]
[2019.07.15-20.02.07:379][  0]LogConfig: Setting CVar [[r.Tonemapper.Quality:5]]
[2019.07.15-20.02.07:379][  0]LogConfig: Setting CVar [[r.DOF.Gather.AccumulatorQuality:1        ; higher gathering accumulator quality]]
[2019.07.15-20.02.07:380][  0]LogConfig: Setting CVar [[r.DOF.Gather.PostfilterMethod:1          ; Median3x3 postfilering method]]
[2019.07.15-20.02.07:380][  0]LogConfig: Setting CVar [[r.DOF.Gather.EnableBokehSettings:0       ; no bokeh simulation when gathering]]
[2019.07.15-20.02.07:380][  0]LogConfig: Setting CVar [[r.DOF.Gather.RingCount:4                 ; medium number of samples when gathering]]
[2019.07.15-20.02.07:380][  0]LogConfig: Setting CVar [[r.DOF.Scatter.ForegroundCompositing:1    ; additive foreground scattering]]
[2019.07.15-20.02.07:380][  0]LogConfig: Setting CVar [[r.DOF.Scatter.BackgroundCompositing:2    ; additive background scattering]]
[2019.07.15-20.02.07:380][  0]LogConfig: Setting CVar [[r.DOF.Scatter.EnableBokehSettings:1      ; bokeh simulation when scattering]]
[2019.07.15-20.02.07:380][  0]LogConfig: Setting CVar [[r.DOF.Scatter.MaxSpriteRatio:0.1         ; only a maximum of 10% of scattered bokeh]]
[2019.07.15-20.02.07:380][  0]LogConfig: Setting CVar [[r.DOF.Recombine.Quality:1                ; cheap slight out of focus]]
[2019.07.15-20.02.07:380][  0]LogConfig: Setting CVar [[r.DOF.Recombine.EnableBokehSettings:0    ; no bokeh simulation on slight out of focus]]
[2019.07.15-20.02.07:380][  0]LogConfig: Setting CVar [[r.DOF.TemporalAAQuality:1                ; more stable temporal accumulation]]
[2019.07.15-20.02.07:380][  0]LogConfig: Setting CVar [[r.DOF.Kernel.MaxForegroundRadius:0.025]]
[2019.07.15-20.02.07:380][  0]LogConfig: Setting CVar [[r.DOF.Kernel.MaxBackgroundRadius:0.025]]
[2019.07.15-20.02.07:380][  0]LogConfig: Applying CVar settings from Section [TextureQuality@3] File [C:/Users/carla/Desktop/GitHub/FloorPlan/FloorPlanDemo2 4.22/Saved/Config/Windows/Scalability.ini]
[2019.07.15-20.02.07:381][  0]LogConfig: Setting CVar [[r.Streaming.MipBias:0]]
[2019.07.15-20.02.07:381][  0]LogConfig: Setting CVar [[r.Streaming.AmortizeCPUToGPUCopy:0]]
[2019.07.15-20.02.07:381][  0]LogConfig: Setting CVar [[r.Streaming.MaxNumTexturesToStreamPerFrame:0]]
[2019.07.15-20.02.07:381][  0]LogConfig: Setting CVar [[r.Streaming.Boost:1]]
[2019.07.15-20.02.07:381][  0]LogConfig: Setting CVar [[r.MaxAnisotropy:8]]
[2019.07.15-20.02.07:381][  0]LogConfig: Setting CVar [[r.Streaming.LimitPoolSizeToVRAM:0]]
[2019.07.15-20.02.07:381][  0]LogConfig: Setting CVar [[r.Streaming.PoolSize:1000]]
[2019.07.15-20.02.07:381][  0]LogConfig: Setting CVar [[r.Streaming.MaxEffectiveScreenSize:0]]
[2019.07.15-20.02.07:381][  0]LogConfig: Applying CVar settings from Section [EffectsQuality@3] File [C:/Users/carla/Desktop/GitHub/FloorPlan/FloorPlanDemo2 4.22/Saved/Config/Windows/Scalability.ini]
[2019.07.15-20.02.07:381][  0]LogConfig: Setting CVar [[r.TranslucencyLightingVolumeDim:64]]
[2019.07.15-20.02.07:381][  0]LogConfig: Setting CVar [[r.RefractionQuality:2]]
[2019.07.15-20.02.07:381][  0]LogConfig: Setting CVar [[r.SSR.Quality:3]]
[2019.07.15-20.02.07:381][  0]LogConfig: Setting CVar [[r.SceneColorFormat:4]]
[2019.07.15-20.02.07:381][  0]LogConfig: Setting CVar [[r.DetailMode:2]]
[2019.07.15-20.02.07:381][  0]LogConfig: Setting CVar [[r.TranslucencyVolumeBlur:1]]
[2019.07.15-20.02.07:381][  0]LogConfig: Setting CVar [[r.MaterialQualityLevel:1 ; High quality]]
[2019.07.15-20.02.07:382][  0]LogConfig: Setting CVar [[r.SSS.Scale:1]]
[2019.07.15-20.02.07:382][  0]LogConfig: Setting CVar [[r.SSS.SampleSet:2]]
[2019.07.15-20.02.07:382][  0]LogConfig: Setting CVar [[r.SSS.Quality:1]]
[2019.07.15-20.02.07:382][  0]LogConfig: Setting CVar [[r.SSS.HalfRes:1]]
[2019.07.15-20.02.07:382][  0]LogConfig: Setting CVar [[r.EmitterSpawnRateScale:1.0]]
[2019.07.15-20.02.07:382][  0]LogConfig: Setting CVar [[r.ParticleLightQuality:2]]
[2019.07.15-20.02.07:382][  0]LogConfig: Applying CVar settings from Section [FoliageQuality@3] File [C:/Users/carla/Desktop/GitHub/FloorPlan/FloorPlanDemo2 4.22/Saved/Config/Windows/Scalability.ini]
[2019.07.15-20.02.07:382][  0]LogConfig: Setting CVar [[foliage.DensityScale:1.0]]
[2019.07.15-20.02.07:382][  0]LogConfig: Setting CVar [[grass.DensityScale:1.0]]
[2019.07.15-20.02.07:382][  0]LogInit: Selected Device Profile: [Windows]
[2019.07.15-20.02.07:382][  0]LogInit: Applying CVar settings loaded from the selected device profile: [Windows]
[2019.07.15-20.02.07:431][  0]LogHAL: Display: Platform has ~ 12 GB [12764549120 / 17179869184 / 12], which maps to Larger [LargestMinGB=32, LargerMinGB=12, DefaultMinGB=8, SmallerMinGB=6, SmallestMinGB=0)
[2019.07.15-20.02.07:431][  0]LogConfig: Setting CVar [[r.Vulkan.UseRealUBs:0		; Required until we fix HLR fall-out]]
[2019.07.15-20.02.07:431][  0]LogInit: Going up to parent DeviceProfile []
[2019.07.15-20.02.07:431][  0]LogConfig: Applying CVar settings from Section [ViewDistanceQuality@3] File [C:/Users/carla/Desktop/GitHub/FloorPlan/FloorPlanDemo2 4.22/Saved/Config/Windows/Scalability.ini]
[2019.07.15-20.02.07:431][  0]LogConfig: Setting CVar [[r.SkeletalMeshLODBias:0]]
[2019.07.15-20.02.07:431][  0]LogConfig: Setting CVar [[r.ViewDistanceScale:1.0]]
[2019.07.15-20.02.07:431][  0]LogConfig: Applying CVar settings from Section [AntiAliasingQuality@3] File [C:/Users/carla/Desktop/GitHub/FloorPlan/FloorPlanDemo2 4.22/Saved/Config/Windows/Scalability.ini]
[2019.07.15-20.02.07:431][  0]LogConfig: Setting CVar [[r.PostProcessAAQuality:4]]
[2019.07.15-20.02.07:431][  0]LogConfig: Applying CVar settings from Section [ShadowQuality@3] File [C:/Users/carla/Desktop/GitHub/FloorPlan/FloorPlanDemo2 4.22/Saved/Config/Windows/Scalability.ini]
[2019.07.15-20.02.07:431][  0]LogConfig: Setting CVar [[r.LightFunctionQuality:1]]
[2019.07.15-20.02.07:432][  0]LogConfig: Setting CVar [[r.ShadowQuality:5]]
[2019.07.15-20.02.07:432][  0]LogConfig: Setting CVar [[r.Shadow.CSM.MaxCascades:10]]
[2019.07.15-20.02.07:432][  0]LogConfig: Setting CVar [[r.Shadow.MaxResolution:2048]]
[2019.07.15-20.02.07:432][  0]LogConfig: Setting CVar [[r.Shadow.MaxCSMResolution:2048]]
[2019.07.15-20.02.07:432][  0]LogConfig: Setting CVar [[r.Shadow.RadiusThreshold:0.01]]
[2019.07.15-20.02.07:432][  0]LogConfig: Setting CVar [[r.Shadow.DistanceScale:1.0]]
[2019.07.15-20.02.07:432][  0]LogConfig: Setting CVar [[r.Shadow.CSM.TransitionScale:1.0]]
[2019.07.15-20.02.07:432][  0]LogConfig: Setting CVar [[r.Shadow.PreShadowResolutionFactor:1.0]]
[2019.07.15-20.02.07:432][  0]LogConfig: Setting CVar [[r.DistanceFieldShadowing:1]]
[2019.07.15-20.02.07:432][  0]LogConfig: Setting CVar [[r.DistanceFieldAO:1]]
[2019.07.15-20.02.07:432][  0]LogConfig: Setting CVar [[r.AOQuality:2]]
[2019.07.15-20.02.07:432][  0]LogConfig: Setting CVar [[r.VolumetricFog:1]]
[2019.07.15-20.02.07:432][  0]LogConfig: Setting CVar [[r.VolumetricFog.GridPixelSize:8]]
[2019.07.15-20.02.07:432][  0]LogConfig: Setting CVar [[r.VolumetricFog.GridSizeZ:128]]
[2019.07.15-20.02.07:432][  0]LogConfig: Setting CVar [[r.VolumetricFog.HistoryMissSupersampleCount:4]]
[2019.07.15-20.02.07:432][  0]LogConfig: Setting CVar [[r.LightMaxDrawDistanceScale:1]]
[2019.07.15-20.02.07:432][  0]LogConfig: Setting CVar [[r.CapsuleShadows:1]]
[2019.07.15-20.02.07:432][  0]LogConfig: Applying CVar settings from Section [PostProcessQuality@3] File [C:/Users/carla/Desktop/GitHub/FloorPlan/FloorPlanDemo2 4.22/Saved/Config/Windows/Scalability.ini]
[2019.07.15-20.02.07:432][  0]LogConfig: Setting CVar [[r.MotionBlurQuality:4]]
[2019.07.15-20.02.07:432][  0]LogConfig: Setting CVar [[r.AmbientOcclusionMipLevelFactor:0.4]]
[2019.07.15-20.02.07:432][  0]LogConfig: Setting CVar [[r.AmbientOcclusionMaxQuality:100]]
[2019.07.15-20.02.07:432][  0]LogConfig: Setting CVar [[r.AmbientOcclusionLevels:-1]]
[2019.07.15-20.02.07:433][  0]LogConfig: Setting CVar [[r.AmbientOcclusionRadiusScale:1.0]]
[2019.07.15-20.02.07:433][  0]LogConfig: Setting CVar [[r.DepthOfFieldQuality:2]]
[2019.07.15-20.02.07:433][  0]LogConfig: Setting CVar [[r.RenderTargetPoolMin:400]]
[2019.07.15-20.02.07:433][  0]LogConfig: Setting CVar [[r.LensFlareQuality:2]]
[2019.07.15-20.02.07:433][  0]LogConfig: Setting CVar [[r.SceneColorFringeQuality:1]]
[2019.07.15-20.02.07:433][  0]LogConfig: Setting CVar [[r.EyeAdaptationQuality:2]]
[2019.07.15-20.02.07:433][  0]LogConfig: Setting CVar [[r.BloomQuality:5]]
[2019.07.15-20.02.07:433][  0]LogConfig: Setting CVar [[r.FastBlurThreshold:100]]
[2019.07.15-20.02.07:433][  0]LogConfig: Setting CVar [[r.Upscale.Quality:3]]
[2019.07.15-20.02.07:433][  0]LogConfig: Setting CVar [[r.Tonemapper.GrainQuantization:1]]
[2019.07.15-20.02.07:433][  0]LogConfig: Setting CVar [[r.LightShaftQuality:1]]
[2019.07.15-20.02.07:433][  0]LogConfig: Setting CVar [[r.Filter.SizeScale:1]]
[2019.07.15-20.02.07:433][  0]LogConfig: Setting CVar [[r.Tonemapper.Quality:5]]
[2019.07.15-20.02.07:433][  0]LogConfig: Setting CVar [[r.DOF.Gather.AccumulatorQuality:1        ; higher gathering accumulator quality]]
[2019.07.15-20.02.07:433][  0]LogConfig: Setting CVar [[r.DOF.Gather.PostfilterMethod:1          ; Median3x3 postfilering method]]
[2019.07.15-20.02.07:433][  0]LogConfig: Setting CVar [[r.DOF.Gather.EnableBokehSettings:0       ; no bokeh simulation when gathering]]
[2019.07.15-20.02.07:433][  0]LogConfig: Setting CVar [[r.DOF.Gather.RingCount:4                 ; medium number of samples when gathering]]
[2019.07.15-20.02.07:433][  0]LogConfig: Setting CVar [[r.DOF.Scatter.ForegroundCompositing:1    ; additive foreground scattering]]
[2019.07.15-20.02.07:433][  0]LogConfig: Setting CVar [[r.DOF.Scatter.BackgroundCompositing:2    ; additive background scattering]]
[2019.07.15-20.02.07:434][  0]LogConfig: Setting CVar [[r.DOF.Scatter.EnableBokehSettings:1      ; bokeh simulation when scattering]]
[2019.07.15-20.02.07:434][  0]LogConfig: Setting CVar [[r.DOF.Scatter.MaxSpriteRatio:0.1         ; only a maximum of 10% of scattered bokeh]]
[2019.07.15-20.02.07:434][  0]LogConfig: Setting CVar [[r.DOF.Recombine.Quality:1                ; cheap slight out of focus]]
[2019.07.15-20.02.07:434][  0]LogConfig: Setting CVar [[r.DOF.Recombine.EnableBokehSettings:0    ; no bokeh simulation on slight out of focus]]
[2019.07.15-20.02.07:434][  0]LogConfig: Setting CVar [[r.DOF.TemporalAAQuality:1                ; more stable temporal accumulation]]
[2019.07.15-20.02.07:434][  0]LogConfig: Setting CVar [[r.DOF.Kernel.MaxForegroundRadius:0.025]]
[2019.07.15-20.02.07:434][  0]LogConfig: Setting CVar [[r.DOF.Kernel.MaxBackgroundRadius:0.025]]
[2019.07.15-20.02.07:434][  0]LogConfig: Applying CVar settings from Section [TextureQuality@3] File [C:/Users/carla/Desktop/GitHub/FloorPlan/FloorPlanDemo2 4.22/Saved/Config/Windows/Scalability.ini]
[2019.07.15-20.02.07:434][  0]LogConfig: Setting CVar [[r.Streaming.MipBias:0]]
[2019.07.15-20.02.07:434][  0]LogConfig: Setting CVar [[r.Streaming.AmortizeCPUToGPUCopy:0]]
[2019.07.15-20.02.07:434][  0]LogConfig: Setting CVar [[r.Streaming.MaxNumTexturesToStreamPerFrame:0]]
[2019.07.15-20.02.07:434][  0]LogConfig: Setting CVar [[r.Streaming.Boost:1]]
[2019.07.15-20.02.07:434][  0]LogConfig: Setting CVar [[r.MaxAnisotropy:8]]
[2019.07.15-20.02.07:434][  0]LogConfig: Setting CVar [[r.Streaming.LimitPoolSizeToVRAM:0]]
[2019.07.15-20.02.07:434][  0]LogConfig: Setting CVar [[r.Streaming.PoolSize:1000]]
[2019.07.15-20.02.07:434][  0]LogConfig: Setting CVar [[r.Streaming.MaxEffectiveScreenSize:0]]
[2019.07.15-20.02.07:434][  0]LogConfig: Applying CVar settings from Section [EffectsQuality@3] File [C:/Users/carla/Desktop/GitHub/FloorPlan/FloorPlanDemo2 4.22/Saved/Config/Windows/Scalability.ini]
[2019.07.15-20.02.07:434][  0]LogConfig: Setting CVar [[r.TranslucencyLightingVolumeDim:64]]
[2019.07.15-20.02.07:434][  0]LogConfig: Setting CVar [[r.RefractionQuality:2]]
[2019.07.15-20.02.07:434][  0]LogConfig: Setting CVar [[r.SSR.Quality:3]]
[2019.07.15-20.02.07:434][  0]LogConfig: Setting CVar [[r.SceneColorFormat:4]]
[2019.07.15-20.02.07:434][  0]LogConfig: Setting CVar [[r.DetailMode:2]]
[2019.07.15-20.02.07:434][  0]LogConfig: Setting CVar [[r.TranslucencyVolumeBlur:1]]
[2019.07.15-20.02.07:435][  0]LogConfig: Setting CVar [[r.MaterialQualityLevel:1 ; High quality]]
[2019.07.15-20.02.07:435][  0]LogConfig: Setting CVar [[r.SSS.Scale:1]]
[2019.07.15-20.02.07:435][  0]LogConfig: Setting CVar [[r.SSS.SampleSet:2]]
[2019.07.15-20.02.07:435][  0]LogConfig: Setting CVar [[r.SSS.Quality:1]]
[2019.07.15-20.02.07:435][  0]LogConfig: Setting CVar [[r.SSS.HalfRes:1]]
[2019.07.15-20.02.07:435][  0]LogConfig: Setting CVar [[r.EmitterSpawnRateScale:1.0]]
[2019.07.15-20.02.07:435][  0]LogConfig: Setting CVar [[r.ParticleLightQuality:2]]
[2019.07.15-20.02.07:435][  0]LogConfig: Applying CVar settings from Section [FoliageQuality@3] File [C:/Users/carla/Desktop/GitHub/FloorPlan/FloorPlanDemo2 4.22/Saved/Config/Windows/Scalability.ini]
[2019.07.15-20.02.07:435][  0]LogConfig: Setting CVar [[foliage.DensityScale:1.0]]
[2019.07.15-20.02.07:435][  0]LogConfig: Setting CVar [[grass.DensityScale:1.0]]
[2019.07.15-20.02.07:435][  0]LogConfig: Applying CVar settings from Section [Startup] File [../../../Engine/Config/ConsoleVariables.ini]
[2019.07.15-20.02.07:436][  0]LogConfig: Setting CVar [[net.UseAdaptiveNetUpdateFrequency:0]]
[2019.07.15-20.02.07:436][  0]LogConfig: Setting CVar [[p.chaos.AllowCreatePhysxBodies:1]]
[2019.07.15-20.02.07:436][  0]LogConfig: Applying CVar settings from Section [ConsoleVariables] File [C:/Users/carla/Desktop/GitHub/FloorPlan/FloorPlanDemo2 4.22/Saved/Config/Windows/Engine.ini]
[2019.07.15-20.02.07:436][  0]LogInit: Computer: LAPTOP-2IV3VN8H
[2019.07.15-20.02.07:436][  0]LogInit: User: carla
[2019.07.15-20.02.07:436][  0]LogInit: CPU Page size=4096, Cores=4
[2019.07.15-20.02.07:436][  0]LogInit: High frequency timer resolution =10.000000 MHz
[2019.07.15-20.02.07:437][  0]LogMemory: Memory total: Physical=11.9GB (12GB approx)
[2019.07.15-20.02.07:437][  0]LogMemory: Platform Memory Stats for Windows
[2019.07.15-20.02.07:437][  0]LogMemory: Process Physical Memory: 96.25 MB used, 96.25 MB peak
[2019.07.15-20.02.07:437][  0]LogMemory: Process Virtual Memory: 90.70 MB used, 90.70 MB peak
[2019.07.15-20.02.07:437][  0]LogMemory: Physical Memory: 6458.13 MB used,  5715.09 MB free, 12173.22 MB total
[2019.07.15-20.02.07:437][  0]LogMemory: Virtual Memory: 4658.95 MB used,  134213072.00 MB free, 134217728.00 MB total
[2019.07.15-20.02.07:527][  0]LogInit: Using OS detected language (en-US).
[2019.07.15-20.02.07:527][  0]LogInit: Using OS detected locale (en-US).
[2019.07.15-20.02.07:532][  0]LogTextLocalizationManager: No specific localization for 'en-US' exists, so the 'en' localization will be used.
[2019.07.15-20.02.08:166][  0]LogInit: Setting process to per monitor DPI aware
[2019.07.15-20.02.08:303][  0]LogSlate: New Slate User Created.  User Index 0, Is Virtual User: 0
[2019.07.15-20.02.08:303][  0]LogSlate: Slate User Registered.  User Index 0, Is Virtual User: 0
[2019.07.15-20.02.08:913][  0]LogHMD: Failed to initialize OpenVR with code 110
[2019.07.15-20.02.08:913][  0]LogD3D11RHI: D3D11 adapters:
[2019.07.15-20.02.09:131][  0]LogD3D11RHI:    0. 'NVIDIA GeForce GTX 1050' (Feature Level 11_0)
[2019.07.15-20.02.09:131][  0]LogD3D11RHI:       4019/0/6086 MB DedicatedVideo/DedicatedSystem/SharedSystem, Outputs:1, VendorId:0x10de
[2019.07.15-20.02.09:190][  0]LogD3D11RHI:    1. 'Intel(R) HD Graphics 630' (Feature Level 11_0)
[2019.07.15-20.02.09:190][  0]LogD3D11RHI:       128/0/6086 MB DedicatedVideo/DedicatedSystem/SharedSystem, Outputs:0, VendorId:0x8086
[2019.07.15-20.02.09:201][  0]LogD3D11RHI:    2. 'Microsoft Basic Render Driver' (Feature Level 11_0)
[2019.07.15-20.02.09:201][  0]LogD3D11RHI:       0/0/6086 MB DedicatedVideo/DedicatedSystem/SharedSystem, Outputs:0, VendorId:0x1414
[2019.07.15-20.02.09:201][  0]LogD3D11RHI: Chosen D3D11 Adapter: 0
[2019.07.15-20.02.09:232][  0]LogD3D11RHI: Creating new Direct3DDevice
[2019.07.15-20.02.09:232][  0]LogD3D11RHI:     GPU DeviceId: 0x1c8d (for the marketing name, search the web for "GPU Device Id")
[2019.07.15-20.02.09:232][  0]LogWindows: EnumDisplayDevices:
[2019.07.15-20.02.09:233][  0]LogWindows:    0. 'Intel(R) HD Graphics 630' (P:1 D:1)
[2019.07.15-20.02.09:234][  0]LogWindows:    1. 'Intel(R) HD Graphics 630' (P:0 D:0)
[2019.07.15-20.02.09:236][  0]LogWindows:    2. 'Intel(R) HD Graphics 630' (P:0 D:0)
[2019.07.15-20.02.09:237][  0]LogWindows:    3. 'NVIDIA GeForce GTX 1050' (P:0 D:0)
[2019.07.15-20.02.09:238][  0]LogWindows: DebugString: PrimaryIsNotTheChoosenAdapter PrimaryIsNotTheChoosenAdapter PrimaryIsNotTheChoosenAdapter 
[2019.07.15-20.02.09:238][  0]LogD3D11RHI:     Adapter Name: NVIDIA GeForce GTX 1050
[2019.07.15-20.02.09:238][  0]LogD3D11RHI:   Driver Version: 430.64 (internal:26.21.14.3064, unified:430.64)
[2019.07.15-20.02.09:238][  0]LogD3D11RHI:      Driver Date: 5-5-2019
[2019.07.15-20.02.09:238][  0]LogRHI: Texture pool is 2813 MB (70% of 4019 MB)
[2019.07.15-20.02.09:355][  0]LogD3D11RHI: Async texture creation enabled
[2019.07.15-20.02.09:381][  0]LogRendererCore: FGlobalReadBuffer::InitRHI
[2019.07.15-20.02.09:382][  0]LogRendererCore: FGlobalReadBuffer::InitRHI
[2019.07.15-20.02.09:382][  0]LogRendererCore: FGlobalReadBuffer::InitRHI
[2019.07.15-20.02.09:396][  0]LogD3D11RHI: GPU Timing Frequency: 1000.000000 (Debug: 2 1)
[2019.07.15-20.02.10:529][  0]LogTemp: Display: Module 'AllDesktopTargetPlatform' loaded TargetPlatform 'AllDesktop'
[2019.07.15-20.02.10:562][  0]LogTemp: Display: Module 'MacClientTargetPlatform' loaded TargetPlatform 'MacClient'
[2019.07.15-20.02.10:595][  0]LogTemp: Display: Module 'MacNoEditorTargetPlatform' loaded TargetPlatform 'MacNoEditor'
[2019.07.15-20.02.10:635][  0]LogTemp: Display: Module 'MacServerTargetPlatform' loaded TargetPlatform 'MacServer'
[2019.07.15-20.02.10:693][  0]LogTemp: Display: Module 'MacTargetPlatform' loaded TargetPlatform 'Mac'
[2019.07.15-20.02.10:753][  0]LogTemp: Display: Module 'WindowsClientTargetPlatform' loaded TargetPlatform 'WindowsClient'
[2019.07.15-20.02.10:819][  0]LogTemp: Display: Module 'WindowsNoEditorTargetPlatform' loaded TargetPlatform 'WindowsNoEditor'
[2019.07.15-20.02.10:891][  0]LogTemp: Display: Module 'WindowsServerTargetPlatform' loaded TargetPlatform 'WindowsServer'
[2019.07.15-20.02.10:925][  0]LogTemp: Display: Module 'WindowsTargetPlatform' loaded TargetPlatform 'Windows'
[2019.07.15-20.02.11:334][  0]LogTemp: Display: Module 'AndroidTargetPlatform' loaded TargetPlatform 'Android'
[2019.07.15-20.02.11:334][  0]LogTemp: Display: Module 'AndroidTargetPlatform' loaded TargetPlatform 'Android_ASTC'
[2019.07.15-20.02.11:334][  0]LogTemp: Display: Module 'AndroidTargetPlatform' loaded TargetPlatform 'Android_ATC'
[2019.07.15-20.02.11:334][  0]LogTemp: Display: Module 'AndroidTargetPlatform' loaded TargetPlatform 'Android_DXT'
[2019.07.15-20.02.11:334][  0]LogTemp: Display: Module 'AndroidTargetPlatform' loaded TargetPlatform 'Android_ETC1'
[2019.07.15-20.02.11:334][  0]LogTemp: Display: Module 'AndroidTargetPlatform' loaded TargetPlatform 'Android_ETC1a'
[2019.07.15-20.02.11:334][  0]LogTemp: Display: Module 'AndroidTargetPlatform' loaded TargetPlatform 'Android_ETC2'
[2019.07.15-20.02.11:334][  0]LogTemp: Display: Module 'AndroidTargetPlatform' loaded TargetPlatform 'Android_PVRTC'
[2019.07.15-20.02.11:334][  0]LogTemp: Display: Module 'AndroidTargetPlatform' loaded TargetPlatform 'AndroidClient'
[2019.07.15-20.02.11:334][  0]LogTemp: Display: Module 'AndroidTargetPlatform' loaded TargetPlatform 'Android_ASTCClient'
[2019.07.15-20.02.11:335][  0]LogTemp: Display: Module 'AndroidTargetPlatform' loaded TargetPlatform 'Android_ATCClient'
[2019.07.15-20.02.11:335][  0]LogTemp: Display: Module 'AndroidTargetPlatform' loaded TargetPlatform 'Android_DXTClient'
[2019.07.15-20.02.11:335][  0]LogTemp: Display: Module 'AndroidTargetPlatform' loaded TargetPlatform 'Android_ETC1Client'
[2019.07.15-20.02.11:335][  0]LogTemp: Display: Module 'AndroidTargetPlatform' loaded TargetPlatform 'Android_ETC1aClient'
[2019.07.15-20.02.11:335][  0]LogTemp: Display: Module 'AndroidTargetPlatform' loaded TargetPlatform 'Android_ETC2Client'
[2019.07.15-20.02.11:335][  0]LogTemp: Display: Module 'AndroidTargetPlatform' loaded TargetPlatform 'Android_PVRTCClient'
[2019.07.15-20.02.11:335][  0]LogTemp: Display: Module 'AndroidTargetPlatform' loaded TargetPlatform 'Android_Multi'
[2019.07.15-20.02.11:335][  0]LogTemp: Display: Module 'AndroidTargetPlatform' loaded TargetPlatform 'Android_MultiClient'
[2019.07.15-20.02.11:342][  0]LogTemp: Display: Module 'HTML5TargetPlatform' loaded TargetPlatform 'HTML5'
[2019.07.15-20.02.11:503][  0]LogTemp: Display: Module 'IOSTargetPlatform' loaded TargetPlatform 'IOSClient'
[2019.07.15-20.02.11:503][  0]LogTemp: Display: Module 'IOSTargetPlatform' loaded TargetPlatform 'IOS'
[2019.07.15-20.02.11:623][  0]LogTemp: Display: Module 'TVOSTargetPlatform' loaded TargetPlatform 'TVOSClient'
[2019.07.15-20.02.11:623][  0]LogTemp: Display: Module 'TVOSTargetPlatform' loaded TargetPlatform 'TVOS'
[2019.07.15-20.02.11:686][  0]LogTemp: Display: Module 'LinuxClientTargetPlatform' loaded TargetPlatform 'LinuxClient'
[2019.07.15-20.02.11:749][  0]LogTemp: Display: Module 'LinuxNoEditorTargetPlatform' loaded TargetPlatform 'LinuxNoEditor'
[2019.07.15-20.02.11:805][  0]LogTemp: Display: Module 'LinuxServerTargetPlatform' loaded TargetPlatform 'LinuxServer'
[2019.07.15-20.02.11:871][  0]LogTemp: Display: Module 'LinuxTargetPlatform' loaded TargetPlatform 'Linux'
[2019.07.15-20.02.12:105][  0]LogTemp: Display: Module 'LuminTargetPlatform' loaded TargetPlatform 'Lumin'
[2019.07.15-20.02.12:105][  0]LogTemp: Display: Module 'LuminTargetPlatform' loaded TargetPlatform 'LuminClient'
[2019.07.15-20.02.12:105][  0]LogTargetPlatformManager: Display: Building Assets For Windows
[2019.07.15-20.02.12:152][  0]LogAudioDebug: Display: Lib vorbis DLL was dynamically loaded.
[2019.07.15-20.02.12:410][  0]LogShaderCompilers: Guid format shader working directory is -29 characters bigger than the processId version (../../../../../../Users/carla/Desktop/GitHub/FloorPlan/FloorPlanDemo2 4.22/Intermediate/Shaders/WorkingDirectory/18684/).
[2019.07.15-20.02.12:411][  0]LogShaderCompilers: Cleaned the shader compiler working directory 'C:/Users/carla/AppData/Local/Temp/UnrealShaderWorkingDir/208042824B7EFE661D778186B21D9B0E/'.
[2019.07.15-20.02.12:420][  0]LogXGEController: Cannot use XGE Controller as Incredibuild is not installed on this machine.
[2019.07.15-20.02.12:420][  0]LogShaderCompilers: Cannot use XGE Shader Compiler as Incredibuild is not installed on this machine.
[2019.07.15-20.02.12:420][  0]LogShaderCompilers: Display: Using Local Shader Compiler.
[2019.07.15-20.02.14:337][  0]LogDerivedDataCache: Display: Max Cache Size: 512 MB
[2019.07.15-20.02.14:487][  0]LogDerivedDataCache: Loaded boot cache 0.15s 71MB C:/Users/carla/AppData/Local/UnrealEngine/4.22/DerivedDataCache/Boot.ddc.
[2019.07.15-20.02.14:487][  0]LogDerivedDataCache: Display: Loaded Boot cache: C:/Users/carla/AppData/Local/UnrealEngine/4.22/DerivedDataCache/Boot.ddc
[2019.07.15-20.02.14:487][  0]LogDerivedDataCache: FDerivedDataBackendGraph:  Pak pak cache file ../../../../../../Users/carla/Desktop/GitHub/FloorPlan/FloorPlanDemo2 4.22/DerivedDataCache/DDC.ddp not found, will not use a pak cache.
[2019.07.15-20.02.14:487][  0]LogDerivedDataCache: Unable to find inner node Pak for hierarchical cache Hierarchy.
[2019.07.15-20.02.14:487][  0]LogDerivedDataCache: FDerivedDataBackendGraph:  CompressedPak pak cache file ../../../../../../Users/carla/Desktop/GitHub/FloorPlan/FloorPlanDemo2 4.22/DerivedDataCache/Compressed.ddp not found, will not use a pak cache.
[2019.07.15-20.02.14:487][  0]LogDerivedDataCache: Unable to find inner node CompressedPak for hierarchical cache Hierarchy.
[2019.07.15-20.02.14:520][  0]LogDerivedDataCache: Display: Pak cache opened for reading ../../../Engine/DerivedDataCache/Compressed.ddp.
[2019.07.15-20.02.14:532][  0]LogDerivedDataCache: Display: Pak cache opened for reading ../../../Enterprise/DerivedDataCache/Compressed.ddp.
[2019.07.15-20.02.14:547][  0]LogDerivedDataCache: Using Local data cache path C:/Users/carla/AppData/Local/UnrealEngine/Common/DerivedDataCache: Writable
[2019.07.15-20.02.14:547][  0]LogDerivedDataCache: Shared data cache path not found in *engine.ini, will not use an Shared cache.
[2019.07.15-20.02.14:547][  0]LogDerivedDataCache: Unable to find inner node Shared for hierarchical cache Hierarchy.
[2019.07.15-20.02.14:623][  0]LogMaterial: Verifying Global Shaders for PCD3D_SM5
[2019.07.15-20.02.14:626][  0]LogSlate: Using FreeType 2.6.0
[2019.07.15-20.02.14:628][  0]LogSlate: SlateFontServices - WITH_FREETYPE: 1, WITH_HARFBUZZ: 1
[2019.07.15-20.02.14:884][  0]LogAssetRegistry: FAssetRegistry took 0.0641 seconds to start up
[2019.07.15-20.02.15:934][  0]LogInit: Selected Device Profile: [Windows]
[2019.07.15-20.02.16:447][  0]LogMeshReduction: Using QuadricMeshReduction for automatic static mesh reduction
[2019.07.15-20.02.16:447][  0]LogMeshReduction: Using SimplygonMeshReduction for automatic skeletal mesh reduction
[2019.07.15-20.02.16:447][  0]LogMeshReduction: Using ProxyLODMeshReduction for automatic mesh merging
[2019.07.15-20.02.16:447][  0]LogMeshReduction: No distributed automatic mesh merging module available
[2019.07.15-20.02.16:447][  0]LogMeshMerging: No distributed automatic mesh merging module available
[2019.07.15-20.02.16:482][  0]LogNetVersion: FloorPlanDemo2 1.0.0, NetCL: 5660361, EngineNetVer: 10, GameNetVer: 0 (Checksum: 1413269697)
[2019.07.15-20.02.18:004][  0]LogPackageLocalizationCache: Processed 10 localized package path(s) for 1 prioritized culture(s) in 0.194060 seconds
[2019.07.15-20.02.18:021][  0]LogUObjectArray: 42205 objects as part of root set at end of initial load.
[2019.07.15-20.02.18:022][  0]LogUObjectAllocator: 7325032 out of 0 bytes used by permanent object pool.
[2019.07.15-20.02.18:022][  0]LogUObjectArray: CloseDisregardForGC: 0/0 objects in disregard for GC pool
[2019.07.15-20.02.21:065][  0]LogTcpMessaging: Initializing TcpMessaging bridge
[2019.07.15-20.02.21:082][  0]LogUdpMessaging: Initializing bridge on interface 0.0.0.0:0 to multicast group 230.0.0.1:6666.
[2019.07.15-20.02.21:374][  0]SourceControl: Source control is disabled
[2019.07.15-20.02.21:375][  0]SourceControl: Source control is disabled
[2019.07.15-20.02.21:381][  0]SourceControl: Source control is disabled
[2019.07.15-20.02.21:386][  0]SourceControl: Source control is disabled
[2019.07.15-20.02.21:663][  0]LogAndroidPermission: UAndroidPermissionCallbackProxy::GetInstance
[2019.07.15-20.02.21:997][  0]LogOcInput: OculusInput pre-init called
[2019.07.15-20.02.24:447][  0]LogEngine: Initializing Engine...
[2019.07.15-20.02.24:450][  0]LogHMD: Failed to initialize OpenVR with code 110
[2019.07.15-20.02.24:453][  0]LogStats: UGameplayTagsManager::InitializeManager -  0.000 s
[2019.07.15-20.02.25:039][  0]LogInit: Initializing FReadOnlyCVARCache
[2019.07.15-20.02.25:082][  0]LogAIModule: Creating AISystem for world Untitled
[2019.07.15-20.02.25:244][  0]LogInit: XAudio2 using 'Speakers (High Definition Audio Device)' : 2 channels at 48 kHz using 16 bits per sample (channel mask 0x3)
[2019.07.15-20.02.25:291][  0]LogInit: FAudioDevice initialized.
[2019.07.15-20.02.25:291][  0]LogNetVersion: Set ProjectVersion to 1.0.0.0. Version Checksum will be recalculated on next use.
[2019.07.15-20.02.25:512][  0]LogDerivedDataCache: Saved boot cache 0.22s 71MB C:/Users/carla/AppData/Local/UnrealEngine/4.22/DerivedDataCache/Boot.ddc.
[2019.07.15-20.02.25:530][  0]LogInit: Texture streaming: Enabled
[2019.07.15-20.02.25:598][  0]LogEngineSessionManager: EngineSessionManager initialized
[2019.07.15-20.02.25:678][  0]LogInit: Transaction tracking system initialized
[2019.07.15-20.02.25:811][  0]BlueprintLog: New page: Editor Load
[2019.07.15-20.02.26:071][  0]LocalizationService: Localization service is disabled
[2019.07.15-20.02.27:045][  0]LogFileCache: Scanning file cache for directory 'C:/Users/carla/Desktop/GitHub/FloorPlan/FloorPlanDemo2 4.22/Content/' took 0.04s
[2019.07.15-20.02.27:045][  0]LogCook: Display: Max memory allowance for cook 16384mb min free memory 0mb
[2019.07.15-20.02.27:045][  0]LogCook: Display: Mobile HDR setting 1
[2019.07.15-20.02.27:579][  0]SourceControl: Source control is disabled
[2019.07.15-20.02.27:579][  0]Cmd: MAP LOAD FILE="../../../../../../Users/carla/Desktop/GitHub/FloorPlan/FloorPlanDemo2 4.22/Content/ThirdPersonBP/Maps/ThirdPersonExampleMap.umap" TEMPLATE=0 SHOWPROGRESS=1 FEATURELEVEL=3
[2019.07.15-20.02.27:580][  0]LightingResults: New page: Lighting Build
[2019.07.15-20.02.27:587][  0]MapCheck: New page: Map Check
[2019.07.15-20.02.27:588][  0]LightingResults: New page: Lighting Build
[2019.07.15-20.02.27:648][  0]LogUObjectHash: Compacting FUObjectHashTables data took   4.44ms
[2019.07.15-20.02.28:752][  0]LogAIModule: Creating AISystem for world ThirdPersonExampleMap
[2019.07.15-20.02.28:815][  0]LogEditorServer: Finished looking for orphan Actors (0.000 secs)
[2019.07.15-20.02.28:912][  0]LogUObjectHash: Compacting FUObjectHashTables data took   3.54ms
[2019.07.15-20.02.28:912][  0]Cmd: MAP CHECKDEP NOCLEARLOG
[2019.07.15-20.02.28:912][  0]MapCheck: Map check complete: 0 Error(s), 0 Warning(s), took 0.373ms to complete.
[2019.07.15-20.02.28:912][  0]LogFileHelpers: Loading map 'ThirdPersonExampleMap' took 1.333
[2019.07.15-20.02.29:244][  0]LogSlate: Updating window title bar state: overlay mode, drag disabled, window buttons hidden, title bar hidden
[2019.07.15-20.02.29:265][  0]LogSlate: Updating window title bar state: overlay mode, drag disabled, window buttons hidden, title bar hidden
[2019.07.15-20.02.29:290][  0]LogSlate: Updating window title bar state: overlay mode, drag disabled, window buttons hidden, title bar hidden
[2019.07.15-20.02.29:314][  0]LogSlate: Updating window title bar state: overlay mode, drag disabled, window buttons hidden, title bar hidden
[2019.07.15-20.02.29:347][  0]LogCollectionManager: Loaded 0 collections in 0.007069 seconds
[2019.07.15-20.02.29:376][  0]LogFileCache: Scanning file cache for directory 'C:/Users/carla/Desktop/GitHub/FloorPlan/FloorPlanDemo2 4.22/Saved/Collections/' took 0.01s
[2019.07.15-20.02.29:376][  0]LogFileCache: Scanning file cache for directory 'C:/Users/carla/Desktop/GitHub/FloorPlan/FloorPlanDemo2 4.22/Content/Developers/carla/Collections/' took 0.00s
[2019.07.15-20.02.29:376][  0]LogFileCache: Scanning file cache for directory 'C:/Users/carla/Desktop/GitHub/FloorPlan/FloorPlanDemo2 4.22/Content/Collections/' took 0.00s
[2019.07.15-20.02.29:376][  0]LogCollectionManager: Rebuilt the GUID cache for 0 collections in 0.000001 seconds
[2019.07.15-20.02.29:404][  0]LogContentBrowser: Native class hierarchy populated in 0.0271 seconds. Added 2732 classes and 659 folders.
[2019.07.15-20.02.29:441][  0]LogContentBrowser: Native class hierarchy updated for 'WidgetCarousel' in 0.0009 seconds. Added 0 classes and 0 folders.
[2019.07.15-20.02.29:513][  0]LogPakFile: Registered encryption key '00000000000000000000000000000000': 0 pak files mounted, 0 remain pending
[2019.07.15-20.02.29:515][  0]LogPakFile: Registered encryption key '00000000000000000000000000000000': 0 pak files mounted, 0 remain pending
[2019.07.15-20.02.29:516][  0]LogPakFile: Registered encryption key '00000000000000000000000000000000': 0 pak files mounted, 0 remain pending
[2019.07.15-20.02.29:517][  0]LogPakFile: Registered encryption key '00000000000000000000000000000000': 0 pak files mounted, 0 remain pending
[2019.07.15-20.02.29:519][  0]LogPakFile: Registered encryption key '00000000000000000000000000000000': 0 pak files mounted, 0 remain pending
[2019.07.15-20.02.29:521][  0]LogPakFile: Registered encryption key '00000000000000000000000000000000': 0 pak files mounted, 0 remain pending
[2019.07.15-20.02.29:524][  0]LogPakFile: Registered encryption key '00000000000000000000000000000000': 0 pak files mounted, 0 remain pending
[2019.07.15-20.02.29:526][  0]LogPakFile: Registered encryption key '00000000000000000000000000000000': 0 pak files mounted, 0 remain pending
[2019.07.15-20.02.29:527][  0]LogPakFile: Registered encryption key '00000000000000000000000000000000': 0 pak files mounted, 0 remain pending
[2019.07.15-20.02.29:529][  0]LogPakFile: Registered encryption key '00000000000000000000000000000000': 0 pak files mounted, 0 remain pending
[2019.07.15-20.02.29:530][  0]LogPakFile: Registered encryption key '00000000000000000000000000000000': 0 pak files mounted, 0 remain pending
[2019.07.15-20.02.29:532][  0]LogPakFile: Registered encryption key '00000000000000000000000000000000': 0 pak files mounted, 0 remain pending
[2019.07.15-20.02.29:533][  0]LogPakFile: Registered encryption key '00000000000000000000000000000000': 0 pak files mounted, 0 remain pending
[2019.07.15-20.02.29:535][  0]LogPakFile: Registered encryption key '00000000000000000000000000000000': 0 pak files mounted, 0 remain pending
[2019.07.15-20.02.29:536][  0]LogPakFile: Registered encryption key '00000000000000000000000000000000': 0 pak files mounted, 0 remain pending
[2019.07.15-20.02.29:538][  0]LogPakFile: Registered encryption key '00000000000000000000000000000000': 0 pak files mounted, 0 remain pending
[2019.07.15-20.02.29:542][  0]LogPakFile: Registered encryption key '00000000000000000000000000000000': 0 pak files mounted, 0 remain pending
[2019.07.15-20.02.29:544][  0]LogPakFile: Registered encryption key '00000000000000000000000000000000': 0 pak files mounted, 0 remain pending
[2019.07.15-20.02.29:545][  0]LogPakFile: Registered encryption key '00000000000000000000000000000000': 0 pak files mounted, 0 remain pending
[2019.07.15-20.02.29:546][  0]LogPakFile: Registered encryption key '00000000000000000000000000000000': 0 pak files mounted, 0 remain pending
[2019.07.15-20.02.29:548][  0]LogPakFile: Registered encryption key '00000000000000000000000000000000': 0 pak files mounted, 0 remain pending
[2019.07.15-20.02.29:549][  0]LogPakFile: Registered encryption key '00000000000000000000000000000000': 0 pak files mounted, 0 remain pending
[2019.07.15-20.02.29:550][  0]LogPakFile: Registered encryption key '00000000000000000000000000000000': 0 pak files mounted, 0 remain pending
[2019.07.15-20.02.29:552][  0]LogPakFile: Registered encryption key '00000000000000000000000000000000': 0 pak files mounted, 0 remain pending
[2019.07.15-20.02.29:554][  0]LogPakFile: Registered encryption key '00000000000000000000000000000000': 0 pak files mounted, 0 remain pending
[2019.07.15-20.02.29:558][  0]LogPakFile: Registered encryption key '00000000000000000000000000000000': 0 pak files mounted, 0 remain pending
[2019.07.15-20.02.29:560][  0]LogPakFile: Registered encryption key '00000000000000000000000000000000': 0 pak files mounted, 0 remain pending
[2019.07.15-20.02.29:561][  0]LogPakFile: Registered encryption key '00000000000000000000000000000000': 0 pak files mounted, 0 remain pending
[2019.07.15-20.02.30:731][  0]LogContentBrowser: Native class hierarchy updated for 'AddContentDialog' in 0.0012 seconds. Added 0 classes and 0 folders.
[2019.07.15-20.02.30:762][  0]LogContentBrowser: Native class hierarchy updated for 'SceneOutliner' in 0.0014 seconds. Added 1 classes and 2 folders.
[2019.07.15-20.02.30:824][  0]LogSlate: Took 0.000647 seconds to synchronously load lazily loaded font '../../../Engine/Content/Slate/Fonts/Roboto-Regular.ttf' (155K)
[2019.07.15-20.02.30:836][  0]LogSlate: Took 0.000698 seconds to synchronously load lazily loaded font '../../../Engine/Content/Slate/Fonts/Roboto-Bold.ttf' (160K)
[2019.07.15-20.02.30:917][  0]LogSlate: Took 0.045776 seconds to synchronously load lazily loaded font '../../../Engine/Content/Editor/Slate/Fonts/FontAwesome.ttf' (139K)
[2019.07.15-20.02.31:194][  0]LogRenderer: Reallocating scene render targets to support 908x436 Format 10 NumSamples 1 (Frame:1).
[2019.07.15-20.02.31:422][  0]LogSlate: Took 0.030552 seconds to synchronously load lazily loaded font '../../../Engine/Content/Slate/Fonts/Roboto-Light.ttf' (167K)
[2019.07.15-20.02.31:913][  0]LogContentBrowser: Native class hierarchy updated for 'HierarchicalLODOutliner' in 0.0007 seconds. Added 0 classes and 0 folders.
[2019.07.15-20.02.31:913][  0]LogLoad: (Engine Initialization) Total time: 30.57 seconds
[2019.07.15-20.02.31:914][  0]LogLoad: (Engine Initialization) Total Blueprint compile time: 0.00 seconds
[2019.07.15-20.02.32:158][  0]LogContentStreaming: Texture pool size now 1000 MB
[2019.07.15-20.02.32:283][  1]LogAssetRegistry: Asset discovery search completed in 17.4227 seconds
[2019.07.15-20.02.32:290][  1]LogCollectionManager: Rebuilt the object cache for 0 collections in 0.000001 seconds (found 0 objects)
[2019.07.15-20.02.32:290][  1]LogCollectionManager: Fixed up redirectors for 0 collections in 0.000098 seconds (updated 0 objects)
[2019.07.15-20.02.36:340][ 94]LogSlate: FSceneViewport::OnFocusLost() reason 0
[2019.07.15-20.02.47:127][188]LogSlate: Took 0.000542 seconds to synchronously load lazily loaded font '../../../Engine/Content/Slate/Fonts/Roboto-Light.ttf' (167K)
[2019.07.15-20.02.47:232][188]LogAIModule: Creating AISystem for world NewWorld
[2019.07.15-20.02.51:190][273]LogUObjectHash: Compacting FUObjectHashTables data took   2.51ms
[2019.07.15-20.02.53:993][273]LogSlate: Window 'Delete Assets' being destroyed
[2019.07.15-20.02.54:390][273]LogUObjectHash: Compacting FUObjectHashTables data took   1.41ms
[2019.07.15-20.02.54:438][273]LogUObjectHash: Compacting FUObjectHashTables data took   0.84ms
[2019.07.15-20.02.54:478][273]LogUObjectHash: Compacting FUObjectHashTables data took   0.81ms
[2019.07.15-20.03.06:618][552]LogAIModule: Creating AISystem for world ThirdPersonExampleMap1
[2019.07.15-20.03.06:727][552]LogAssetEditorManager: Opening Asset editor for World /Game/ThirdPersonBP/Maps/ThirdPersonExampleMap1.ThirdPersonExampleMap1
[2019.07.15-20.03.06:815][552]LogUObjectHash: Compacting FUObjectHashTables data took   4.77ms
[2019.07.15-20.03.06:817][552]Cmd: MAP LOAD FILE="../../../../../../Users/carla/Desktop/GitHub/FloorPlan/FloorPlanDemo2 4.22/Content/ThirdPersonBP/Maps/ThirdPersonExampleMap1.umap" TEMPLATE=0 SHOWPROGRESS=1 FEATURELEVEL=3
[2019.07.15-20.03.06:818][552]LightingResults: New page: Lighting Build
[2019.07.15-20.03.06:819][552]LoadErrors: New page: Loading map: ThirdPersonExampleMap1.umap
[2019.07.15-20.03.06:822][552]MapCheck: New page: Map Check
[2019.07.15-20.03.06:822][552]LightingResults: New page: Lighting Build
[2019.07.15-20.03.06:873][552]LogUObjectHash: Compacting FUObjectHashTables data took   2.75ms
[2019.07.15-20.03.06:887][552]LogEditorServer: Finished looking for orphan Actors (0.000 secs)
[2019.07.15-20.03.06:934][552]LogUObjectHash: Compacting FUObjectHashTables data took   2.27ms
[2019.07.15-20.03.06:973][552]Cmd: MAP CHECKDEP NOCLEARLOG
[2019.07.15-20.03.06:974][552]MapCheck: Map check complete: 0 Error(s), 0 Warning(s), took 0.308ms to complete.
[2019.07.15-20.03.06:974][552]LogFileHelpers: Loading map 'ThirdPersonExampleMap1' took 0.158
[2019.07.15-20.04.31:963][798]LogUnrealEdMisc: Warning: Heartbeat event firing too frequently (9.282 sec). This should never happen. Something is wrong with the timer delegate!
[2019.07.15-20.04.50:413][224]LogD3D11RHI: Timed out while waiting for GPU to catch up. (0.5 s)
[2019.07.15-20.04.50:745][224]LogD3D11RHI: Error: Result failed 
 at D:\Build\++UE4\Sync\Engine\Source\Runtime\Windows\D3D11RHI\Private\D3D11Query.cpp:296 
 with error DXGI_ERROR_DEVICE_REMOVED DXGI_ERROR_DEVICE_HUNG
[2019.07.15-20.04.50:745][224]LogD3D11RHI: [Aftermath] GDynamicRHI=000001E20049E0C0, GDX11NVAfterMathEnabled=0, Result=0xFFFFFFFF, bDeviceActive=0
[2019.07.15-20.04.51:134][224]LogWindows: Windows GetLastError: The operation completed successfully. (0)
[2019.07.15-20.05.21:144][224]LogOutputDevice: Warning: 

Script Stack (0 frames):

[2019.07.15-20.05.21:145][224]LogWindows: Windows GetLastError: The operation completed successfully. (0)
[2019.07.15-20.05.21:188][224]LogThreadingWindows: Error: Runnable thread RenderThread 1 crashed.
[2019.07.15-20.05.21:188][224]LogWindows: Error: === Critical error: ===
[2019.07.15-20.05.21:188][224]LogWindows: Error: 
[2019.07.15-20.05.21:188][224]LogWindows: Error: Assertion failed: Result >= 0 [File:D:\Build\++UE4\Sync\Engine\Source\Runtime\RHI\Private\PipelineStateCache.cpp] [Line: 1053] 
[2019.07.15-20.05.21:188][224]LogWindows: Error: 
[2019.07.15-20.05.21:188][224]LogWindows: Error: 
[2019.07.15-20.05.21:188][224]LogWindows: Error: 
[2019.07.15-20.05.21:188][224]LogWindows: Error: 
[2019.07.15-20.05.21:188][224]LogWindows: Error: Crash in runnable thread RenderThread 1
[2019.07.15-20.05.21:340][224]LogWindows: Error: HandleError re-entered.
[2019.07.15-20.05.21:375][224]LogWindows: FPlatformMisc::RequestExit(1)
[2019.07.15-20.05.21:434][224]LogExit: Executing StaticShutdownAfterError
[2019.07.15-20.05.21:522][224]Log file closed, 07/15/19 16:05:21
